Classic Timing Analyzer report for part5
Thu Feb 24 13:55:35 2011
Quartus II Version 9.1 Build 222 10/21/2009 SJ Full Version


---------------------
; Table of Contents ;
---------------------
  1. Legal Notice
  2. Timing Analyzer Summary
  3. Timing Analyzer Settings
  4. Clock Settings Summary
  5. Parallel Compilation
  6. Clock Setup: 'KEY[1]'
  7. tsu
  8. tco
  9. tpd
 10. th
 11. Timing Analyzer Messages



----------------
; Legal Notice ;
----------------
Copyright (C) 1991-2009 Altera Corporation
Your use of Altera Corporation's design tools, logic functions 
and other software and tools, and its AMPP partner logic 
functions, and any output files from any of the foregoing 
(including device programming or simulation files), and any 
associated documentation or information are expressly subject 
to the terms and conditions of the Altera Program License 
Subscription Agreement, Altera MegaCore Function License 
Agreement, or other applicable license agreement, including, 
without limitation, that your use is for the sole purpose of 
programming logic devices manufactured by Altera and sold by 
Altera or its authorized distributors.  Please refer to the 
applicable agreement for further details.



+------------------------------------------------------------------------------------------------------------------------------------------------------------------------------------+
; Timing Analyzer Summary                                                                                                                                                            ;
+------------------------------+-------+---------------+------------------------------------------------+------------------+------------------+------------+----------+--------------+
; Type                         ; Slack ; Required Time ; Actual Time                                    ; From             ; To               ; From Clock ; To Clock ; Failed Paths ;
+------------------------------+-------+---------------+------------------------------------------------+------------------+------------------+------------+----------+--------------+
; Worst-case tsu               ; N/A   ; None          ; 4.436 ns                                       ; SW[15]           ; posEdge:m0|Q[15] ; --         ; KEY[1]   ; 0            ;
; Worst-case tco               ; N/A   ; None          ; 10.850 ns                                      ; posEdge:m1|Q[14] ; HEX7[6]          ; KEY[1]     ; --       ; 0            ;
; Worst-case tpd               ; N/A   ; None          ; 9.832 ns                                       ; SW[15]           ; LEDR[15]         ; --         ; --       ; 0            ;
; Worst-case th                ; N/A   ; None          ; 0.461 ns                                       ; SW[5]            ; posEdge:m0|Q[5]  ; --         ; KEY[1]   ; 0            ;
; Clock Setup: 'KEY[1]'        ; N/A   ; None          ; Restricted to 450.05 MHz ( period = 2.222 ns ) ; posEdge:m0|Q[1]  ; posEdge:m1|Q[1]  ; KEY[1]     ; KEY[1]   ; 0            ;
; Total number of failed paths ;       ;               ;                                                ;                  ;                  ;            ;          ; 0            ;
+------------------------------+-------+---------------+------------------------------------------------+------------------+------------------+------------+----------+--------------+


+-----------------------------------------------------------------------------------------------------------------------------------------------------+
; Timing Analyzer Settings                                                                                                                            ;
+------------------------------------------------------------------------------------------------------+--------------------+------+----+-------------+
; Option                                                                                               ; Setting            ; From ; To ; Entity Name ;
+------------------------------------------------------------------------------------------------------+--------------------+------+----+-------------+
; Device Name                                                                                          ; EP2C35F672C6       ;      ;    ;             ;
; Timing Models                                                                                        ; Final              ;      ;    ;             ;
; Default hold multicycle                                                                              ; Same as Multicycle ;      ;    ;             ;
; Cut paths between unrelated clock domains                                                            ; On                 ;      ;    ;             ;
; Cut off read during write signal paths                                                               ; On                 ;      ;    ;             ;
; Cut off feedback from I/O pins                                                                       ; On                 ;      ;    ;             ;
; Report Combined Fast/Slow Timing                                                                     ; Off                ;      ;    ;             ;
; Ignore Clock Settings                                                                                ; Off                ;      ;    ;             ;
; Analyze latches as synchronous elements                                                              ; On                 ;      ;    ;             ;
; Enable Recovery/Removal analysis                                                                     ; Off                ;      ;    ;             ;
; Enable Clock Latency                                                                                 ; Off                ;      ;    ;             ;
; Use TimeQuest Timing Analyzer                                                                        ; Off                ;      ;    ;             ;
; Minimum Core Junction Temperature                                                                    ; 0                  ;      ;    ;             ;
; Maximum Core Junction Temperature                                                                    ; 85                 ;      ;    ;             ;
; Number of source nodes to report per destination node                                                ; 10                 ;      ;    ;             ;
; Number of destination nodes to report                                                                ; 10                 ;      ;    ;             ;
; Number of paths to report                                                                            ; 200                ;      ;    ;             ;
; Report Minimum Timing Checks                                                                         ; Off                ;      ;    ;             ;
; Use Fast Timing Models                                                                               ; Off                ;      ;    ;             ;
; Report IO Paths Separately                                                                           ; Off                ;      ;    ;             ;
; Perform Multicorner Analysis                                                                         ; On                 ;      ;    ;             ;
; Reports the worst-case path for each clock domain and analysis                                       ; Off                ;      ;    ;             ;
; Reports worst-case timing paths for each clock domain and analysis                                   ; On                 ;      ;    ;             ;
; Specifies the maximum number of worst-case timing paths to report for each clock domain and analysis ; 100                ;      ;    ;             ;
; Removes common clock path pessimism (CCPP) during slack computation                                  ; Off                ;      ;    ;             ;
; Output I/O Timing Endpoint                                                                           ; Near End           ;      ;    ;             ;
+------------------------------------------------------------------------------------------------------+--------------------+------+----+-------------+


+------------------------------------------------------------------------------------------------------------------------------------------------------------------------------------+
; Clock Settings Summary                                                                                                                                                             ;
+-----------------+--------------------+----------+------------------+---------------+--------------+----------+-----------------------+---------------------+--------+--------------+
; Clock Node Name ; Clock Setting Name ; Type     ; Fmax Requirement ; Early Latency ; Late Latency ; Based on ; Multiply Base Fmax by ; Divide Base Fmax by ; Offset ; Phase offset ;
+-----------------+--------------------+----------+------------------+---------------+--------------+----------+-----------------------+---------------------+--------+--------------+
; KEY[1]          ;                    ; User Pin ; None             ; 0.000 ns      ; 0.000 ns     ; --       ; N/A                   ; N/A                 ; N/A    ;              ;
+-----------------+--------------------+----------+------------------+---------------+--------------+----------+-----------------------+---------------------+--------+--------------+


+------------------------------------------+
; Parallel Compilation                     ;
+----------------------------+-------------+
; Processors                 ; Number      ;
+----------------------------+-------------+
; Number detected on machine ; 2           ;
; Maximum allowed            ; 2           ;
;                            ;             ;
; Average used               ; 1.00        ;
; Maximum used               ; 1           ;
;                            ;             ;
; Usage by Processor         ; % Time Used ;
;     1 processor            ; 100.0%      ;
;     2 processors           ;   0.0%      ;
+----------------------------+-------------+


+----------------------------------------------------------------------------------------------------------------------------------------------------------------------------------------------------------+
; Clock Setup: 'KEY[1]'                                                                                                                                                                                    ;
+-------+------------------------------------------------+------------------+------------------+------------+----------+-----------------------------+---------------------------+-------------------------+
; Slack ; Actual fmax (period)                           ; From             ; To               ; From Clock ; To Clock ; Required Setup Relationship ; Required Longest P2P Time ; Actual Longest P2P Time ;
+-------+------------------------------------------------+------------------+------------------+------------+----------+-----------------------------+---------------------------+-------------------------+
; N/A   ; Restricted to 450.05 MHz ( period = 2.222 ns ) ; posEdge:m0|Q[0]  ; posEdge:m1|Q[0]  ; KEY[1]     ; KEY[1]   ; None                        ; None                      ; 0.746 ns                ;
; N/A   ; Restricted to 450.05 MHz ( period = 2.222 ns ) ; posEdge:m0|Q[1]  ; posEdge:m1|Q[1]  ; KEY[1]     ; KEY[1]   ; None                        ; None                      ; 0.746 ns                ;
; N/A   ; Restricted to 450.05 MHz ( period = 2.222 ns ) ; posEdge:m0|Q[2]  ; posEdge:m1|Q[2]  ; KEY[1]     ; KEY[1]   ; None                        ; None                      ; 0.731 ns                ;
; N/A   ; Restricted to 450.05 MHz ( period = 2.222 ns ) ; posEdge:m0|Q[8]  ; posEdge:m1|Q[8]  ; KEY[1]     ; KEY[1]   ; None                        ; None                      ; 0.729 ns                ;
; N/A   ; Restricted to 450.05 MHz ( period = 2.222 ns ) ; posEdge:m0|Q[3]  ; posEdge:m1|Q[3]  ; KEY[1]     ; KEY[1]   ; None                        ; None                      ; 0.727 ns                ;
; N/A   ; Restricted to 450.05 MHz ( period = 2.222 ns ) ; posEdge:m0|Q[12] ; posEdge:m1|Q[12] ; KEY[1]     ; KEY[1]   ; None                        ; None                      ; 0.726 ns                ;
; N/A   ; Restricted to 450.05 MHz ( period = 2.222 ns ) ; posEdge:m0|Q[14] ; posEdge:m1|Q[14] ; KEY[1]     ; KEY[1]   ; None                        ; None                      ; 0.723 ns                ;
; N/A   ; Restricted to 450.05 MHz ( period = 2.222 ns ) ; posEdge:m0|Q[9]  ; posEdge:m1|Q[9]  ; KEY[1]     ; KEY[1]   ; None                        ; None                      ; 0.717 ns                ;
; N/A   ; Restricted to 450.05 MHz ( period = 2.222 ns ) ; posEdge:m0|Q[10] ; posEdge:m1|Q[10] ; KEY[1]     ; KEY[1]   ; None                        ; None                      ; 0.715 ns                ;
; N/A   ; Restricted to 450.05 MHz ( period = 2.222 ns ) ; posEdge:m0|Q[6]  ; posEdge:m1|Q[6]  ; KEY[1]     ; KEY[1]   ; None                        ; None                      ; 0.714 ns                ;
; N/A   ; Restricted to 450.05 MHz ( period = 2.222 ns ) ; posEdge:m0|Q[11] ; posEdge:m1|Q[11] ; KEY[1]     ; KEY[1]   ; None                        ; None                      ; 0.712 ns                ;
; N/A   ; Restricted to 450.05 MHz ( period = 2.222 ns ) ; posEdge:m0|Q[4]  ; posEdge:m1|Q[4]  ; KEY[1]     ; KEY[1]   ; None                        ; None                      ; 0.711 ns                ;
; N/A   ; Restricted to 450.05 MHz ( period = 2.222 ns ) ; posEdge:m0|Q[13] ; posEdge:m1|Q[13] ; KEY[1]     ; KEY[1]   ; None                        ; None                      ; 0.710 ns                ;
; N/A   ; Restricted to 450.05 MHz ( period = 2.222 ns ) ; posEdge:m0|Q[15] ; posEdge:m1|Q[15] ; KEY[1]     ; KEY[1]   ; None                        ; None                      ; 0.709 ns                ;
; N/A   ; Restricted to 450.05 MHz ( period = 2.222 ns ) ; posEdge:m0|Q[5]  ; posEdge:m1|Q[5]  ; KEY[1]     ; KEY[1]   ; None                        ; None                      ; 0.705 ns                ;
; N/A   ; Restricted to 450.05 MHz ( period = 2.222 ns ) ; posEdge:m0|Q[7]  ; posEdge:m1|Q[7]  ; KEY[1]     ; KEY[1]   ; None                        ; None                      ; 0.703 ns                ;
+-------+------------------------------------------------+------------------+------------------+------------+----------+-----------------------------+---------------------------+-------------------------+


+--------------------------------------------------------------------------+
; tsu                                                                      ;
+-------+--------------+------------+--------+------------------+----------+
; Slack ; Required tsu ; Actual tsu ; From   ; To               ; To Clock ;
+-------+--------------+------------+--------+------------------+----------+
; N/A   ; None         ; 4.436 ns   ; SW[15] ; posEdge:m0|Q[15] ; KEY[1]   ;
; N/A   ; None         ; 4.211 ns   ; SW[14] ; posEdge:m0|Q[14] ; KEY[1]   ;
; N/A   ; None         ; 4.205 ns   ; SW[13] ; posEdge:m0|Q[13] ; KEY[1]   ;
; N/A   ; None         ; 1.156 ns   ; SW[1]  ; posEdge:m0|Q[1]  ; KEY[1]   ;
; N/A   ; None         ; 1.042 ns   ; SW[8]  ; posEdge:m0|Q[8]  ; KEY[1]   ;
; N/A   ; None         ; 0.880 ns   ; SW[7]  ; posEdge:m0|Q[7]  ; KEY[1]   ;
; N/A   ; None         ; 0.867 ns   ; SW[10] ; posEdge:m0|Q[10] ; KEY[1]   ;
; N/A   ; None         ; 0.778 ns   ; SW[12] ; posEdge:m0|Q[12] ; KEY[1]   ;
; N/A   ; None         ; 0.734 ns   ; SW[0]  ; posEdge:m0|Q[0]  ; KEY[1]   ;
; N/A   ; None         ; 0.733 ns   ; SW[2]  ; posEdge:m0|Q[2]  ; KEY[1]   ;
; N/A   ; None         ; 0.687 ns   ; SW[11] ; posEdge:m0|Q[11] ; KEY[1]   ;
; N/A   ; None         ; 0.529 ns   ; SW[9]  ; posEdge:m0|Q[9]  ; KEY[1]   ;
; N/A   ; None         ; 0.123 ns   ; SW[3]  ; posEdge:m0|Q[3]  ; KEY[1]   ;
; N/A   ; None         ; 0.060 ns   ; SW[4]  ; posEdge:m0|Q[4]  ; KEY[1]   ;
; N/A   ; None         ; 0.008 ns   ; SW[6]  ; posEdge:m0|Q[6]  ; KEY[1]   ;
; N/A   ; None         ; -0.231 ns  ; SW[5]  ; posEdge:m0|Q[5]  ; KEY[1]   ;
+-------+--------------+------------+--------+------------------+----------+


+------------------------------------------------------------------------------------------------------------------------------------------------------+
; tco                                                                                                                                                  ;
+-----------------------------------------+-----------------------------------------------------+------------+------------------+---------+------------+
; Slack                                   ; Required tco                                        ; Actual tco ; From             ; To      ; From Clock ;
+-----------------------------------------+-----------------------------------------------------+------------+------------------+---------+------------+
; N/A                                     ; None                                                ; 10.850 ns  ; posEdge:m1|Q[14] ; HEX7[6] ; KEY[1]     ;
; N/A                                     ; None                                                ; 10.694 ns  ; posEdge:m1|Q[13] ; HEX7[6] ; KEY[1]     ;
; N/A                                     ; None                                                ; 10.656 ns  ; posEdge:m1|Q[12] ; HEX7[6] ; KEY[1]     ;
; N/A                                     ; None                                                ; 10.463 ns  ; posEdge:m0|Q[11] ; HEX2[0] ; KEY[1]     ;
; N/A                                     ; None                                                ; 10.384 ns  ; posEdge:m1|Q[15] ; HEX7[6] ; KEY[1]     ;
; N/A                                     ; None                                                ; 10.333 ns  ; posEdge:m1|Q[13] ; HEX7[3] ; KEY[1]     ;
; N/A                                     ; None                                                ; 10.263 ns  ; posEdge:m1|Q[14] ; HEX7[0] ; KEY[1]     ;
; N/A                                     ; None                                                ; 10.260 ns  ; posEdge:m1|Q[13] ; HEX7[2] ; KEY[1]     ;
; N/A                                     ; None                                                ; 10.208 ns  ; posEdge:m0|Q[11] ; HEX2[4] ; KEY[1]     ;
; N/A                                     ; None                                                ; 10.112 ns  ; posEdge:m0|Q[4]  ; HEX1[1] ; KEY[1]     ;
; N/A                                     ; None                                                ; 10.092 ns  ; posEdge:m1|Q[5]  ; HEX5[6] ; KEY[1]     ;
; N/A                                     ; None                                                ; 10.086 ns  ; posEdge:m0|Q[6]  ; HEX1[1] ; KEY[1]     ;
; N/A                                     ; None                                                ; 10.065 ns  ; posEdge:m1|Q[14] ; HEX7[3] ; KEY[1]     ;
; N/A                                     ; None                                                ; 10.035 ns  ; posEdge:m1|Q[13] ; HEX7[0] ; KEY[1]     ;
; N/A                                     ; None                                                ; 10.024 ns  ; posEdge:m1|Q[12] ; HEX7[2] ; KEY[1]     ;
; N/A                                     ; None                                                ; 10.010 ns  ; posEdge:m0|Q[11] ; HEX2[5] ; KEY[1]     ;
; N/A                                     ; None                                                ; 9.961 ns   ; posEdge:m1|Q[4]  ; HEX5[6] ; KEY[1]     ;
; N/A                                     ; None                                                ; 9.949 ns   ; posEdge:m1|Q[14] ; HEX7[4] ; KEY[1]     ;
; N/A                                     ; None                                                ; 9.917 ns   ; posEdge:m1|Q[6]  ; HEX5[6] ; KEY[1]     ;
; N/A                                     ; None                                                ; 9.898 ns   ; posEdge:m0|Q[7]  ; HEX1[0] ; KEY[1]     ;
; N/A                                     ; None                                                ; 9.890 ns   ; posEdge:m1|Q[11] ; HEX6[5] ; KEY[1]     ;
; N/A                                     ; None                                                ; 9.890 ns   ; posEdge:m0|Q[9]  ; HEX2[3] ; KEY[1]     ;
; N/A                                     ; None                                                ; 9.889 ns   ; posEdge:m1|Q[7]  ; HEX5[6] ; KEY[1]     ;
; N/A                                     ; None                                                ; 9.888 ns   ; posEdge:m0|Q[4]  ; HEX1[3] ; KEY[1]     ;
; N/A                                     ; None                                                ; 9.859 ns   ; posEdge:m0|Q[8]  ; HEX2[3] ; KEY[1]     ;
; N/A                                     ; None                                                ; 9.852 ns   ; posEdge:m1|Q[6]  ; HEX5[1] ; KEY[1]     ;
; N/A                                     ; None                                                ; 9.852 ns   ; posEdge:m0|Q[6]  ; HEX1[0] ; KEY[1]     ;
; N/A                                     ; None                                                ; 9.850 ns   ; posEdge:m1|Q[12] ; HEX7[3] ; KEY[1]     ;
; N/A                                     ; None                                                ; 9.840 ns   ; posEdge:m0|Q[7]  ; HEX1[1] ; KEY[1]     ;
; N/A                                     ; None                                                ; 9.800 ns   ; posEdge:m1|Q[4]  ; HEX5[1] ; KEY[1]     ;
; N/A                                     ; None                                                ; 9.798 ns   ; posEdge:m1|Q[5]  ; HEX5[0] ; KEY[1]     ;
; N/A                                     ; None                                                ; 9.798 ns   ; posEdge:m0|Q[10] ; HEX2[3] ; KEY[1]     ;
; N/A                                     ; None                                                ; 9.797 ns   ; posEdge:m1|Q[15] ; HEX7[0] ; KEY[1]     ;
; N/A                                     ; None                                                ; 9.786 ns   ; posEdge:m1|Q[13] ; HEX7[4] ; KEY[1]     ;
; N/A                                     ; None                                                ; 9.775 ns   ; posEdge:m1|Q[15] ; HEX7[2] ; KEY[1]     ;
; N/A                                     ; None                                                ; 9.771 ns   ; posEdge:m1|Q[5]  ; HEX5[2] ; KEY[1]     ;
; N/A                                     ; None                                                ; 9.754 ns   ; posEdge:m1|Q[12] ; HEX7[4] ; KEY[1]     ;
; N/A                                     ; None                                                ; 9.667 ns   ; posEdge:m1|Q[11] ; HEX6[4] ; KEY[1]     ;
; N/A                                     ; None                                                ; 9.663 ns   ; posEdge:m1|Q[11] ; HEX6[0] ; KEY[1]     ;
; N/A                                     ; None                                                ; 9.659 ns   ; posEdge:m1|Q[15] ; HEX7[3] ; KEY[1]     ;
; N/A                                     ; None                                                ; 9.650 ns   ; posEdge:m0|Q[7]  ; HEX1[2] ; KEY[1]     ;
; N/A                                     ; None                                                ; 9.630 ns   ; posEdge:m0|Q[11] ; HEX2[1] ; KEY[1]     ;
; N/A                                     ; None                                                ; 9.606 ns   ; posEdge:m1|Q[12] ; HEX7[0] ; KEY[1]     ;
; N/A                                     ; None                                                ; 9.586 ns   ; posEdge:m1|Q[14] ; HEX7[5] ; KEY[1]     ;
; N/A                                     ; None                                                ; 9.586 ns   ; posEdge:m1|Q[14] ; HEX7[2] ; KEY[1]     ;
; N/A                                     ; None                                                ; 9.580 ns   ; posEdge:m1|Q[10] ; HEX6[5] ; KEY[1]     ;
; N/A                                     ; None                                                ; 9.576 ns   ; posEdge:m0|Q[5]  ; HEX1[0] ; KEY[1]     ;
; N/A                                     ; None                                                ; 9.545 ns   ; posEdge:m1|Q[10] ; HEX6[3] ; KEY[1]     ;
; N/A                                     ; None                                                ; 9.537 ns   ; posEdge:m1|Q[5]  ; HEX5[4] ; KEY[1]     ;
; N/A                                     ; None                                                ; 9.535 ns   ; posEdge:m1|Q[5]  ; HEX5[5] ; KEY[1]     ;
; N/A                                     ; None                                                ; 9.533 ns   ; posEdge:m1|Q[7]  ; HEX5[1] ; KEY[1]     ;
; N/A                                     ; None                                                ; 9.518 ns   ; posEdge:m1|Q[1]  ; HEX4[2] ; KEY[1]     ;
; N/A                                     ; None                                                ; 9.492 ns   ; posEdge:m1|Q[7]  ; HEX5[0] ; KEY[1]     ;
; N/A                                     ; None                                                ; 9.482 ns   ; posEdge:m1|Q[15] ; HEX7[4] ; KEY[1]     ;
; N/A                                     ; None                                                ; 9.462 ns   ; posEdge:m0|Q[9]  ; HEX2[0] ; KEY[1]     ;
; N/A                                     ; None                                                ; 9.459 ns   ; posEdge:m1|Q[11] ; HEX6[1] ; KEY[1]     ;
; N/A                                     ; None                                                ; 9.430 ns   ; posEdge:m0|Q[4]  ; HEX1[2] ; KEY[1]     ;
; N/A                                     ; None                                                ; 9.427 ns   ; posEdge:m1|Q[13] ; HEX7[5] ; KEY[1]     ;
; N/A                                     ; None                                                ; 9.406 ns   ; posEdge:m0|Q[11] ; HEX2[3] ; KEY[1]     ;
; N/A                                     ; None                                                ; 9.401 ns   ; posEdge:m1|Q[4]  ; HEX5[5] ; KEY[1]     ;
; N/A                                     ; None                                                ; 9.392 ns   ; posEdge:m1|Q[12] ; HEX7[5] ; KEY[1]     ;
; N/A                                     ; None                                                ; 9.371 ns   ; posEdge:m1|Q[10] ; HEX6[4] ; KEY[1]     ;
; N/A                                     ; None                                                ; 9.370 ns   ; posEdge:m1|Q[4]  ; HEX5[4] ; KEY[1]     ;
; N/A                                     ; None                                                ; 9.368 ns   ; posEdge:m0|Q[10] ; HEX2[0] ; KEY[1]     ;
; N/A                                     ; None                                                ; 9.368 ns   ; posEdge:m0|Q[5]  ; HEX1[2] ; KEY[1]     ;
; N/A                                     ; None                                                ; 9.360 ns   ; posEdge:m1|Q[6]  ; HEX5[5] ; KEY[1]     ;
; N/A                                     ; None                                                ; 9.356 ns   ; posEdge:m1|Q[6]  ; HEX5[4] ; KEY[1]     ;
; N/A                                     ; None                                                ; 9.353 ns   ; posEdge:m0|Q[9]  ; HEX2[4] ; KEY[1]     ;
; N/A                                     ; None                                                ; 9.338 ns   ; posEdge:m1|Q[7]  ; HEX5[5] ; KEY[1]     ;
; N/A                                     ; None                                                ; 9.338 ns   ; posEdge:m1|Q[7]  ; HEX5[4] ; KEY[1]     ;
; N/A                                     ; None                                                ; 9.334 ns   ; posEdge:m1|Q[9]  ; HEX6[5] ; KEY[1]     ;
; N/A                                     ; None                                                ; 9.318 ns   ; posEdge:m1|Q[3]  ; HEX4[2] ; KEY[1]     ;
; N/A                                     ; None                                                ; 9.317 ns   ; posEdge:m0|Q[4]  ; HEX1[6] ; KEY[1]     ;
; N/A                                     ; None                                                ; 9.315 ns   ; posEdge:m0|Q[8]  ; HEX2[4] ; KEY[1]     ;
; N/A                                     ; None                                                ; 9.307 ns   ; posEdge:m1|Q[4]  ; HEX5[2] ; KEY[1]     ;
; N/A                                     ; None                                                ; 9.298 ns   ; posEdge:m1|Q[9]  ; HEX6[3] ; KEY[1]     ;
; N/A                                     ; None                                                ; 9.286 ns   ; posEdge:m1|Q[7]  ; HEX5[2] ; KEY[1]     ;
; N/A                                     ; None                                                ; 9.283 ns   ; posEdge:m0|Q[6]  ; HEX1[6] ; KEY[1]     ;
; N/A                                     ; None                                                ; 9.274 ns   ; posEdge:m1|Q[11] ; HEX6[6] ; KEY[1]     ;
; N/A                                     ; None                                                ; 9.273 ns   ; posEdge:m0|Q[6]  ; HEX1[3] ; KEY[1]     ;
; N/A                                     ; None                                                ; 9.258 ns   ; posEdge:m0|Q[10] ; HEX2[4] ; KEY[1]     ;
; N/A                                     ; None                                                ; 9.254 ns   ; posEdge:m0|Q[13] ; HEX3[5] ; KEY[1]     ;
; N/A                                     ; None                                                ; 9.246 ns   ; posEdge:m0|Q[5]  ; HEX1[1] ; KEY[1]     ;
; N/A                                     ; None                                                ; 9.235 ns   ; posEdge:m0|Q[5]  ; HEX1[6] ; KEY[1]     ;
; N/A                                     ; None                                                ; 9.222 ns   ; posEdge:m0|Q[5]  ; HEX1[3] ; KEY[1]     ;
; N/A                                     ; None                                                ; 9.214 ns   ; posEdge:m1|Q[6]  ; HEX5[0] ; KEY[1]     ;
; N/A                                     ; None                                                ; 9.209 ns   ; posEdge:m1|Q[10] ; HEX6[0] ; KEY[1]     ;
; N/A                                     ; None                                                ; 9.193 ns   ; posEdge:m1|Q[11] ; HEX6[2] ; KEY[1]     ;
; N/A                                     ; None                                                ; 9.188 ns   ; posEdge:m1|Q[0]  ; HEX4[5] ; KEY[1]     ;
; N/A                                     ; None                                                ; 9.187 ns   ; posEdge:m1|Q[9]  ; HEX6[2] ; KEY[1]     ;
; N/A                                     ; None                                                ; 9.175 ns   ; posEdge:m0|Q[11] ; HEX2[6] ; KEY[1]     ;
; N/A                                     ; None                                                ; 9.157 ns   ; posEdge:m0|Q[9]  ; HEX2[5] ; KEY[1]     ;
; N/A                                     ; None                                                ; 9.147 ns   ; posEdge:m0|Q[8]  ; HEX2[1] ; KEY[1]     ;
; N/A                                     ; None                                                ; 9.138 ns   ; posEdge:m1|Q[1]  ; HEX4[3] ; KEY[1]     ;
; N/A                                     ; None                                                ; 9.124 ns   ; posEdge:m1|Q[9]  ; HEX6[4] ; KEY[1]     ;
; N/A                                     ; None                                                ; 9.123 ns   ; posEdge:m0|Q[8]  ; HEX2[5] ; KEY[1]     ;
; N/A                                     ; None                                                ; 9.121 ns   ; posEdge:m1|Q[15] ; HEX7[5] ; KEY[1]     ;
; N/A                                     ; None                                                ; 9.108 ns   ; posEdge:m1|Q[14] ; HEX7[1] ; KEY[1]     ;
; N/A                                     ; None                                                ; 9.099 ns   ; posEdge:m0|Q[11] ; HEX2[2] ; KEY[1]     ;
; N/A                                     ; None                                                ; 9.085 ns   ; posEdge:m0|Q[10] ; HEX2[1] ; KEY[1]     ;
; N/A                                     ; None                                                ; 9.062 ns   ; posEdge:m0|Q[10] ; HEX2[5] ; KEY[1]     ;
; N/A                                     ; None                                                ; 9.056 ns   ; posEdge:m1|Q[8]  ; HEX6[5] ; KEY[1]     ;
; N/A                                     ; None                                                ; 9.034 ns   ; posEdge:m0|Q[7]  ; HEX1[6] ; KEY[1]     ;
; N/A                                     ; None                                                ; 9.032 ns   ; posEdge:m0|Q[14] ; HEX3[5] ; KEY[1]     ;
; N/A                                     ; None                                                ; 9.030 ns   ; posEdge:m1|Q[2]  ; HEX4[5] ; KEY[1]     ;
; N/A                                     ; None                                                ; 9.024 ns   ; posEdge:m1|Q[0]  ; HEX4[2] ; KEY[1]     ;
; N/A                                     ; None                                                ; 9.019 ns   ; posEdge:m1|Q[8]  ; HEX6[3] ; KEY[1]     ;
; N/A                                     ; None                                                ; 9.005 ns   ; posEdge:m0|Q[4]  ; HEX1[4] ; KEY[1]     ;
; N/A                                     ; None                                                ; 9.004 ns   ; posEdge:m0|Q[4]  ; HEX1[0] ; KEY[1]     ;
; N/A                                     ; None                                                ; 9.003 ns   ; posEdge:m1|Q[10] ; HEX6[1] ; KEY[1]     ;
; N/A                                     ; None                                                ; 9.000 ns   ; posEdge:m0|Q[6]  ; HEX1[4] ; KEY[1]     ;
; N/A                                     ; None                                                ; 8.977 ns   ; posEdge:m0|Q[8]  ; HEX2[0] ; KEY[1]     ;
; N/A                                     ; None                                                ; 8.976 ns   ; posEdge:m1|Q[3]  ; HEX4[5] ; KEY[1]     ;
; N/A                                     ; None                                                ; 8.974 ns   ; posEdge:m1|Q[5]  ; HEX5[1] ; KEY[1]     ;
; N/A                                     ; None                                                ; 8.962 ns   ; posEdge:m1|Q[10] ; HEX6[6] ; KEY[1]     ;
; N/A                                     ; None                                                ; 8.961 ns   ; posEdge:m0|Q[12] ; HEX3[1] ; KEY[1]     ;
; N/A                                     ; None                                                ; 8.953 ns   ; posEdge:m0|Q[15] ; HEX3[5] ; KEY[1]     ;
; N/A                                     ; None                                                ; 8.953 ns   ; posEdge:m0|Q[9]  ; HEX2[2] ; KEY[1]     ;
; N/A                                     ; None                                                ; 8.953 ns   ; posEdge:m0|Q[5]  ; HEX1[4] ; KEY[1]     ;
; N/A                                     ; None                                                ; 8.939 ns   ; posEdge:m0|Q[13] ; HEX3[0] ; KEY[1]     ;
; N/A                                     ; None                                                ; 8.923 ns   ; posEdge:m1|Q[2]  ; HEX4[3] ; KEY[1]     ;
; N/A                                     ; None                                                ; 8.921 ns   ; posEdge:m0|Q[14] ; HEX3[1] ; KEY[1]     ;
; N/A                                     ; None                                                ; 8.916 ns   ; posEdge:m1|Q[12] ; HEX7[1] ; KEY[1]     ;
; N/A                                     ; None                                                ; 8.910 ns   ; posEdge:m1|Q[8]  ; HEX6[2] ; KEY[1]     ;
; N/A                                     ; None                                                ; 8.901 ns   ; posEdge:m0|Q[12] ; HEX3[5] ; KEY[1]     ;
; N/A                                     ; None                                                ; 8.892 ns   ; posEdge:m0|Q[8]  ; HEX2[2] ; KEY[1]     ;
; N/A                                     ; None                                                ; 8.878 ns   ; posEdge:m1|Q[2]  ; HEX4[2] ; KEY[1]     ;
; N/A                                     ; None                                                ; 8.857 ns   ; posEdge:m1|Q[11] ; HEX6[3] ; KEY[1]     ;
; N/A                                     ; None                                                ; 8.845 ns   ; posEdge:m1|Q[8]  ; HEX6[4] ; KEY[1]     ;
; N/A                                     ; None                                                ; 8.841 ns   ; posEdge:m0|Q[15] ; HEX3[1] ; KEY[1]     ;
; N/A                                     ; None                                                ; 8.836 ns   ; posEdge:m1|Q[4]  ; HEX5[3] ; KEY[1]     ;
; N/A                                     ; None                                                ; 8.826 ns   ; posEdge:m1|Q[5]  ; HEX5[3] ; KEY[1]     ;
; N/A                                     ; None                                                ; 8.798 ns   ; posEdge:m0|Q[6]  ; HEX1[2] ; KEY[1]     ;
; N/A                                     ; None                                                ; 8.764 ns   ; posEdge:m0|Q[7]  ; HEX1[4] ; KEY[1]     ;
; N/A                                     ; None                                                ; 8.751 ns   ; posEdge:m1|Q[10] ; HEX6[2] ; KEY[1]     ;
; N/A                                     ; None                                                ; 8.735 ns   ; posEdge:m0|Q[14] ; HEX3[0] ; KEY[1]     ;
; N/A                                     ; None                                                ; 8.717 ns   ; posEdge:m1|Q[9]  ; HEX6[6] ; KEY[1]     ;
; N/A                                     ; None                                                ; 8.694 ns   ; posEdge:m1|Q[1]  ; HEX4[5] ; KEY[1]     ;
; N/A                                     ; None                                                ; 8.689 ns   ; posEdge:m1|Q[9]  ; HEX6[0] ; KEY[1]     ;
; N/A                                     ; None                                                ; 8.689 ns   ; posEdge:m0|Q[9]  ; HEX2[1] ; KEY[1]     ;
; N/A                                     ; None                                                ; 8.686 ns   ; posEdge:m1|Q[6]  ; HEX5[2] ; KEY[1]     ;
; N/A                                     ; None                                                ; 8.650 ns   ; posEdge:m0|Q[15] ; HEX3[0] ; KEY[1]     ;
; N/A                                     ; None                                                ; 8.647 ns   ; posEdge:m1|Q[6]  ; HEX5[3] ; KEY[1]     ;
; N/A                                     ; None                                                ; 8.647 ns   ; posEdge:m1|Q[4]  ; HEX5[0] ; KEY[1]     ;
; N/A                                     ; None                                                ; 8.645 ns   ; posEdge:m1|Q[0]  ; HEX4[3] ; KEY[1]     ;
; N/A                                     ; None                                                ; 8.642 ns   ; posEdge:m1|Q[0]  ; HEX4[6] ; KEY[1]     ;
; N/A                                     ; None                                                ; 8.638 ns   ; posEdge:m1|Q[15] ; HEX7[1] ; KEY[1]     ;
; N/A                                     ; None                                                ; 8.607 ns   ; posEdge:m1|Q[1]  ; HEX4[0] ; KEY[1]     ;
; N/A                                     ; None                                                ; 8.600 ns   ; posEdge:m0|Q[7]  ; HEX1[3] ; KEY[1]     ;
; N/A                                     ; None                                                ; 8.582 ns   ; posEdge:m0|Q[13] ; HEX3[6] ; KEY[1]     ;
; N/A                                     ; None                                                ; 8.534 ns   ; posEdge:m0|Q[4]  ; HEX1[5] ; KEY[1]     ;
; N/A                                     ; None                                                ; 8.527 ns   ; posEdge:m1|Q[8]  ; HEX6[0] ; KEY[1]     ;
; N/A                                     ; None                                                ; 8.503 ns   ; posEdge:m0|Q[6]  ; HEX1[5] ; KEY[1]     ;
; N/A                                     ; None                                                ; 8.496 ns   ; posEdge:m1|Q[3]  ; HEX4[3] ; KEY[1]     ;
; N/A                                     ; None                                                ; 8.487 ns   ; posEdge:m1|Q[2]  ; HEX4[1] ; KEY[1]     ;
; N/A                                     ; None                                                ; 8.486 ns   ; posEdge:m1|Q[2]  ; HEX4[6] ; KEY[1]     ;
; N/A                                     ; None                                                ; 8.485 ns   ; posEdge:m0|Q[15] ; HEX3[2] ; KEY[1]     ;
; N/A                                     ; None                                                ; 8.482 ns   ; posEdge:m1|Q[8]  ; HEX6[1] ; KEY[1]     ;
; N/A                                     ; None                                                ; 8.473 ns   ; posEdge:m0|Q[13] ; HEX3[1] ; KEY[1]     ;
; N/A                                     ; None                                                ; 8.467 ns   ; posEdge:m0|Q[10] ; HEX2[2] ; KEY[1]     ;
; N/A                                     ; None                                                ; 8.453 ns   ; posEdge:m0|Q[5]  ; HEX1[5] ; KEY[1]     ;
; N/A                                     ; None                                                ; 8.451 ns   ; posEdge:m1|Q[13] ; HEX7[1] ; KEY[1]     ;
; N/A                                     ; None                                                ; 8.437 ns   ; posEdge:m1|Q[8]  ; HEX6[6] ; KEY[1]     ;
; N/A                                     ; None                                                ; 8.426 ns   ; posEdge:m1|Q[3]  ; HEX4[6] ; KEY[1]     ;
; N/A                                     ; None                                                ; 8.413 ns   ; posEdge:m1|Q[2]  ; HEX4[0] ; KEY[1]     ;
; N/A                                     ; None                                                ; 8.361 ns   ; posEdge:m0|Q[14] ; HEX3[6] ; KEY[1]     ;
; N/A                                     ; None                                                ; 8.335 ns   ; posEdge:m0|Q[12] ; HEX3[2] ; KEY[1]     ;
; N/A                                     ; None                                                ; 8.323 ns   ; posEdge:m1|Q[9]  ; HEX6[1] ; KEY[1]     ;
; N/A                                     ; None                                                ; 8.315 ns   ; posEdge:m0|Q[9]  ; HEX2[6] ; KEY[1]     ;
; N/A                                     ; None                                                ; 8.314 ns   ; posEdge:m0|Q[13] ; HEX3[4] ; KEY[1]     ;
; N/A                                     ; None                                                ; 8.286 ns   ; posEdge:m0|Q[12] ; HEX3[0] ; KEY[1]     ;
; N/A                                     ; None                                                ; 8.285 ns   ; posEdge:m0|Q[8]  ; HEX2[6] ; KEY[1]     ;
; N/A                                     ; None                                                ; 8.280 ns   ; posEdge:m0|Q[15] ; HEX3[6] ; KEY[1]     ;
; N/A                                     ; None                                                ; 8.262 ns   ; posEdge:m1|Q[3]  ; HEX4[1] ; KEY[1]     ;
; N/A                                     ; None                                                ; 8.260 ns   ; posEdge:m0|Q[7]  ; HEX1[5] ; KEY[1]     ;
; N/A                                     ; None                                                ; 8.233 ns   ; posEdge:m1|Q[0]  ; HEX4[4] ; KEY[1]     ;
; N/A                                     ; None                                                ; 8.228 ns   ; posEdge:m0|Q[12] ; HEX3[6] ; KEY[1]     ;
; N/A                                     ; None                                                ; 8.223 ns   ; posEdge:m0|Q[10] ; HEX2[6] ; KEY[1]     ;
; N/A                                     ; None                                                ; 8.214 ns   ; posEdge:m0|Q[13] ; HEX3[2] ; KEY[1]     ;
; N/A                                     ; None                                                ; 8.159 ns   ; posEdge:m1|Q[3]  ; HEX4[0] ; KEY[1]     ;
; N/A                                     ; None                                                ; 8.149 ns   ; posEdge:m1|Q[1]  ; HEX4[6] ; KEY[1]     ;
; N/A                                     ; None                                                ; 8.089 ns   ; posEdge:m0|Q[14] ; HEX3[4] ; KEY[1]     ;
; N/A                                     ; None                                                ; 8.077 ns   ; posEdge:m1|Q[2]  ; HEX4[4] ; KEY[1]     ;
; N/A                                     ; None                                                ; 8.066 ns   ; posEdge:m0|Q[12] ; HEX3[3] ; KEY[1]     ;
; N/A                                     ; None                                                ; 8.035 ns   ; posEdge:m0|Q[14] ; HEX3[3] ; KEY[1]     ;
; N/A                                     ; None                                                ; 8.030 ns   ; posEdge:m1|Q[3]  ; HEX4[4] ; KEY[1]     ;
; N/A                                     ; None                                                ; 8.001 ns   ; posEdge:m0|Q[15] ; HEX3[4] ; KEY[1]     ;
; N/A                                     ; None                                                ; 7.991 ns   ; posEdge:m1|Q[0]  ; HEX4[0] ; KEY[1]     ;
; N/A                                     ; None                                                ; 7.984 ns   ; posEdge:m1|Q[7]  ; HEX5[3] ; KEY[1]     ;
; N/A                                     ; None                                                ; 7.970 ns   ; posEdge:m1|Q[0]  ; HEX4[1] ; KEY[1]     ;
; N/A                                     ; None                                                ; 7.954 ns   ; posEdge:m0|Q[13] ; HEX3[3] ; KEY[1]     ;
; N/A                                     ; None                                                ; 7.912 ns   ; posEdge:m0|Q[12] ; HEX3[4] ; KEY[1]     ;
; N/A                                     ; None                                                ; 7.847 ns   ; posEdge:m0|Q[14] ; HEX3[2] ; KEY[1]     ;
; N/A                                     ; None                                                ; 7.823 ns   ; posEdge:m1|Q[1]  ; HEX4[1] ; KEY[1]     ;
; N/A                                     ; None                                                ; 7.744 ns   ; posEdge:m1|Q[1]  ; HEX4[4] ; KEY[1]     ;
; N/A                                     ; None                                                ; 7.685 ns   ; posEdge:m0|Q[3]  ; HEX0[0] ; KEY[1]     ;
; N/A                                     ; None                                                ; 7.672 ns   ; posEdge:m0|Q[1]  ; HEX0[0] ; KEY[1]     ;
; N/A                                     ; None                                                ; 7.659 ns   ; posEdge:m0|Q[3]  ; HEX0[2] ; KEY[1]     ;
; N/A                                     ; None                                                ; 7.642 ns   ; posEdge:m0|Q[1]  ; HEX0[2] ; KEY[1]     ;
; N/A                                     ; None                                                ; 7.629 ns   ; posEdge:m0|Q[3]  ; HEX0[1] ; KEY[1]     ;
; Timing analysis restricted to 200 rows. ; To change the limit use Settings (Assignments menu) ;            ;                  ;         ;            ;
+-----------------------------------------+-----------------------------------------------------+------------+------------------+---------+------------+


+-----------------------------------------------------------------+
; tpd                                                             ;
+-------+-------------------+-----------------+--------+----------+
; Slack ; Required P2P Time ; Actual P2P Time ; From   ; To       ;
+-------+-------------------+-----------------+--------+----------+
; N/A   ; None              ; 9.832 ns        ; SW[15] ; LEDR[15] ;
; N/A   ; None              ; 9.753 ns        ; SW[13] ; LEDR[13] ;
; N/A   ; None              ; 9.615 ns        ; SW[16] ; LEDR[16] ;
; N/A   ; None              ; 9.596 ns        ; SW[17] ; LEDR[17] ;
; N/A   ; None              ; 9.416 ns        ; SW[14] ; LEDR[14] ;
; N/A   ; None              ; 6.453 ns        ; SW[8]  ; LEDR[8]  ;
; N/A   ; None              ; 6.368 ns        ; SW[7]  ; LEDR[7]  ;
; N/A   ; None              ; 6.347 ns        ; SW[9]  ; LEDR[9]  ;
; N/A   ; None              ; 5.902 ns        ; SW[10] ; LEDR[10] ;
; N/A   ; None              ; 5.886 ns        ; SW[1]  ; LEDR[1]  ;
; N/A   ; None              ; 5.868 ns        ; SW[11] ; LEDR[11] ;
; N/A   ; None              ; 5.707 ns        ; SW[12] ; LEDR[12] ;
; N/A   ; None              ; 5.702 ns        ; SW[5]  ; LEDR[5]  ;
; N/A   ; None              ; 5.611 ns        ; SW[0]  ; LEDR[0]  ;
; N/A   ; None              ; 5.425 ns        ; SW[3]  ; LEDR[3]  ;
; N/A   ; None              ; 5.404 ns        ; SW[6]  ; LEDR[6]  ;
; N/A   ; None              ; 5.280 ns        ; SW[4]  ; LEDR[4]  ;
; N/A   ; None              ; 5.135 ns        ; SW[2]  ; LEDR[2]  ;
+-------+-------------------+-----------------+--------+----------+


+--------------------------------------------------------------------------------+
; th                                                                             ;
+---------------+-------------+-----------+--------+------------------+----------+
; Minimum Slack ; Required th ; Actual th ; From   ; To               ; To Clock ;
+---------------+-------------+-----------+--------+------------------+----------+
; N/A           ; None        ; 0.461 ns  ; SW[5]  ; posEdge:m0|Q[5]  ; KEY[1]   ;
; N/A           ; None        ; 0.222 ns  ; SW[6]  ; posEdge:m0|Q[6]  ; KEY[1]   ;
; N/A           ; None        ; 0.170 ns  ; SW[4]  ; posEdge:m0|Q[4]  ; KEY[1]   ;
; N/A           ; None        ; 0.107 ns  ; SW[3]  ; posEdge:m0|Q[3]  ; KEY[1]   ;
; N/A           ; None        ; -0.299 ns ; SW[9]  ; posEdge:m0|Q[9]  ; KEY[1]   ;
; N/A           ; None        ; -0.457 ns ; SW[11] ; posEdge:m0|Q[11] ; KEY[1]   ;
; N/A           ; None        ; -0.503 ns ; SW[2]  ; posEdge:m0|Q[2]  ; KEY[1]   ;
; N/A           ; None        ; -0.504 ns ; SW[0]  ; posEdge:m0|Q[0]  ; KEY[1]   ;
; N/A           ; None        ; -0.548 ns ; SW[12] ; posEdge:m0|Q[12] ; KEY[1]   ;
; N/A           ; None        ; -0.637 ns ; SW[10] ; posEdge:m0|Q[10] ; KEY[1]   ;
; N/A           ; None        ; -0.650 ns ; SW[7]  ; posEdge:m0|Q[7]  ; KEY[1]   ;
; N/A           ; None        ; -0.812 ns ; SW[8]  ; posEdge:m0|Q[8]  ; KEY[1]   ;
; N/A           ; None        ; -0.926 ns ; SW[1]  ; posEdge:m0|Q[1]  ; KEY[1]   ;
; N/A           ; None        ; -3.975 ns ; SW[13] ; posEdge:m0|Q[13] ; KEY[1]   ;
; N/A           ; None        ; -3.981 ns ; SW[14] ; posEdge:m0|Q[14] ; KEY[1]   ;
; N/A           ; None        ; -4.206 ns ; SW[15] ; posEdge:m0|Q[15] ; KEY[1]   ;
+---------------+-------------+-----------+--------+------------------+----------+


+--------------------------+
; Timing Analyzer Messages ;
+--------------------------+
Info: *******************************************************************
Info: Running Quartus II Classic Timing Analyzer
    Info: Version 9.1 Build 222 10/21/2009 SJ Full Version
    Info: Processing started: Thu Feb 24 13:55:34 2011
Info: Command: quartus_tan --read_settings_files=off --write_settings_files=off part5 -c part5 --timing_analysis_only
Info: Parallel compilation is enabled and will use 2 of the 2 processors detected
Warning: Found pins functioning as undefined clocks and/or memory enables
    Info: Assuming node "KEY[1]" is an undefined clock
Info: Clock "KEY[1]" Internal fmax is restricted to 450.05 MHz between source register "posEdge:m0|Q[0]" and destination register "posEdge:m1|Q[0]"
    Info: fmax restricted to clock pin edge rate 2.222 ns. Expand message to see actual delay path.
        Info: + Longest register to register delay is 0.746 ns
            Info: 1: + IC(0.000 ns) + CELL(0.000 ns) = 0.000 ns; Loc. = LCFF_X28_Y8_N15; Fanout = 8; REG Node = 'posEdge:m0|Q[0]'
            Info: 2: + IC(0.380 ns) + CELL(0.366 ns) = 0.746 ns; Loc. = LCFF_X28_Y8_N19; Fanout = 7; REG Node = 'posEdge:m1|Q[0]'
            Info: Total cell delay = 0.366 ns ( 49.06 % )
            Info: Total interconnect delay = 0.380 ns ( 50.94 % )
        Info: - Smallest clock skew is 0.000 ns
            Info: + Shortest clock path from clock "KEY[1]" to destination register is 2.585 ns
                Info: 1: + IC(0.000 ns) + CELL(0.842 ns) = 0.842 ns; Loc. = PIN_N23; Fanout = 1; CLK Node = 'KEY[1]'
                Info: 2: + IC(0.041 ns) + CELL(0.155 ns) = 1.038 ns; Loc. = CLKDELAYCTRL_G4; Fanout = 1; COMB Node = 'KEY[1]~clk_delay_ctrl'
                Info: 3: + IC(0.000 ns) + CELL(0.000 ns) = 1.038 ns; Loc. = CLKCTRL_G4; Fanout = 32; COMB Node = 'KEY[1]~clkctrl'
                Info: 4: + IC(1.010 ns) + CELL(0.537 ns) = 2.585 ns; Loc. = LCFF_X28_Y8_N19; Fanout = 7; REG Node = 'posEdge:m1|Q[0]'
                Info: Total cell delay = 1.534 ns ( 59.34 % )
                Info: Total interconnect delay = 1.051 ns ( 40.66 % )
            Info: - Longest clock path from clock "KEY[1]" to source register is 2.585 ns
                Info: 1: + IC(0.000 ns) + CELL(0.842 ns) = 0.842 ns; Loc. = PIN_N23; Fanout = 1; CLK Node = 'KEY[1]'
                Info: 2: + IC(0.041 ns) + CELL(0.155 ns) = 1.038 ns; Loc. = CLKDELAYCTRL_G4; Fanout = 1; COMB Node = 'KEY[1]~clk_delay_ctrl'
                Info: 3: + IC(0.000 ns) + CELL(0.000 ns) = 1.038 ns; Loc. = CLKCTRL_G4; Fanout = 32; COMB Node = 'KEY[1]~clkctrl'
                Info: 4: + IC(1.010 ns) + CELL(0.537 ns) = 2.585 ns; Loc. = LCFF_X28_Y8_N15; Fanout = 8; REG Node = 'posEdge:m0|Q[0]'
                Info: Total cell delay = 1.534 ns ( 59.34 % )
                Info: Total interconnect delay = 1.051 ns ( 40.66 % )
        Info: + Micro clock to output delay of source is 0.250 ns
        Info: + Micro setup delay of destination is -0.036 ns
Info: tsu for register "posEdge:m0|Q[15]" (data pin = "SW[15]", clock pin = "KEY[1]") is 4.436 ns
    Info: + Longest pin to register delay is 7.057 ns
        Info: 1: + IC(0.000 ns) + CELL(0.832 ns) = 0.832 ns; Loc. = PIN_U4; Fanout = 2; PIN Node = 'SW[15]'
        Info: 2: + IC(5.859 ns) + CELL(0.366 ns) = 7.057 ns; Loc. = LCFF_X29_Y8_N25; Fanout = 8; REG Node = 'posEdge:m0|Q[15]'
        Info: Total cell delay = 1.198 ns ( 16.98 % )
        Info: Total interconnect delay = 5.859 ns ( 83.02 % )
    Info: + Micro setup delay of destination is -0.036 ns
    Info: - Shortest clock path from clock "KEY[1]" to destination register is 2.585 ns
        Info: 1: + IC(0.000 ns) + CELL(0.842 ns) = 0.842 ns; Loc. = PIN_N23; Fanout = 1; CLK Node = 'KEY[1]'
        Info: 2: + IC(0.041 ns) + CELL(0.155 ns) = 1.038 ns; Loc. = CLKDELAYCTRL_G4; Fanout = 1; COMB Node = 'KEY[1]~clk_delay_ctrl'
        Info: 3: + IC(0.000 ns) + CELL(0.000 ns) = 1.038 ns; Loc. = CLKCTRL_G4; Fanout = 32; COMB Node = 'KEY[1]~clkctrl'
        Info: 4: + IC(1.010 ns) + CELL(0.537 ns) = 2.585 ns; Loc. = LCFF_X29_Y8_N25; Fanout = 8; REG Node = 'posEdge:m0|Q[15]'
        Info: Total cell delay = 1.534 ns ( 59.34 % )
        Info: Total interconnect delay = 1.051 ns ( 40.66 % )
Info: tco from clock "KEY[1]" to destination pin "HEX7[6]" through register "posEdge:m1|Q[14]" is 10.850 ns
    Info: + Longest clock path from clock "KEY[1]" to source register is 2.585 ns
        Info: 1: + IC(0.000 ns) + CELL(0.842 ns) = 0.842 ns; Loc. = PIN_N23; Fanout = 1; CLK Node = 'KEY[1]'
        Info: 2: + IC(0.041 ns) + CELL(0.155 ns) = 1.038 ns; Loc. = CLKDELAYCTRL_G4; Fanout = 1; COMB Node = 'KEY[1]~clk_delay_ctrl'
        Info: 3: + IC(0.000 ns) + CELL(0.000 ns) = 1.038 ns; Loc. = CLKCTRL_G4; Fanout = 32; COMB Node = 'KEY[1]~clkctrl'
        Info: 4: + IC(1.010 ns) + CELL(0.537 ns) = 2.585 ns; Loc. = LCFF_X29_Y8_N23; Fanout = 7; REG Node = 'posEdge:m1|Q[14]'
        Info: Total cell delay = 1.534 ns ( 59.34 % )
        Info: Total interconnect delay = 1.051 ns ( 40.66 % )
    Info: + Micro clock to output delay of source is 0.250 ns
    Info: + Longest register to pin delay is 8.015 ns
        Info: 1: + IC(0.000 ns) + CELL(0.000 ns) = 0.000 ns; Loc. = LCFF_X29_Y8_N23; Fanout = 7; REG Node = 'posEdge:m1|Q[14]'
        Info: 2: + IC(0.547 ns) + CELL(0.438 ns) = 0.985 ns; Loc. = LCCOMB_X29_Y8_N0; Fanout = 1; COMB Node = 'char_7seg:h3|Mux0~0'
        Info: 3: + IC(4.378 ns) + CELL(2.652 ns) = 8.015 ns; Loc. = PIN_N9; Fanout = 0; PIN Node = 'HEX7[6]'
        Info: Total cell delay = 3.090 ns ( 38.55 % )
        Info: Total interconnect delay = 4.925 ns ( 61.45 % )
Info: Longest tpd from source pin "SW[15]" to destination pin "LEDR[15]" is 9.832 ns
    Info: 1: + IC(0.000 ns) + CELL(0.832 ns) = 0.832 ns; Loc. = PIN_U4; Fanout = 2; PIN Node = 'SW[15]'
    Info: 2: + IC(6.202 ns) + CELL(2.798 ns) = 9.832 ns; Loc. = PIN_AE13; Fanout = 0; PIN Node = 'LEDR[15]'
    Info: Total cell delay = 3.630 ns ( 36.92 % )
    Info: Total interconnect delay = 6.202 ns ( 63.08 % )
Info: th for register "posEdge:m0|Q[5]" (data pin = "SW[5]", clock pin = "KEY[1]") is 0.461 ns
    Info: + Longest clock path from clock "KEY[1]" to destination register is 2.586 ns
        Info: 1: + IC(0.000 ns) + CELL(0.842 ns) = 0.842 ns; Loc. = PIN_N23; Fanout = 1; CLK Node = 'KEY[1]'
        Info: 2: + IC(0.041 ns) + CELL(0.155 ns) = 1.038 ns; Loc. = CLKDELAYCTRL_G4; Fanout = 1; COMB Node = 'KEY[1]~clk_delay_ctrl'
        Info: 3: + IC(0.000 ns) + CELL(0.000 ns) = 1.038 ns; Loc. = CLKCTRL_G4; Fanout = 32; COMB Node = 'KEY[1]~clkctrl'
        Info: 4: + IC(1.011 ns) + CELL(0.537 ns) = 2.586 ns; Loc. = LCFF_X32_Y8_N25; Fanout = 8; REG Node = 'posEdge:m0|Q[5]'
        Info: Total cell delay = 1.534 ns ( 59.32 % )
        Info: Total interconnect delay = 1.052 ns ( 40.68 % )
    Info: + Micro hold delay of destination is 0.266 ns
    Info: - Shortest pin to register delay is 2.391 ns
        Info: 1: + IC(0.000 ns) + CELL(0.989 ns) = 0.989 ns; Loc. = PIN_AD13; Fanout = 2; PIN Node = 'SW[5]'
        Info: 2: + IC(1.036 ns) + CELL(0.366 ns) = 2.391 ns; Loc. = LCFF_X32_Y8_N25; Fanout = 8; REG Node = 'posEdge:m0|Q[5]'
        Info: Total cell delay = 1.355 ns ( 56.67 % )
        Info: Total interconnect delay = 1.036 ns ( 43.33 % )
Info: Quartus II Classic Timing Analyzer was successful. 0 errors, 1 warning
    Info: Peak virtual memory: 136 megabytes
    Info: Processing ended: Thu Feb 24 13:55:35 2011
    Info: Elapsed time: 00:00:01
    Info: Total CPU time (on all processors): 00:00:00


