Flow report for QP_Lab7
Wed Dec 12 11:50:40 2012
Quartus II Version 9.1 Build 350 03/24/2010 Service Pack 2 SJ Full Version


---------------------
; Table of Contents ;
---------------------
  1. Legal Notice
  2. Flow Summary
  3. Flow Settings
  4. Flow Non-Default Global Settings
  5. Flow Elapsed Time
  6. Flow OS Summary
  7. Flow Log



----------------
; Legal Notice ;
----------------
Copyright (C) 1991-2010 Altera Corporation
Your use of Altera Corporation's design tools, logic functions 
and other software and tools, and its AMPP partner logic 
functions, and any output files from any of the foregoing 
(including device programming or simulation files), and any 
associated documentation or information are expressly subject 
to the terms and conditions of the Altera Program License 
Subscription Agreement, Altera MegaCore Function License 
Agreement, or other applicable license agreement, including, 
without limitation, that your use is for the sole purpose of 
programming logic devices manufactured by Altera and sold by 
Altera or its authorized distributors.  Please refer to the 
applicable agreement for further details.



+------------------------------------------------------------------------------------+
; Flow Summary                                                                       ;
+------------------------------------+-----------------------------------------------+
; Flow Status                        ; Successful - Wed Dec 12 11:50:40 2012         ;
; Quartus II Version                 ; 9.1 Build 350 03/24/2010 SP 2 SJ Full Version ;
; Revision Name                      ; QP_Lab7                                       ;
; Top-level Entity Name              ; QP_Lab7                                       ;
; Family                             ; Cyclone II                                    ;
; Device                             ; EP2C35F672C6                                  ;
; Timing Models                      ; Final                                         ;
; Met timing requirements            ; Yes                                           ;
; Total logic elements               ; 2,370 / 33,216 ( 7 % )                        ;
;     Total combinational functions  ; 2,169 / 33,216 ( 7 % )                        ;
;     Dedicated logic registers      ; 1,380 / 33,216 ( 4 % )                        ;
; Total registers                    ; 1380                                          ;
; Total pins                         ; 43 / 475 ( 9 % )                              ;
; Total virtual pins                 ; 0                                             ;
; Total memory bits                  ; 306,816 / 483,840 ( 63 % )                    ;
; Embedded Multiplier 9-bit elements ; 4 / 70 ( 6 % )                                ;
; Total PLLs                         ; 0 / 4 ( 0 % )                                 ;
+------------------------------------+-----------------------------------------------+


+-----------------------------------------+
; Flow Settings                           ;
+-------------------+---------------------+
; Option            ; Setting             ;
+-------------------+---------------------+
; Start date & time ; 12/12/2012 11:49:36 ;
; Main task         ; Compilation         ;
; Revision Name     ; QP_Lab7             ;
+-------------------+---------------------+


+-------------------------------------------------------------------------------------------------------------------+
; Flow Non-Default Global Settings                                                                                  ;
+------------------------------------+-------------------------------+---------------+-------------+----------------+
; Assignment Name                    ; Value                         ; Default Value ; Entity Name ; Section Id     ;
+------------------------------------+-------------------------------+---------------+-------------+----------------+
; COMPILER_SIGNATURE_ID              ; 167739802526.135533097403000  ; --            ; --          ; --             ;
; MAX_CORE_JUNCTION_TEMP             ; 85                            ; --            ; --          ; --             ;
; MIN_CORE_JUNCTION_TEMP             ; 0                             ; --            ; --          ; --             ;
; MISC_FILE                          ; H:/QuartusII/Lab7/QP_Lab7.dpf ; --            ; --          ; --             ;
; PARTITION_COLOR                    ; 16764057                      ; --            ; --          ; Top            ;
; PARTITION_NETLIST_TYPE             ; SOURCE                        ; --            ; --          ; Top            ;
; SOPC_BUILDER_SIGNATURE_ID          ; 00270E12439E0000013ADB86438C  ; --            ; --          ; --             ;
; USE_GENERATED_PHYSICAL_CONSTRAINTS ; Off                           ; --            ; --          ; eda_blast_fpga ;
+------------------------------------+-------------------------------+---------------+-------------+----------------+


+-----------------------------------------------------------------------------------------------------------------------------+
; Flow Elapsed Time                                                                                                           ;
+-------------------------+--------------+-------------------------+---------------------+------------------------------------+
; Module Name             ; Elapsed Time ; Average Processors Used ; Peak Virtual Memory ; Total CPU Time (on all processors) ;
+-------------------------+--------------+-------------------------+---------------------+------------------------------------+
; Analysis & Synthesis    ; 00:00:24     ; 1.0                     ; 279 MB              ; 00:00:17                           ;
; Fitter                  ; 00:00:22     ; 1.2                     ; 302 MB              ; 00:00:23                           ;
; Assembler               ; 00:00:06     ; 1.0                     ; 264 MB              ; 00:00:03                           ;
; Classic Timing Analyzer ; 00:00:02     ; 1.0                     ; 187 MB              ; 00:00:02                           ;
; Total                   ; 00:00:54     ; --                      ; --                  ; 00:00:45                           ;
+-------------------------+--------------+-------------------------+---------------------+------------------------------------+


+------------------------------------------------------------------------------------------+
; Flow OS Summary                                                                          ;
+-------------------------+------------------+---------------+------------+----------------+
; Module Name             ; Machine Hostname ; OS Name       ; OS Version ; Processor type ;
+-------------------------+------------------+---------------+------------+----------------+
; Analysis & Synthesis    ; C07-0827-06      ; Windows Vista ; 6.1        ; x86_64         ;
; Fitter                  ; C07-0827-06      ; Windows Vista ; 6.1        ; x86_64         ;
; Assembler               ; C07-0827-06      ; Windows Vista ; 6.1        ; x86_64         ;
; Classic Timing Analyzer ; C07-0827-06      ; Windows Vista ; 6.1        ; x86_64         ;
+-------------------------+------------------+---------------+------------+----------------+


------------
; Flow Log ;
------------
quartus_map --read_settings_files=on --write_settings_files=off QP_Lab7 -c QP_Lab7
quartus_fit --read_settings_files=off --write_settings_files=off QP_Lab7 -c QP_Lab7
quartus_asm --read_settings_files=off --write_settings_files=off QP_Lab7 -c QP_Lab7
quartus_tan --read_settings_files=off --write_settings_files=off QP_Lab7 -c QP_Lab7 --timing_analysis_only



