Flow report for part4
Sat Feb 19 11:15:33 2011
Quartus II Version 7.1 Build 178 06/25/2007 Service Pack 1 SJ Full Version


---------------------
; Table of Contents ;
---------------------
  1. Legal Notice
  2. Flow Summary
  3. Flow Settings
  4. Flow Non-Default Global Settings
  5. Flow Elapsed Time
  6. Flow Log



----------------
; Legal Notice ;
----------------
Copyright (C) 1991-2007 Altera Corporation
Your use of Altera Corporation's design tools, logic functions 
and other software and tools, and its AMPP partner logic 
functions, and any output files from any of the foregoing 
(including device programming or simulation files), and any 
associated documentation or information are expressly subject 
to the terms and conditions of the Altera Program License 
Subscription Agreement, Altera MegaCore Function License 
Agreement, or other applicable license agreement, including, 
without limitation, that your use is for the sole purpose of 
programming logic devices manufactured by Altera and sold by 
Altera or its authorized distributors.  Please refer to the 
applicable agreement for further details.



+------------------------------------------------------------------------------------+
; Flow Summary                                                                       ;
+------------------------------------+-----------------------------------------------+
; Flow Status                        ; Successful - Sat Feb 19 11:15:33 2011         ;
; Quartus II Version                 ; 7.1 Build 178 06/25/2007 SP 1 SJ Full Version ;
; Revision Name                      ; part4                                         ;
; Top-level Entity Name              ; part4                                         ;
; Family                             ; Cyclone II                                    ;
; Device                             ; EP2C35F672C6                                  ;
; Timing Models                      ; Final                                         ;
; Met timing requirements            ; Yes                                           ;
; Total logic elements               ; 33 / 33,216 ( < 1 % )                         ;
;     Total combinational functions  ; 33 / 33,216 ( < 1 % )                         ;
;     Dedicated logic registers      ; 0 / 33,216 ( 0 % )                            ;
; Total registers                    ; 0                                             ;
; Total pins                         ; 100 / 475 ( 21 % )                            ;
; Total virtual pins                 ; 0                                             ;
; Total memory bits                  ; 0 / 483,840 ( 0 % )                           ;
; Embedded Multiplier 9-bit elements ; 0 / 70 ( 0 % )                                ;
; Total PLLs                         ; 0 / 4 ( 0 % )                                 ;
+------------------------------------+-----------------------------------------------+


+-----------------------------------------+
; Flow Settings                           ;
+-------------------+---------------------+
; Option            ; Setting             ;
+-------------------+---------------------+
; Start date & time ; 02/19/2011 11:15:05 ;
; Main task         ; Compilation         ;
; Revision Name     ; part4               ;
+-------------------+---------------------+


+----------------------------------------------------------------------------------------------+
; Flow Non-Default Global Settings                                                             ;
+------------------------------------+----------+---------------+-------------+----------------+
; Assignment Name                    ; Value    ; Default Value ; Entity Name ; Section Id     ;
+------------------------------------+----------+---------------+-------------+----------------+
; MAX_CORE_JUNCTION_TEMP             ; 85       ; --            ; --          ; --             ;
; MIN_CORE_JUNCTION_TEMP             ; 0        ; --            ; --          ; --             ;
; PARTITION_COLOR                    ; 16764057 ; --            ; --          ; Top            ;
; PARTITION_NETLIST_TYPE             ; SOURCE   ; --            ; --          ; Top            ;
; USE_GENERATED_PHYSICAL_CONSTRAINTS ; Off      ; --            ; --          ; eda_blast_fpga ;
+------------------------------------+----------+---------------+-------------+----------------+


+----------------------------------------+
; Flow Elapsed Time                      ;
+-------------------------+--------------+
; Module Name             ; Elapsed Time ;
+-------------------------+--------------+
; Analysis & Synthesis    ; 00:00:02     ;
; Fitter                  ; 00:00:10     ;
; Assembler               ; 00:00:11     ;
; Classic Timing Analyzer ; 00:00:01     ;
; Total                   ; 00:00:24     ;
+-------------------------+--------------+


------------
; Flow Log ;
------------
quartus_map --read_settings_files=on --write_settings_files=off part4 -c part4
quartus_fit --read_settings_files=off --write_settings_files=off part4 -c part4
quartus_asm --read_settings_files=off --write_settings_files=off part4 -c part4
quartus_tan --read_settings_files=off --write_settings_files=off part4 -c part4 --timing_analysis_only



