Analysis & Synthesis report for lab8
Thu Mar 24 12:14:44 2011
Quartus II Version 9.1 Build 222 10/21/2009 SJ Full Version


---------------------
; Table of Contents ;
---------------------
  1. Legal Notice
  2. Analysis & Synthesis Summary
  3. Analysis & Synthesis Settings
  4. Parallel Compilation
  5. Analysis & Synthesis Source Files Read
  6. Analysis & Synthesis Resource Usage Summary
  7. Analysis & Synthesis Resource Utilization by Entity
  8. General Register Statistics
  9. Port Connectivity Checks: "addme:addi|full_adder:fa0"
 10. Port Connectivity Checks: "addme:addi"
 11. Port Connectivity Checks: "mult8:multcd"
 12. Port Connectivity Checks: "mult8:multab|full_adder:fa60"
 13. Port Connectivity Checks: "mult8:multab|full_adder:fa50"
 14. Port Connectivity Checks: "mult8:multab|full_adder:fa40"
 15. Port Connectivity Checks: "mult8:multab|full_adder:fa30"
 16. Port Connectivity Checks: "mult8:multab|full_adder:fa20"
 17. Port Connectivity Checks: "mult8:multab|full_adder:fa10"
 18. Port Connectivity Checks: "mult8:multab|full_adder:fa07"
 19. Port Connectivity Checks: "mult8:multab|full_adder:fa00"
 20. Port Connectivity Checks: "mult8:multab"
 21. Analysis & Synthesis Messages



----------------
; Legal Notice ;
----------------
Copyright (C) 1991-2009 Altera Corporation
Your use of Altera Corporation's design tools, logic functions 
and other software and tools, and its AMPP partner logic 
functions, and any output files from any of the foregoing 
(including device programming or simulation files), and any 
associated documentation or information are expressly subject 
to the terms and conditions of the Altera Program License 
Subscription Agreement, Altera MegaCore Function License 
Agreement, or other applicable license agreement, including, 
without limitation, that your use is for the sole purpose of 
programming logic devices manufactured by Altera and sold by 
Altera or its authorized distributors.  Please refer to the 
applicable agreement for further details.



+-------------------------------------------------------------------------------+
; Analysis & Synthesis Summary                                                  ;
+------------------------------------+------------------------------------------+
; Analysis & Synthesis Status        ; Successful - Thu Mar 24 12:14:43 2011    ;
; Quartus II Version                 ; 9.1 Build 222 10/21/2009 SJ Full Version ;
; Revision Name                      ; lab8                                     ;
; Top-level Entity Name              ; lab8                                     ;
; Family                             ; Cyclone II                               ;
; Total logic elements               ; 229                                      ;
;     Total combinational functions  ; 197                                      ;
;     Dedicated logic registers      ; 32                                       ;
; Total registers                    ; 32                                       ;
; Total pins                         ; 103                                      ;
; Total virtual pins                 ; 0                                        ;
; Total memory bits                  ; 0                                        ;
; Embedded Multiplier 9-bit elements ; 0                                        ;
; Total PLLs                         ; 0                                        ;
+------------------------------------+------------------------------------------+


+----------------------------------------------------------------------------------------------------------------------+
; Analysis & Synthesis Settings                                                                                        ;
+----------------------------------------------------------------------------+--------------------+--------------------+
; Option                                                                     ; Setting            ; Default Value      ;
+----------------------------------------------------------------------------+--------------------+--------------------+
; Device                                                                     ; EP2C35F672C6       ;                    ;
; Top-level entity name                                                      ; lab8               ; lab8               ;
; Family name                                                                ; Cyclone II         ; Stratix II         ;
; Use Generated Physical Constraints File                                    ; Off                ;                    ;
; Use smart compilation                                                      ; Off                ; Off                ;
; Enable parallel Assembler and TimeQuest Timing Analyzer during compilation ; On                 ; On                 ;
; Enable compact report table                                                ; Off                ; Off                ;
; Restructure Multiplexers                                                   ; Auto               ; Auto               ;
; Create Debugging Nodes for IP Cores                                        ; Off                ; Off                ;
; Preserve fewer node names                                                  ; On                 ; On                 ;
; Disable OpenCore Plus hardware evaluation                                  ; Off                ; Off                ;
; Verilog Version                                                            ; Verilog_2001       ; Verilog_2001       ;
; VHDL Version                                                               ; VHDL_1993          ; VHDL_1993          ;
; State Machine Processing                                                   ; Auto               ; Auto               ;
; Safe State Machine                                                         ; Off                ; Off                ;
; Extract Verilog State Machines                                             ; On                 ; On                 ;
; Extract VHDL State Machines                                                ; On                 ; On                 ;
; Ignore Verilog initial constructs                                          ; Off                ; Off                ;
; Iteration limit for constant Verilog loops                                 ; 5000               ; 5000               ;
; Iteration limit for non-constant Verilog loops                             ; 250                ; 250                ;
; Add Pass-Through Logic to Inferred RAMs                                    ; On                 ; On                 ;
; Parallel Synthesis                                                         ; On                 ; On                 ;
; DSP Block Balancing                                                        ; Auto               ; Auto               ;
; NOT Gate Push-Back                                                         ; On                 ; On                 ;
; Power-Up Don't Care                                                        ; On                 ; On                 ;
; Remove Redundant Logic Cells                                               ; Off                ; Off                ;
; Remove Duplicate Registers                                                 ; On                 ; On                 ;
; Ignore CARRY Buffers                                                       ; Off                ; Off                ;
; Ignore CASCADE Buffers                                                     ; Off                ; Off                ;
; Ignore GLOBAL Buffers                                                      ; Off                ; Off                ;
; Ignore ROW GLOBAL Buffers                                                  ; Off                ; Off                ;
; Ignore LCELL Buffers                                                       ; Off                ; Off                ;
; Ignore SOFT Buffers                                                        ; On                 ; On                 ;
; Limit AHDL Integers to 32 Bits                                             ; Off                ; Off                ;
; Optimization Technique                                                     ; Balanced           ; Balanced           ;
; Carry Chain Length                                                         ; 70                 ; 70                 ;
; Auto Carry Chains                                                          ; On                 ; On                 ;
; Auto Open-Drain Pins                                                       ; On                 ; On                 ;
; Perform WYSIWYG Primitive Resynthesis                                      ; Off                ; Off                ;
; Auto ROM Replacement                                                       ; On                 ; On                 ;
; Auto RAM Replacement                                                       ; On                 ; On                 ;
; Auto Shift Register Replacement                                            ; Auto               ; Auto               ;
; Auto Clock Enable Replacement                                              ; On                 ; On                 ;
; Strict RAM Replacement                                                     ; Off                ; Off                ;
; Allow Synchronous Control Signals                                          ; On                 ; On                 ;
; Force Use of Synchronous Clear Signals                                     ; Off                ; Off                ;
; Auto RAM to Logic Cell Conversion                                          ; Off                ; Off                ;
; Auto Resource Sharing                                                      ; Off                ; Off                ;
; Allow Any RAM Size For Recognition                                         ; Off                ; Off                ;
; Allow Any ROM Size For Recognition                                         ; Off                ; Off                ;
; Allow Any Shift Register Size For Recognition                              ; Off                ; Off                ;
; Use LogicLock Constraints during Resource Balancing                        ; On                 ; On                 ;
; Ignore translate_off and synthesis_off directives                          ; Off                ; Off                ;
; Timing-Driven Synthesis                                                    ; Off                ; Off                ;
; Show Parameter Settings Tables in Synthesis Report                         ; On                 ; On                 ;
; Ignore Maximum Fan-Out Assignments                                         ; Off                ; Off                ;
; Synchronization Register Chain Length                                      ; 2                  ; 2                  ;
; PowerPlay Power Optimization                                               ; Normal compilation ; Normal compilation ;
; HDL message level                                                          ; Level2             ; Level2             ;
; Suppress Register Optimization Related Messages                            ; Off                ; Off                ;
; Number of Removed Registers Reported in Synthesis Report                   ; 100                ; 100                ;
; Number of Inverted Registers Reported in Synthesis Report                  ; 100                ; 100                ;
; Clock MUX Protection                                                       ; On                 ; On                 ;
; Auto Gated Clock Conversion                                                ; Off                ; Off                ;
; Block Design Naming                                                        ; Auto               ; Auto               ;
; SDC constraint protection                                                  ; Off                ; Off                ;
; Synthesis Effort                                                           ; Auto               ; Auto               ;
; Shift Register Replacement - Allow Asynchronous Clear Signal               ; On                 ; On                 ;
; Analysis & Synthesis Message Level                                         ; Medium             ; Medium             ;
; Disable Register Merging Across Hierarchies                                ; Auto               ; Auto               ;
; Resource Aware Inference For Block RAM                                     ; On                 ; On                 ;
+----------------------------------------------------------------------------+--------------------+--------------------+


+------------------------------------------+
; Parallel Compilation                     ;
+----------------------------+-------------+
; Processors                 ; Number      ;
+----------------------------+-------------+
; Number detected on machine ; 2           ;
; Maximum allowed            ; 2           ;
;                            ;             ;
; Average used               ; 1.00        ;
; Maximum used               ; 1           ;
;                            ;             ;
; Usage by Processor         ; % Time Used ;
;     1 processor            ; 100.0%      ;
;     2 processors           ;   0.0%      ;
+----------------------------+-------------+


+------------------------------------------------------------------------------------------------------------+
; Analysis & Synthesis Source Files Read                                                                     ;
+----------------------------------+-----------------+------------------------+------------------------------+
; File Name with User-Entered Path ; Used in Netlist ; File Type              ; File Name with Absolute Path ;
+----------------------------------+-----------------+------------------------+------------------------------+
; lab8.v                           ; yes             ; User Verilog HDL File  ; H:/eeLab2/lab6/lab8/lab8.v   ;
+----------------------------------+-----------------+------------------------+------------------------------+


+------------------------------------------------------+
; Analysis & Synthesis Resource Usage Summary          ;
+---------------------------------------------+--------+
; Resource                                    ; Usage  ;
+---------------------------------------------+--------+
; Estimated Total logic elements              ; 229    ;
;                                             ;        ;
; Total combinational functions               ; 197    ;
; Logic element usage by number of LUT inputs ;        ;
;     -- 4 input functions                    ; 134    ;
;     -- 3 input functions                    ; 39     ;
;     -- <=2 input functions                  ; 24     ;
;                                             ;        ;
; Logic elements by mode                      ;        ;
;     -- normal mode                          ; 197    ;
;     -- arithmetic mode                      ; 0      ;
;                                             ;        ;
; Total registers                             ; 32     ;
;     -- Dedicated logic registers            ; 32     ;
;     -- I/O registers                        ; 0      ;
;                                             ;        ;
; I/O pins                                    ; 103    ;
; Maximum fan-out node                        ; KEY[0] ;
; Maximum fan-out                             ; 34     ;
; Total fan-out                               ; 881    ;
; Average fan-out                             ; 2.65   ;
+---------------------------------------------+--------+


+--------------------------------------------------------------------------------------------------------------------------------------------------------------------------------------------+
; Analysis & Synthesis Resource Utilization by Entity                                                                                                                                        ;
+----------------------------+-------------------+--------------+-------------+--------------+---------+-----------+------+--------------+------------------------------------+--------------+
; Compilation Hierarchy Node ; LC Combinationals ; LC Registers ; Memory Bits ; DSP Elements ; DSP 9x9 ; DSP 18x18 ; Pins ; Virtual Pins ; Full Hierarchy Name                ; Library Name ;
+----------------------------+-------------------+--------------+-------------+--------------+---------+-----------+------+--------------+------------------------------------+--------------+
; |lab8                      ; 197 (16)          ; 32 (0)       ; 0           ; 0            ; 0       ; 0         ; 103  ; 0            ; |lab8                              ; work         ;
;    |addme:addi|            ; 16 (0)            ; 0 (0)        ; 0           ; 0            ; 0       ; 0         ; 0    ; 0            ; |lab8|addme:addi                   ;              ;
;       |full_adder:fa0|     ; 2 (2)             ; 0 (0)        ; 0           ; 0            ; 0       ; 0         ; 0    ; 0            ; |lab8|addme:addi|full_adder:fa0    ;              ;
;       |full_adder:fa1|     ; 2 (2)             ; 0 (0)        ; 0           ; 0            ; 0       ; 0         ; 0    ; 0            ; |lab8|addme:addi|full_adder:fa1    ;              ;
;       |full_adder:fa2|     ; 2 (2)             ; 0 (0)        ; 0           ; 0            ; 0       ; 0         ; 0    ; 0            ; |lab8|addme:addi|full_adder:fa2    ;              ;
;       |full_adder:fa3|     ; 2 (2)             ; 0 (0)        ; 0           ; 0            ; 0       ; 0         ; 0    ; 0            ; |lab8|addme:addi|full_adder:fa3    ;              ;
;       |full_adder:fa4|     ; 2 (2)             ; 0 (0)        ; 0           ; 0            ; 0       ; 0         ; 0    ; 0            ; |lab8|addme:addi|full_adder:fa4    ;              ;
;       |full_adder:fa5|     ; 2 (2)             ; 0 (0)        ; 0           ; 0            ; 0       ; 0         ; 0    ; 0            ; |lab8|addme:addi|full_adder:fa5    ;              ;
;       |full_adder:fa6|     ; 2 (2)             ; 0 (0)        ; 0           ; 0            ; 0       ; 0         ; 0    ; 0            ; |lab8|addme:addi|full_adder:fa6    ;              ;
;       |full_adder:fa7|     ; 2 (2)             ; 0 (0)        ; 0           ; 0            ; 0       ; 0         ; 0    ; 0            ; |lab8|addme:addi|full_adder:fa7    ;              ;
;    |char_7seg:h0|          ; 7 (7)             ; 0 (0)        ; 0           ; 0            ; 0       ; 0         ; 0    ; 0            ; |lab8|char_7seg:h0                 ;              ;
;    |char_7seg:h1|          ; 7 (7)             ; 0 (0)        ; 0           ; 0            ; 0       ; 0         ; 0    ; 0            ; |lab8|char_7seg:h1                 ;              ;
;    |char_7seg:h4|          ; 7 (7)             ; 0 (0)        ; 0           ; 0            ; 0       ; 0         ; 0    ; 0            ; |lab8|char_7seg:h4                 ;              ;
;    |char_7seg:h5|          ; 7 (7)             ; 0 (0)        ; 0           ; 0            ; 0       ; 0         ; 0    ; 0            ; |lab8|char_7seg:h5                 ;              ;
;    |char_7seg:h6|          ; 7 (7)             ; 0 (0)        ; 0           ; 0            ; 0       ; 0         ; 0    ; 0            ; |lab8|char_7seg:h6                 ;              ;
;    |char_7seg:h7|          ; 7 (7)             ; 0 (0)        ; 0           ; 0            ; 0       ; 0         ; 0    ; 0            ; |lab8|char_7seg:h7                 ;              ;
;    |mult8:multab|          ; 61 (11)           ; 0 (0)        ; 0           ; 0            ; 0       ; 0         ; 0    ; 0            ; |lab8|mult8:multab                 ;              ;
;       |full_adder:fa00|    ; 2 (2)             ; 0 (0)        ; 0           ; 0            ; 0       ; 0         ; 0    ; 0            ; |lab8|mult8:multab|full_adder:fa00 ;              ;
;       |full_adder:fa01|    ; 1 (1)             ; 0 (0)        ; 0           ; 0            ; 0       ; 0         ; 0    ; 0            ; |lab8|mult8:multab|full_adder:fa01 ;              ;
;       |full_adder:fa02|    ; 6 (6)             ; 0 (0)        ; 0           ; 0            ; 0       ; 0         ; 0    ; 0            ; |lab8|mult8:multab|full_adder:fa02 ;              ;
;       |full_adder:fa03|    ; 4 (4)             ; 0 (0)        ; 0           ; 0            ; 0       ; 0         ; 0    ; 0            ; |lab8|mult8:multab|full_adder:fa03 ;              ;
;       |full_adder:fa04|    ; 3 (3)             ; 0 (0)        ; 0           ; 0            ; 0       ; 0         ; 0    ; 0            ; |lab8|mult8:multab|full_adder:fa04 ;              ;
;       |full_adder:fa05|    ; 1 (1)             ; 0 (0)        ; 0           ; 0            ; 0       ; 0         ; 0    ; 0            ; |lab8|mult8:multab|full_adder:fa05 ;              ;
;       |full_adder:fa10|    ; 2 (2)             ; 0 (0)        ; 0           ; 0            ; 0       ; 0         ; 0    ; 0            ; |lab8|mult8:multab|full_adder:fa10 ;              ;
;       |full_adder:fa11|    ; 1 (1)             ; 0 (0)        ; 0           ; 0            ; 0       ; 0         ; 0    ; 0            ; |lab8|mult8:multab|full_adder:fa11 ;              ;
;       |full_adder:fa12|    ; 2 (2)             ; 0 (0)        ; 0           ; 0            ; 0       ; 0         ; 0    ; 0            ; |lab8|mult8:multab|full_adder:fa12 ;              ;
;       |full_adder:fa13|    ; 2 (2)             ; 0 (0)        ; 0           ; 0            ; 0       ; 0         ; 0    ; 0            ; |lab8|mult8:multab|full_adder:fa13 ;              ;
;       |full_adder:fa14|    ; 1 (1)             ; 0 (0)        ; 0           ; 0            ; 0       ; 0         ; 0    ; 0            ; |lab8|mult8:multab|full_adder:fa14 ;              ;
;       |full_adder:fa20|    ; 2 (2)             ; 0 (0)        ; 0           ; 0            ; 0       ; 0         ; 0    ; 0            ; |lab8|mult8:multab|full_adder:fa20 ;              ;
;       |full_adder:fa21|    ; 1 (1)             ; 0 (0)        ; 0           ; 0            ; 0       ; 0         ; 0    ; 0            ; |lab8|mult8:multab|full_adder:fa21 ;              ;
;       |full_adder:fa22|    ; 2 (2)             ; 0 (0)        ; 0           ; 0            ; 0       ; 0         ; 0    ; 0            ; |lab8|mult8:multab|full_adder:fa22 ;              ;
;       |full_adder:fa23|    ; 1 (1)             ; 0 (0)        ; 0           ; 0            ; 0       ; 0         ; 0    ; 0            ; |lab8|mult8:multab|full_adder:fa23 ;              ;
;       |full_adder:fa30|    ; 2 (2)             ; 0 (0)        ; 0           ; 0            ; 0       ; 0         ; 0    ; 0            ; |lab8|mult8:multab|full_adder:fa30 ;              ;
;       |full_adder:fa31|    ; 2 (2)             ; 0 (0)        ; 0           ; 0            ; 0       ; 0         ; 0    ; 0            ; |lab8|mult8:multab|full_adder:fa31 ;              ;
;       |full_adder:fa40|    ; 1 (1)             ; 0 (0)        ; 0           ; 0            ; 0       ; 0         ; 0    ; 0            ; |lab8|mult8:multab|full_adder:fa40 ;              ;
;       |full_adder:fa41|    ; 2 (2)             ; 0 (0)        ; 0           ; 0            ; 0       ; 0         ; 0    ; 0            ; |lab8|mult8:multab|full_adder:fa41 ;              ;
;       |full_adder:fa50|    ; 1 (1)             ; 0 (0)        ; 0           ; 0            ; 0       ; 0         ; 0    ; 0            ; |lab8|mult8:multab|full_adder:fa50 ;              ;
;       |full_adder:fa60|    ; 11 (11)           ; 0 (0)        ; 0           ; 0            ; 0       ; 0         ; 0    ; 0            ; |lab8|mult8:multab|full_adder:fa60 ;              ;
;    |mult8:multcd|          ; 60 (13)           ; 0 (0)        ; 0           ; 0            ; 0       ; 0         ; 0    ; 0            ; |lab8|mult8:multcd                 ;              ;
;       |full_adder:fa00|    ; 2 (2)             ; 0 (0)        ; 0           ; 0            ; 0       ; 0         ; 0    ; 0            ; |lab8|mult8:multcd|full_adder:fa00 ;              ;
;       |full_adder:fa01|    ; 1 (1)             ; 0 (0)        ; 0           ; 0            ; 0       ; 0         ; 0    ; 0            ; |lab8|mult8:multcd|full_adder:fa01 ;              ;
;       |full_adder:fa02|    ; 4 (4)             ; 0 (0)        ; 0           ; 0            ; 0       ; 0         ; 0    ; 0            ; |lab8|mult8:multcd|full_adder:fa02 ;              ;
;       |full_adder:fa03|    ; 2 (2)             ; 0 (0)        ; 0           ; 0            ; 0       ; 0         ; 0    ; 0            ; |lab8|mult8:multcd|full_adder:fa03 ;              ;
;       |full_adder:fa04|    ; 3 (3)             ; 0 (0)        ; 0           ; 0            ; 0       ; 0         ; 0    ; 0            ; |lab8|mult8:multcd|full_adder:fa04 ;              ;
;       |full_adder:fa05|    ; 1 (1)             ; 0 (0)        ; 0           ; 0            ; 0       ; 0         ; 0    ; 0            ; |lab8|mult8:multcd|full_adder:fa05 ;              ;
;       |full_adder:fa10|    ; 2 (2)             ; 0 (0)        ; 0           ; 0            ; 0       ; 0         ; 0    ; 0            ; |lab8|mult8:multcd|full_adder:fa10 ;              ;
;       |full_adder:fa11|    ; 2 (2)             ; 0 (0)        ; 0           ; 0            ; 0       ; 0         ; 0    ; 0            ; |lab8|mult8:multcd|full_adder:fa11 ;              ;
;       |full_adder:fa12|    ; 2 (2)             ; 0 (0)        ; 0           ; 0            ; 0       ; 0         ; 0    ; 0            ; |lab8|mult8:multcd|full_adder:fa12 ;              ;
;       |full_adder:fa13|    ; 2 (2)             ; 0 (0)        ; 0           ; 0            ; 0       ; 0         ; 0    ; 0            ; |lab8|mult8:multcd|full_adder:fa13 ;              ;
;       |full_adder:fa14|    ; 1 (1)             ; 0 (0)        ; 0           ; 0            ; 0       ; 0         ; 0    ; 0            ; |lab8|mult8:multcd|full_adder:fa14 ;              ;
;       |full_adder:fa20|    ; 2 (2)             ; 0 (0)        ; 0           ; 0            ; 0       ; 0         ; 0    ; 0            ; |lab8|mult8:multcd|full_adder:fa20 ;              ;
;       |full_adder:fa21|    ; 1 (1)             ; 0 (0)        ; 0           ; 0            ; 0       ; 0         ; 0    ; 0            ; |lab8|mult8:multcd|full_adder:fa21 ;              ;
;       |full_adder:fa22|    ; 2 (2)             ; 0 (0)        ; 0           ; 0            ; 0       ; 0         ; 0    ; 0            ; |lab8|mult8:multcd|full_adder:fa22 ;              ;
;       |full_adder:fa23|    ; 1 (1)             ; 0 (0)        ; 0           ; 0            ; 0       ; 0         ; 0    ; 0            ; |lab8|mult8:multcd|full_adder:fa23 ;              ;
;       |full_adder:fa30|    ; 2 (2)             ; 0 (0)        ; 0           ; 0            ; 0       ; 0         ; 0    ; 0            ; |lab8|mult8:multcd|full_adder:fa30 ;              ;
;       |full_adder:fa31|    ; 2 (2)             ; 0 (0)        ; 0           ; 0            ; 0       ; 0         ; 0    ; 0            ; |lab8|mult8:multcd|full_adder:fa31 ;              ;
;       |full_adder:fa32|    ; 1 (1)             ; 0 (0)        ; 0           ; 0            ; 0       ; 0         ; 0    ; 0            ; |lab8|mult8:multcd|full_adder:fa32 ;              ;
;       |full_adder:fa40|    ; 2 (2)             ; 0 (0)        ; 0           ; 0            ; 0       ; 0         ; 0    ; 0            ; |lab8|mult8:multcd|full_adder:fa40 ;              ;
;       |full_adder:fa50|    ; 1 (1)             ; 0 (0)        ; 0           ; 0            ; 0       ; 0         ; 0    ; 0            ; |lab8|mult8:multcd|full_adder:fa50 ;              ;
;       |full_adder:fa60|    ; 11 (11)           ; 0 (0)        ; 0           ; 0            ; 0       ; 0         ; 0    ; 0            ; |lab8|mult8:multcd|full_adder:fa60 ;              ;
;    |regi:regiA|            ; 1 (1)             ; 8 (8)        ; 0           ; 0            ; 0       ; 0         ; 0    ; 0            ; |lab8|regi:regiA                   ;              ;
;    |regi:regiB|            ; 0 (0)             ; 8 (8)        ; 0           ; 0            ; 0       ; 0         ; 0    ; 0            ; |lab8|regi:regiB                   ;              ;
;    |regi:regiC|            ; 1 (1)             ; 8 (8)        ; 0           ; 0            ; 0       ; 0         ; 0    ; 0            ; |lab8|regi:regiC                   ;              ;
;    |regi:regiD|            ; 0 (0)             ; 8 (8)        ; 0           ; 0            ; 0       ; 0         ; 0    ; 0            ; |lab8|regi:regiD                   ;              ;
+----------------------------+-------------------+--------------+-------------+--------------+---------+-----------+------+--------------+------------------------------------+--------------+
Note: For table entries with two numbers listed, the numbers in parentheses indicate the number of resources of the given type used by the specific entity alone. The numbers listed outside of parentheses indicate the total resources of the given type used by the specific entity and all of its sub-entities in the hierarchy.


+------------------------------------------------------+
; General Register Statistics                          ;
+----------------------------------------------+-------+
; Statistic                                    ; Value ;
+----------------------------------------------+-------+
; Total registers                              ; 32    ;
; Number of registers using Synchronous Clear  ; 0     ;
; Number of registers using Synchronous Load   ; 0     ;
; Number of registers using Asynchronous Clear ; 32    ;
; Number of registers using Asynchronous Load  ; 0     ;
; Number of registers using Clock Enable       ; 32    ;
; Number of registers using Preset             ; 0     ;
+----------------------------------------------+-------+


+---------------------------------------------------------------------------------------------------------------------------------------------------------------------------------------------------------------+
; Port Connectivity Checks: "addme:addi|full_adder:fa0"                                                                                                                                                         ;
+-------+-------+----------+------------------------------------------------------------------------------------------------------------------------------------------------------------------------------------+
; Port  ; Type  ; Severity ; Details                                                                                                                                                                            ;
+-------+-------+----------+------------------------------------------------------------------------------------------------------------------------------------------------------------------------------------+
; C     ; Input ; Warning  ; Input port expression (32 bits) is wider than the input port (1 bits) it drives.  The 31 most-significant bit(s) in the expression will be dangling if they have no other fanouts. ;
; C[-1] ; Input ; Info     ; Stuck at GND                                                                                                                                                                       ;
+-------+-------+----------+------------------------------------------------------------------------------------------------------------------------------------------------------------------------------------+


+------------------------------------------------------------------------------------------------------------------------------------------------------------------------------------------------------------------+
; Port Connectivity Checks: "addme:addi"                                                                                                                                                                           ;
+---------+--------+----------+------------------------------------------------------------------------------------------------------------------------------------------------------------------------------------+
; Port    ; Type   ; Severity ; Details                                                                                                                                                                            ;
+---------+--------+----------+------------------------------------------------------------------------------------------------------------------------------------------------------------------------------------+
; A       ; Input  ; Warning  ; Input port expression (16 bits) is wider than the input port (8 bits) it drives.  The 8 most-significant bit(s) in the expression will be dangling if they have no other fanouts.  ;
; B       ; Input  ; Warning  ; Input port expression (16 bits) is wider than the input port (8 bits) it drives.  The 8 most-significant bit(s) in the expression will be dangling if they have no other fanouts.  ;
; Cin     ; Input  ; Warning  ; Input port expression (32 bits) is wider than the input port (1 bits) it drives.  The 31 most-significant bit(s) in the expression will be dangling if they have no other fanouts. ;
; Cin[-1] ; Input  ; Info     ; Stuck at GND                                                                                                                                                                       ;
; SUM     ; Output ; Warning  ; Output or bidir port (8 bits) is smaller than the port expression (16 bits) it drives.  The 8 most-significant bit(s) in the port expression will be connected to GND.             ;
+---------+--------+----------+------------------------------------------------------------------------------------------------------------------------------------------------------------------------------------+


+--------------------------------------------------------------------------------------------------------------------+
; Port Connectivity Checks: "mult8:multcd"                                                                           ;
+----------+--------+----------+-------------------------------------------------------------------------------------+
; Port     ; Type   ; Severity ; Details                                                                             ;
+----------+--------+----------+-------------------------------------------------------------------------------------+
; P[15..8] ; Output ; Info     ; Connected to dangling logic. Logic that only feeds a dangling port will be removed. ;
+----------+--------+----------+-------------------------------------------------------------------------------------+


+---------------------------------------------------------------------------------------------------------------------------------------------------------------------------------------------------------------+
; Port Connectivity Checks: "mult8:multab|full_adder:fa60"                                                                                                                                                      ;
+-------+-------+----------+------------------------------------------------------------------------------------------------------------------------------------------------------------------------------------+
; Port  ; Type  ; Severity ; Details                                                                                                                                                                            ;
+-------+-------+----------+------------------------------------------------------------------------------------------------------------------------------------------------------------------------------------+
; C     ; Input ; Warning  ; Input port expression (32 bits) is wider than the input port (1 bits) it drives.  The 31 most-significant bit(s) in the expression will be dangling if they have no other fanouts. ;
; C[-1] ; Input ; Info     ; Stuck at GND                                                                                                                                                                       ;
+-------+-------+----------+------------------------------------------------------------------------------------------------------------------------------------------------------------------------------------+


+---------------------------------------------------------------------------------------------------------------------------------------------------------------------------------------------------------------+
; Port Connectivity Checks: "mult8:multab|full_adder:fa50"                                                                                                                                                      ;
+-------+-------+----------+------------------------------------------------------------------------------------------------------------------------------------------------------------------------------------+
; Port  ; Type  ; Severity ; Details                                                                                                                                                                            ;
+-------+-------+----------+------------------------------------------------------------------------------------------------------------------------------------------------------------------------------------+
; C     ; Input ; Warning  ; Input port expression (32 bits) is wider than the input port (1 bits) it drives.  The 31 most-significant bit(s) in the expression will be dangling if they have no other fanouts. ;
; C[-1] ; Input ; Info     ; Stuck at GND                                                                                                                                                                       ;
+-------+-------+----------+------------------------------------------------------------------------------------------------------------------------------------------------------------------------------------+


+---------------------------------------------------------------------------------------------------------------------------------------------------------------------------------------------------------------+
; Port Connectivity Checks: "mult8:multab|full_adder:fa40"                                                                                                                                                      ;
+-------+-------+----------+------------------------------------------------------------------------------------------------------------------------------------------------------------------------------------+
; Port  ; Type  ; Severity ; Details                                                                                                                                                                            ;
+-------+-------+----------+------------------------------------------------------------------------------------------------------------------------------------------------------------------------------------+
; C     ; Input ; Warning  ; Input port expression (32 bits) is wider than the input port (1 bits) it drives.  The 31 most-significant bit(s) in the expression will be dangling if they have no other fanouts. ;
; C[-1] ; Input ; Info     ; Stuck at GND                                                                                                                                                                       ;
+-------+-------+----------+------------------------------------------------------------------------------------------------------------------------------------------------------------------------------------+


+---------------------------------------------------------------------------------------------------------------------------------------------------------------------------------------------------------------+
; Port Connectivity Checks: "mult8:multab|full_adder:fa30"                                                                                                                                                      ;
+-------+-------+----------+------------------------------------------------------------------------------------------------------------------------------------------------------------------------------------+
; Port  ; Type  ; Severity ; Details                                                                                                                                                                            ;
+-------+-------+----------+------------------------------------------------------------------------------------------------------------------------------------------------------------------------------------+
; C     ; Input ; Warning  ; Input port expression (32 bits) is wider than the input port (1 bits) it drives.  The 31 most-significant bit(s) in the expression will be dangling if they have no other fanouts. ;
; C[-1] ; Input ; Info     ; Stuck at GND                                                                                                                                                                       ;
+-------+-------+----------+------------------------------------------------------------------------------------------------------------------------------------------------------------------------------------+


+---------------------------------------------------------------------------------------------------------------------------------------------------------------------------------------------------------------+
; Port Connectivity Checks: "mult8:multab|full_adder:fa20"                                                                                                                                                      ;
+-------+-------+----------+------------------------------------------------------------------------------------------------------------------------------------------------------------------------------------+
; Port  ; Type  ; Severity ; Details                                                                                                                                                                            ;
+-------+-------+----------+------------------------------------------------------------------------------------------------------------------------------------------------------------------------------------+
; C     ; Input ; Warning  ; Input port expression (32 bits) is wider than the input port (1 bits) it drives.  The 31 most-significant bit(s) in the expression will be dangling if they have no other fanouts. ;
; C[-1] ; Input ; Info     ; Stuck at GND                                                                                                                                                                       ;
+-------+-------+----------+------------------------------------------------------------------------------------------------------------------------------------------------------------------------------------+


+---------------------------------------------------------------------------------------------------------------------------------------------------------------------------------------------------------------+
; Port Connectivity Checks: "mult8:multab|full_adder:fa10"                                                                                                                                                      ;
+-------+-------+----------+------------------------------------------------------------------------------------------------------------------------------------------------------------------------------------+
; Port  ; Type  ; Severity ; Details                                                                                                                                                                            ;
+-------+-------+----------+------------------------------------------------------------------------------------------------------------------------------------------------------------------------------------+
; C     ; Input ; Warning  ; Input port expression (32 bits) is wider than the input port (1 bits) it drives.  The 31 most-significant bit(s) in the expression will be dangling if they have no other fanouts. ;
; C[-1] ; Input ; Info     ; Stuck at GND                                                                                                                                                                       ;
+-------+-------+----------+------------------------------------------------------------------------------------------------------------------------------------------------------------------------------------+


+---------------------------------------------------------------------------------------------------------------------------------------------------------------------------------------------------------------+
; Port Connectivity Checks: "mult8:multab|full_adder:fa07"                                                                                                                                                      ;
+-------+-------+----------+------------------------------------------------------------------------------------------------------------------------------------------------------------------------------------+
; Port  ; Type  ; Severity ; Details                                                                                                                                                                            ;
+-------+-------+----------+------------------------------------------------------------------------------------------------------------------------------------------------------------------------------------+
; A     ; Input ; Warning  ; Input port expression (32 bits) is wider than the input port (1 bits) it drives.  The 31 most-significant bit(s) in the expression will be dangling if they have no other fanouts. ;
; A[-1] ; Input ; Info     ; Stuck at GND                                                                                                                                                                       ;
+-------+-------+----------+------------------------------------------------------------------------------------------------------------------------------------------------------------------------------------+


+---------------------------------------------------------------------------------------------------------------------------------------------------------------------------------------------------------------+
; Port Connectivity Checks: "mult8:multab|full_adder:fa00"                                                                                                                                                      ;
+-------+-------+----------+------------------------------------------------------------------------------------------------------------------------------------------------------------------------------------+
; Port  ; Type  ; Severity ; Details                                                                                                                                                                            ;
+-------+-------+----------+------------------------------------------------------------------------------------------------------------------------------------------------------------------------------------+
; C     ; Input ; Warning  ; Input port expression (32 bits) is wider than the input port (1 bits) it drives.  The 31 most-significant bit(s) in the expression will be dangling if they have no other fanouts. ;
; C[-1] ; Input ; Info     ; Stuck at GND                                                                                                                                                                       ;
+-------+-------+----------+------------------------------------------------------------------------------------------------------------------------------------------------------------------------------------+


+--------------------------------------------------------------------------------------------------------------------+
; Port Connectivity Checks: "mult8:multab"                                                                           ;
+----------+--------+----------+-------------------------------------------------------------------------------------+
; Port     ; Type   ; Severity ; Details                                                                             ;
+----------+--------+----------+-------------------------------------------------------------------------------------+
; P[15..8] ; Output ; Info     ; Connected to dangling logic. Logic that only feeds a dangling port will be removed. ;
+----------+--------+----------+-------------------------------------------------------------------------------------+


+-------------------------------+
; Analysis & Synthesis Messages ;
+-------------------------------+
Info: *******************************************************************
Info: Running Quartus II Analysis & Synthesis
    Info: Version 9.1 Build 222 10/21/2009 SJ Full Version
    Info: Processing started: Thu Mar 24 12:14:39 2011
Info: Command: quartus_map --read_settings_files=on --write_settings_files=off lab8 -c lab8
Info: Parallel compilation is enabled and will use 2 of the 2 processors detected
Info: Found 7 design units, including 7 entities, in source file lab8.v
    Info: Found entity 1: lab8
    Info: Found entity 2: Oflow
    Info: Found entity 3: regi
    Info: Found entity 4: full_adder
    Info: Found entity 5: char_7seg
    Info: Found entity 6: addme
    Info: Found entity 7: mult8
Info: Elaborating entity "lab8" for the top level hierarchy
Warning (10034): Output port "LEDG[7..0]" at lab8.v(13) has no driver
Info: Elaborating entity "regi" for hierarchy "regi:regiA"
Info: Elaborating entity "char_7seg" for hierarchy "char_7seg:h4"
Info: Elaborating entity "mult8" for hierarchy "mult8:multab"
Info: Elaborating entity "full_adder" for hierarchy "mult8:multab|full_adder:fa00"
Info: Elaborating entity "addme" for hierarchy "addme:addi"
Warning: Net is missing source, defaulting to GND
    Warning (12110): Net "S[15]" is missing source, defaulting to GND
    Warning (12110): Net "S[14]" is missing source, defaulting to GND
    Warning (12110): Net "S[13]" is missing source, defaulting to GND
    Warning (12110): Net "S[12]" is missing source, defaulting to GND
    Warning (12110): Net "S[11]" is missing source, defaulting to GND
    Warning (12110): Net "S[10]" is missing source, defaulting to GND
    Warning (12110): Net "S[9]" is missing source, defaulting to GND
    Warning (12110): Net "S[8]" is missing source, defaulting to GND
Warning (12020): Port "ordered port 2" on the entity instantiation of "fa60" is connected to a signal of width 32. The formal width of the signal in the module is 1.  The extra bits will be ignored.
Warning (12020): Port "ordered port 2" on the entity instantiation of "fa50" is connected to a signal of width 32. The formal width of the signal in the module is 1.  The extra bits will be ignored.
Warning (12020): Port "ordered port 2" on the entity instantiation of "fa40" is connected to a signal of width 32. The formal width of the signal in the module is 1.  The extra bits will be ignored.
Warning (12020): Port "ordered port 2" on the entity instantiation of "fa30" is connected to a signal of width 32. The formal width of the signal in the module is 1.  The extra bits will be ignored.
Warning (12020): Port "ordered port 2" on the entity instantiation of "fa20" is connected to a signal of width 32. The formal width of the signal in the module is 1.  The extra bits will be ignored.
Warning (12020): Port "ordered port 2" on the entity instantiation of "fa10" is connected to a signal of width 32. The formal width of the signal in the module is 1.  The extra bits will be ignored.
Warning (12020): Port "ordered port 0" on the entity instantiation of "fa07" is connected to a signal of width 32. The formal width of the signal in the module is 1.  The extra bits will be ignored.
Warning (12020): Port "ordered port 2" on the entity instantiation of "fa00" is connected to a signal of width 32. The formal width of the signal in the module is 1.  The extra bits will be ignored.
Warning: Net is missing source, defaulting to GND
    Warning (12110): Net "S[15]" is missing source, defaulting to GND
    Warning (12110): Net "S[14]" is missing source, defaulting to GND
    Warning (12110): Net "S[13]" is missing source, defaulting to GND
    Warning (12110): Net "S[12]" is missing source, defaulting to GND
    Warning (12110): Net "S[11]" is missing source, defaulting to GND
    Warning (12110): Net "S[10]" is missing source, defaulting to GND
    Warning (12110): Net "S[9]" is missing source, defaulting to GND
    Warning (12110): Net "S[8]" is missing source, defaulting to GND
Warning: Net is missing source, defaulting to GND
    Warning (12110): Net "S[15]" is missing source, defaulting to GND
    Warning (12110): Net "S[14]" is missing source, defaulting to GND
    Warning (12110): Net "S[13]" is missing source, defaulting to GND
    Warning (12110): Net "S[12]" is missing source, defaulting to GND
    Warning (12110): Net "S[11]" is missing source, defaulting to GND
    Warning (12110): Net "S[10]" is missing source, defaulting to GND
    Warning (12110): Net "S[9]" is missing source, defaulting to GND
    Warning (12110): Net "S[8]" is missing source, defaulting to GND
Warning: Net is missing source, defaulting to GND
    Warning (12110): Net "S[15]" is missing source, defaulting to GND
    Warning (12110): Net "S[14]" is missing source, defaulting to GND
    Warning (12110): Net "S[13]" is missing source, defaulting to GND
    Warning (12110): Net "S[12]" is missing source, defaulting to GND
    Warning (12110): Net "S[11]" is missing source, defaulting to GND
    Warning (12110): Net "S[10]" is missing source, defaulting to GND
    Warning (12110): Net "S[9]" is missing source, defaulting to GND
    Warning (12110): Net "S[8]" is missing source, defaulting to GND
Warning: Net is missing source, defaulting to GND
    Warning (12110): Net "S[15]" is missing source, defaulting to GND
    Warning (12110): Net "S[14]" is missing source, defaulting to GND
    Warning (12110): Net "S[13]" is missing source, defaulting to GND
    Warning (12110): Net "S[12]" is missing source, defaulting to GND
    Warning (12110): Net "S[11]" is missing source, defaulting to GND
    Warning (12110): Net "S[10]" is missing source, defaulting to GND
    Warning (12110): Net "S[9]" is missing source, defaulting to GND
    Warning (12110): Net "S[8]" is missing source, defaulting to GND
Warning: Net is missing source, defaulting to GND
    Warning (12110): Net "S[15]" is missing source, defaulting to GND
    Warning (12110): Net "S[14]" is missing source, defaulting to GND
    Warning (12110): Net "S[13]" is missing source, defaulting to GND
    Warning (12110): Net "S[12]" is missing source, defaulting to GND
    Warning (12110): Net "S[11]" is missing source, defaulting to GND
    Warning (12110): Net "S[10]" is missing source, defaulting to GND
    Warning (12110): Net "S[9]" is missing source, defaulting to GND
    Warning (12110): Net "S[8]" is missing source, defaulting to GND
Warning: Net is missing source, defaulting to GND
    Warning (12110): Net "S[15]" is missing source, defaulting to GND
    Warning (12110): Net "S[14]" is missing source, defaulting to GND
    Warning (12110): Net "S[13]" is missing source, defaulting to GND
    Warning (12110): Net "S[12]" is missing source, defaulting to GND
    Warning (12110): Net "S[11]" is missing source, defaulting to GND
    Warning (12110): Net "S[10]" is missing source, defaulting to GND
    Warning (12110): Net "S[9]" is missing source, defaulting to GND
    Warning (12110): Net "S[8]" is missing source, defaulting to GND
Warning: Net is missing source, defaulting to GND
    Warning (12110): Net "S[15]" is missing source, defaulting to GND
    Warning (12110): Net "S[14]" is missing source, defaulting to GND
    Warning (12110): Net "S[13]" is missing source, defaulting to GND
    Warning (12110): Net "S[12]" is missing source, defaulting to GND
    Warning (12110): Net "S[11]" is missing source, defaulting to GND
    Warning (12110): Net "S[10]" is missing source, defaulting to GND
    Warning (12110): Net "S[9]" is missing source, defaulting to GND
    Warning (12110): Net "S[8]" is missing source, defaulting to GND
Warning: Net is missing source, defaulting to GND
    Warning (12110): Net "S[15]" is missing source, defaulting to GND
    Warning (12110): Net "S[14]" is missing source, defaulting to GND
    Warning (12110): Net "S[13]" is missing source, defaulting to GND
    Warning (12110): Net "S[12]" is missing source, defaulting to GND
    Warning (12110): Net "S[11]" is missing source, defaulting to GND
    Warning (12110): Net "S[10]" is missing source, defaulting to GND
    Warning (12110): Net "S[9]" is missing source, defaulting to GND
    Warning (12110): Net "S[8]" is missing source, defaulting to GND
Warning: Net is missing source, defaulting to GND
    Warning (12110): Net "S[15]" is missing source, defaulting to GND
    Warning (12110): Net "S[14]" is missing source, defaulting to GND
    Warning (12110): Net "S[13]" is missing source, defaulting to GND
    Warning (12110): Net "S[12]" is missing source, defaulting to GND
    Warning (12110): Net "S[11]" is missing source, defaulting to GND
    Warning (12110): Net "S[10]" is missing source, defaulting to GND
    Warning (12110): Net "S[9]" is missing source, defaulting to GND
    Warning (12110): Net "S[8]" is missing source, defaulting to GND
Warning: Net is missing source, defaulting to GND
    Warning (12110): Net "S[15]" is missing source, defaulting to GND
    Warning (12110): Net "S[14]" is missing source, defaulting to GND
    Warning (12110): Net "S[13]" is missing source, defaulting to GND
    Warning (12110): Net "S[12]" is missing source, defaulting to GND
    Warning (12110): Net "S[11]" is missing source, defaulting to GND
    Warning (12110): Net "S[10]" is missing source, defaulting to GND
    Warning (12110): Net "S[9]" is missing source, defaulting to GND
    Warning (12110): Net "S[8]" is missing source, defaulting to GND
Warning: 10 hierarchies have connectivity warnings - see the Connectivity Checks report folder
Warning: Output pins are stuck at VCC or GND
    Warning (13410): Pin "LEDR[8]" is stuck at GND
    Warning (13410): Pin "LEDR[9]" is stuck at GND
    Warning (13410): Pin "LEDR[10]" is stuck at GND
    Warning (13410): Pin "LEDR[11]" is stuck at GND
    Warning (13410): Pin "LEDR[12]" is stuck at GND
    Warning (13410): Pin "LEDR[13]" is stuck at GND
    Warning (13410): Pin "LEDR[14]" is stuck at GND
    Warning (13410): Pin "LEDR[15]" is stuck at GND
    Warning (13410): Pin "LEDR[17]" is stuck at GND
    Warning (13410): Pin "LEDG[0]" is stuck at GND
    Warning (13410): Pin "LEDG[1]" is stuck at GND
    Warning (13410): Pin "LEDG[2]" is stuck at GND
    Warning (13410): Pin "LEDG[3]" is stuck at GND
    Warning (13410): Pin "LEDG[4]" is stuck at GND
    Warning (13410): Pin "LEDG[5]" is stuck at GND
    Warning (13410): Pin "LEDG[6]" is stuck at GND
    Warning (13410): Pin "LEDG[7]" is stuck at GND
    Warning (13410): Pin "HEX2[0]" is stuck at GND
    Warning (13410): Pin "HEX2[1]" is stuck at GND
    Warning (13410): Pin "HEX2[2]" is stuck at GND
    Warning (13410): Pin "HEX2[3]" is stuck at GND
    Warning (13410): Pin "HEX2[4]" is stuck at GND
    Warning (13410): Pin "HEX2[5]" is stuck at GND
    Warning (13410): Pin "HEX2[6]" is stuck at VCC
    Warning (13410): Pin "HEX3[0]" is stuck at GND
    Warning (13410): Pin "HEX3[1]" is stuck at GND
    Warning (13410): Pin "HEX3[2]" is stuck at GND
    Warning (13410): Pin "HEX3[3]" is stuck at GND
    Warning (13410): Pin "HEX3[4]" is stuck at GND
    Warning (13410): Pin "HEX3[5]" is stuck at GND
    Warning (13410): Pin "HEX3[6]" is stuck at VCC
Info: Implemented 332 device resources after synthesis - the final resource count might be different
    Info: Implemented 20 input pins
    Info: Implemented 83 output pins
    Info: Implemented 229 logic cells
Info: Quartus II Analysis & Synthesis was successful. 0 errors, 141 warnings
    Info: Peak virtual memory: 174 megabytes
    Info: Processing ended: Thu Mar 24 12:14:44 2011
    Info: Elapsed time: 00:00:05
    Info: Total CPU time (on all processors): 00:00:03


