Classic Timing Analyzer report for part3
Mon Jan 24 17:39:56 2011
Quartus II Version 9.1 Build 222 10/21/2009 SJ Full Version


---------------------
; Table of Contents ;
---------------------
  1. Legal Notice
  2. Timing Analyzer Summary
  3. Timing Analyzer Settings
  4. Parallel Compilation
  5. tpd
  6. Timing Analyzer Messages



----------------
; Legal Notice ;
----------------
Copyright (C) 1991-2009 Altera Corporation
Your use of Altera Corporation's design tools, logic functions 
and other software and tools, and its AMPP partner logic 
functions, and any output files from any of the foregoing 
(including device programming or simulation files), and any 
associated documentation or information are expressly subject 
to the terms and conditions of the Altera Program License 
Subscription Agreement, Altera MegaCore Function License 
Agreement, or other applicable license agreement, including, 
without limitation, that your use is for the sole purpose of 
programming logic devices manufactured by Altera and sold by 
Altera or its authorized distributors.  Please refer to the 
applicable agreement for further details.



+------------------------------------------------------------------------------------------------------------------------------+
; Timing Analyzer Summary                                                                                                      ;
+------------------------------+-------+---------------+-------------+--------+---------+------------+----------+--------------+
; Type                         ; Slack ; Required Time ; Actual Time ; From   ; To      ; From Clock ; To Clock ; Failed Paths ;
+------------------------------+-------+---------------+-------------+--------+---------+------------+----------+--------------+
; Worst-case tpd               ; N/A   ; None          ; 13.359 ns   ; SW[15] ; LEDG[0] ; --         ; --       ; 0            ;
; Total number of failed paths ;       ;               ;             ;        ;         ;            ;          ; 0            ;
+------------------------------+-------+---------------+-------------+--------+---------+------------+----------+--------------+


+-----------------------------------------------------------------------------------------------------------------------------------------------------+
; Timing Analyzer Settings                                                                                                                            ;
+------------------------------------------------------------------------------------------------------+--------------------+------+----+-------------+
; Option                                                                                               ; Setting            ; From ; To ; Entity Name ;
+------------------------------------------------------------------------------------------------------+--------------------+------+----+-------------+
; Device Name                                                                                          ; EP2C35F672C6       ;      ;    ;             ;
; Timing Models                                                                                        ; Final              ;      ;    ;             ;
; Default hold multicycle                                                                              ; Same as Multicycle ;      ;    ;             ;
; Cut paths between unrelated clock domains                                                            ; On                 ;      ;    ;             ;
; Cut off read during write signal paths                                                               ; On                 ;      ;    ;             ;
; Cut off feedback from I/O pins                                                                       ; On                 ;      ;    ;             ;
; Report Combined Fast/Slow Timing                                                                     ; Off                ;      ;    ;             ;
; Ignore Clock Settings                                                                                ; Off                ;      ;    ;             ;
; Analyze latches as synchronous elements                                                              ; On                 ;      ;    ;             ;
; Enable Recovery/Removal analysis                                                                     ; Off                ;      ;    ;             ;
; Enable Clock Latency                                                                                 ; Off                ;      ;    ;             ;
; Use TimeQuest Timing Analyzer                                                                        ; Off                ;      ;    ;             ;
; Minimum Core Junction Temperature                                                                    ; 0                  ;      ;    ;             ;
; Maximum Core Junction Temperature                                                                    ; 85                 ;      ;    ;             ;
; Number of source nodes to report per destination node                                                ; 10                 ;      ;    ;             ;
; Number of destination nodes to report                                                                ; 10                 ;      ;    ;             ;
; Number of paths to report                                                                            ; 200                ;      ;    ;             ;
; Report Minimum Timing Checks                                                                         ; Off                ;      ;    ;             ;
; Use Fast Timing Models                                                                               ; Off                ;      ;    ;             ;
; Report IO Paths Separately                                                                           ; Off                ;      ;    ;             ;
; Perform Multicorner Analysis                                                                         ; On                 ;      ;    ;             ;
; Reports the worst-case path for each clock domain and analysis                                       ; Off                ;      ;    ;             ;
; Reports worst-case timing paths for each clock domain and analysis                                   ; On                 ;      ;    ;             ;
; Specifies the maximum number of worst-case timing paths to report for each clock domain and analysis ; 100                ;      ;    ;             ;
; Removes common clock path pessimism (CCPP) during slack computation                                  ; Off                ;      ;    ;             ;
; Output I/O Timing Endpoint                                                                           ; Near End           ;      ;    ;             ;
+------------------------------------------------------------------------------------------------------+--------------------+------+----+-------------+


+------------------------------------------+
; Parallel Compilation                     ;
+----------------------------+-------------+
; Processors                 ; Number      ;
+----------------------------+-------------+
; Number detected on machine ; 2           ;
; Maximum allowed            ; 2           ;
;                            ;             ;
; Average used               ; 1.00        ;
; Maximum used               ; 1           ;
;                            ;             ;
; Usage by Processor         ; % Time Used ;
;     1 processor            ; 100.0%      ;
;     2 processors           ;   0.0%      ;
+----------------------------+-------------+


+-----------------------------------------------------------------+
; tpd                                                             ;
+-------+-------------------+-----------------+--------+----------+
; Slack ; Required P2P Time ; Actual P2P Time ; From   ; To       ;
+-------+-------------------+-----------------+--------+----------+
; N/A   ; None              ; 13.359 ns       ; SW[15] ; LEDG[0]  ;
; N/A   ; None              ; 13.355 ns       ; SW[16] ; LEDG[0]  ;
; N/A   ; None              ; 12.742 ns       ; SW[15] ; LEDG[2]  ;
; N/A   ; None              ; 12.736 ns       ; SW[16] ; LEDG[2]  ;
; N/A   ; None              ; 12.460 ns       ; SW[17] ; LEDG[0]  ;
; N/A   ; None              ; 12.333 ns       ; SW[15] ; LEDG[1]  ;
; N/A   ; None              ; 12.328 ns       ; SW[16] ; LEDG[1]  ;
; N/A   ; None              ; 12.148 ns       ; SW[17] ; LEDG[2]  ;
; N/A   ; None              ; 11.821 ns       ; SW[14] ; LEDG[2]  ;
; N/A   ; None              ; 11.738 ns       ; SW[17] ; LEDG[1]  ;
; N/A   ; None              ; 11.232 ns       ; SW[13] ; LEDG[1]  ;
; N/A   ; None              ; 10.040 ns       ; SW[13] ; LEDR[13] ;
; N/A   ; None              ; 9.919 ns        ; SW[16] ; LEDR[16] ;
; N/A   ; None              ; 9.866 ns        ; SW[17] ; LEDR[17] ;
; N/A   ; None              ; 9.733 ns        ; SW[14] ; LEDR[14] ;
; N/A   ; None              ; 9.626 ns        ; SW[15] ; LEDR[15] ;
; N/A   ; None              ; 9.417 ns        ; SW[9]  ; LEDG[0]  ;
; N/A   ; None              ; 9.219 ns        ; SW[0]  ; LEDG[0]  ;
; N/A   ; None              ; 9.098 ns        ; SW[8]  ; LEDG[2]  ;
; N/A   ; None              ; 8.484 ns        ; SW[2]  ; LEDG[2]  ;
; N/A   ; None              ; 8.461 ns        ; SW[12] ; LEDG[0]  ;
; N/A   ; None              ; 8.360 ns        ; SW[11] ; LEDG[2]  ;
; N/A   ; None              ; 8.332 ns        ; SW[1]  ; LEDG[1]  ;
; N/A   ; None              ; 8.135 ns        ; SW[7]  ; LEDG[1]  ;
; N/A   ; None              ; 8.063 ns        ; SW[10] ; LEDG[1]  ;
; N/A   ; None              ; 7.790 ns        ; SW[6]  ; LEDG[0]  ;
; N/A   ; None              ; 7.527 ns        ; SW[3]  ; LEDG[0]  ;
; N/A   ; None              ; 7.028 ns        ; SW[9]  ; LEDR[9]  ;
; N/A   ; None              ; 6.895 ns        ; SW[5]  ; LEDG[2]  ;
; N/A   ; None              ; 6.889 ns        ; SW[4]  ; LEDG[1]  ;
; N/A   ; None              ; 6.485 ns        ; SW[1]  ; LEDR[1]  ;
; N/A   ; None              ; 6.454 ns        ; SW[8]  ; LEDR[8]  ;
; N/A   ; None              ; 6.368 ns        ; SW[7]  ; LEDR[7]  ;
; N/A   ; None              ; 6.013 ns        ; SW[10] ; LEDR[10] ;
; N/A   ; None              ; 5.913 ns        ; SW[12] ; LEDR[12] ;
; N/A   ; None              ; 5.851 ns        ; SW[11] ; LEDR[11] ;
; N/A   ; None              ; 5.784 ns        ; SW[3]  ; LEDR[3]  ;
; N/A   ; None              ; 5.702 ns        ; SW[5]  ; LEDR[5]  ;
; N/A   ; None              ; 5.611 ns        ; SW[0]  ; LEDR[0]  ;
; N/A   ; None              ; 5.338 ns        ; SW[6]  ; LEDR[6]  ;
; N/A   ; None              ; 5.280 ns        ; SW[4]  ; LEDR[4]  ;
; N/A   ; None              ; 5.204 ns        ; SW[2]  ; LEDR[2]  ;
+-------+-------------------+-----------------+--------+----------+


+--------------------------+
; Timing Analyzer Messages ;
+--------------------------+
Info: *******************************************************************
Info: Running Quartus II Classic Timing Analyzer
    Info: Version 9.1 Build 222 10/21/2009 SJ Full Version
    Info: Processing started: Mon Jan 24 17:39:56 2011
Info: Command: quartus_tan --read_settings_files=off --write_settings_files=off part3 -c part3 --timing_analysis_only
Info: Parallel compilation is enabled and will use 2 of the 2 processors detected
Info: Longest tpd from source pin "SW[15]" to destination pin "LEDG[0]" is 13.359 ns
    Info: 1: + IC(0.000 ns) + CELL(0.832 ns) = 0.832 ns; Loc. = PIN_U4; Fanout = 6; PIN Node = 'SW[15]'
    Info: 2: + IC(6.116 ns) + CELL(0.437 ns) = 7.385 ns; Loc. = LCCOMB_X33_Y3_N8; Fanout = 1; COMB Node = 'Mux2~0'
    Info: 3: + IC(0.247 ns) + CELL(0.275 ns) = 7.907 ns; Loc. = LCCOMB_X33_Y3_N2; Fanout = 1; COMB Node = 'Mux2~1'
    Info: 4: + IC(0.245 ns) + CELL(0.150 ns) = 8.302 ns; Loc. = LCCOMB_X33_Y3_N28; Fanout = 1; COMB Node = 'Mux2~2'
    Info: 5: + IC(2.249 ns) + CELL(2.808 ns) = 13.359 ns; Loc. = PIN_AE22; Fanout = 0; PIN Node = 'LEDG[0]'
    Info: Total cell delay = 4.502 ns ( 33.70 % )
    Info: Total interconnect delay = 8.857 ns ( 66.30 % )
Info: Quartus II Classic Timing Analyzer was successful. 0 errors, 0 warnings
    Info: Peak virtual memory: 135 megabytes
    Info: Processing ended: Mon Jan 24 17:39:57 2011
    Info: Elapsed time: 00:00:01
    Info: Total CPU time (on all processors): 00:00:00


