Classic Timing Analyzer report for part1
Thu Jan 20 12:31:01 2011
Quartus II Version 9.1 Build 222 10/21/2009 SJ Full Version


---------------------
; Table of Contents ;
---------------------
  1. Legal Notice
  2. Timing Analyzer Summary
  3. Timing Analyzer Settings
  4. Parallel Compilation
  5. tpd
  6. Timing Analyzer Messages



----------------
; Legal Notice ;
----------------
Copyright (C) 1991-2009 Altera Corporation
Your use of Altera Corporation's design tools, logic functions 
and other software and tools, and its AMPP partner logic 
functions, and any output files from any of the foregoing 
(including device programming or simulation files), and any 
associated documentation or information are expressly subject 
to the terms and conditions of the Altera Program License 
Subscription Agreement, Altera MegaCore Function License 
Agreement, or other applicable license agreement, including, 
without limitation, that your use is for the sole purpose of 
programming logic devices manufactured by Altera and sold by 
Altera or its authorized distributors.  Please refer to the 
applicable agreement for further details.



+-------------------------------------------------------------------------------------------------------------------------------+
; Timing Analyzer Summary                                                                                                       ;
+------------------------------+-------+---------------+-------------+--------+----------+------------+----------+--------------+
; Type                         ; Slack ; Required Time ; Actual Time ; From   ; To       ; From Clock ; To Clock ; Failed Paths ;
+------------------------------+-------+---------------+-------------+--------+----------+------------+----------+--------------+
; Worst-case tpd               ; N/A   ; None          ; 9.765 ns    ; SW[16] ; LEDR[16] ; --         ; --       ; 0            ;
; Total number of failed paths ;       ;               ;             ;        ;          ;            ;          ; 0            ;
+------------------------------+-------+---------------+-------------+--------+----------+------------+----------+--------------+


+-----------------------------------------------------------------------------------------------------------------------------------------------------+
; Timing Analyzer Settings                                                                                                                            ;
+------------------------------------------------------------------------------------------------------+--------------------+------+----+-------------+
; Option                                                                                               ; Setting            ; From ; To ; Entity Name ;
+------------------------------------------------------------------------------------------------------+--------------------+------+----+-------------+
; Device Name                                                                                          ; EP2C35F672C6       ;      ;    ;             ;
; Timing Models                                                                                        ; Final              ;      ;    ;             ;
; Default hold multicycle                                                                              ; Same as Multicycle ;      ;    ;             ;
; Cut paths between unrelated clock domains                                                            ; On                 ;      ;    ;             ;
; Cut off read during write signal paths                                                               ; On                 ;      ;    ;             ;
; Cut off feedback from I/O pins                                                                       ; On                 ;      ;    ;             ;
; Report Combined Fast/Slow Timing                                                                     ; Off                ;      ;    ;             ;
; Ignore Clock Settings                                                                                ; Off                ;      ;    ;             ;
; Analyze latches as synchronous elements                                                              ; On                 ;      ;    ;             ;
; Enable Recovery/Removal analysis                                                                     ; Off                ;      ;    ;             ;
; Enable Clock Latency                                                                                 ; Off                ;      ;    ;             ;
; Use TimeQuest Timing Analyzer                                                                        ; Off                ;      ;    ;             ;
; Minimum Core Junction Temperature                                                                    ; 0                  ;      ;    ;             ;
; Maximum Core Junction Temperature                                                                    ; 85                 ;      ;    ;             ;
; Number of source nodes to report per destination node                                                ; 10                 ;      ;    ;             ;
; Number of destination nodes to report                                                                ; 10                 ;      ;    ;             ;
; Number of paths to report                                                                            ; 200                ;      ;    ;             ;
; Report Minimum Timing Checks                                                                         ; Off                ;      ;    ;             ;
; Use Fast Timing Models                                                                               ; Off                ;      ;    ;             ;
; Report IO Paths Separately                                                                           ; Off                ;      ;    ;             ;
; Perform Multicorner Analysis                                                                         ; On                 ;      ;    ;             ;
; Reports the worst-case path for each clock domain and analysis                                       ; Off                ;      ;    ;             ;
; Reports worst-case timing paths for each clock domain and analysis                                   ; On                 ;      ;    ;             ;
; Specifies the maximum number of worst-case timing paths to report for each clock domain and analysis ; 100                ;      ;    ;             ;
; Removes common clock path pessimism (CCPP) during slack computation                                  ; Off                ;      ;    ;             ;
; Output I/O Timing Endpoint                                                                           ; Near End           ;      ;    ;             ;
+------------------------------------------------------------------------------------------------------+--------------------+------+----+-------------+


+------------------------------------------+
; Parallel Compilation                     ;
+----------------------------+-------------+
; Processors                 ; Number      ;
+----------------------------+-------------+
; Number detected on machine ; 2           ;
; Maximum allowed            ; 2           ;
;                            ;             ;
; Average used               ; 1.00        ;
; Maximum used               ; 1           ;
;                            ;             ;
; Usage by Processor         ; % Time Used ;
;     1 processor            ; 100.0%      ;
;     2 processors           ;   0.0%      ;
+----------------------------+-------------+


+-----------------------------------------------------------------+
; tpd                                                             ;
+-------+-------------------+-----------------+--------+----------+
; Slack ; Required P2P Time ; Actual P2P Time ; From   ; To       ;
+-------+-------------------+-----------------+--------+----------+
; N/A   ; None              ; 9.765 ns        ; SW[16] ; LEDR[16] ;
; N/A   ; None              ; 9.634 ns        ; SW[14] ; LEDR[14] ;
; N/A   ; None              ; 9.598 ns        ; SW[13] ; LEDR[13] ;
; N/A   ; None              ; 9.593 ns        ; SW[17] ; LEDR[17] ;
; N/A   ; None              ; 9.404 ns        ; SW[15] ; LEDR[15] ;
; N/A   ; None              ; 6.279 ns        ; SW[7]  ; LEDR[7]  ;
; N/A   ; None              ; 6.210 ns        ; SW[9]  ; LEDR[9]  ;
; N/A   ; None              ; 5.868 ns        ; SW[8]  ; LEDR[8]  ;
; N/A   ; None              ; 5.783 ns        ; SW[3]  ; LEDR[3]  ;
; N/A   ; None              ; 5.702 ns        ; SW[5]  ; LEDR[5]  ;
; N/A   ; None              ; 5.696 ns        ; SW[12] ; LEDR[12] ;
; N/A   ; None              ; 5.680 ns        ; SW[10] ; LEDR[10] ;
; N/A   ; None              ; 5.673 ns        ; SW[1]  ; LEDR[1]  ;
; N/A   ; None              ; 5.638 ns        ; SW[11] ; LEDR[11] ;
; N/A   ; None              ; 5.611 ns        ; SW[0]  ; LEDR[0]  ;
; N/A   ; None              ; 5.338 ns        ; SW[6]  ; LEDR[6]  ;
; N/A   ; None              ; 5.280 ns        ; SW[4]  ; LEDR[4]  ;
; N/A   ; None              ; 5.135 ns        ; SW[2]  ; LEDR[2]  ;
+-------+-------------------+-----------------+--------+----------+


+--------------------------+
; Timing Analyzer Messages ;
+--------------------------+
Info: *******************************************************************
Info: Running Quartus II Classic Timing Analyzer
    Info: Version 9.1 Build 222 10/21/2009 SJ Full Version
    Info: Processing started: Thu Jan 20 12:31:01 2011
Info: Command: quartus_tan --read_settings_files=off --write_settings_files=off part1 -c part1 --timing_analysis_only
Info: Parallel compilation is enabled and will use 2 of the 2 processors detected
Info: Longest tpd from source pin "SW[16]" to destination pin "LEDR[16]" is 9.765 ns
    Info: 1: + IC(0.000 ns) + CELL(0.852 ns) = 0.852 ns; Loc. = PIN_V1; Fanout = 1; PIN Node = 'SW[16]'
    Info: 2: + IC(6.115 ns) + CELL(2.798 ns) = 9.765 ns; Loc. = PIN_AE12; Fanout = 0; PIN Node = 'LEDR[16]'
    Info: Total cell delay = 3.650 ns ( 37.38 % )
    Info: Total interconnect delay = 6.115 ns ( 62.62 % )
Info: Quartus II Classic Timing Analyzer was successful. 0 errors, 0 warnings
    Info: Peak virtual memory: 135 megabytes
    Info: Processing ended: Thu Jan 20 12:31:01 2011
    Info: Elapsed time: 00:00:00
    Info: Total CPU time (on all processors): 00:00:00


