Classic Timing Analyzer report for part2
Thu Mar 17 12:14:30 2011
Quartus II Version 9.1 Build 222 10/21/2009 SJ Full Version


---------------------
; Table of Contents ;
---------------------
  1. Legal Notice
  2. Timing Analyzer Summary
  3. Timing Analyzer Settings
  4. Clock Settings Summary
  5. Parallel Compilation
  6. Clock Setup: 'KEY[0]'
  7. tsu
  8. tco
  9. th
 10. Timing Analyzer Messages



----------------
; Legal Notice ;
----------------
Copyright (C) 1991-2009 Altera Corporation
Your use of Altera Corporation's design tools, logic functions 
and other software and tools, and its AMPP partner logic 
functions, and any output files from any of the foregoing 
(including device programming or simulation files), and any 
associated documentation or information are expressly subject 
to the terms and conditions of the Altera Program License 
Subscription Agreement, Altera MegaCore Function License 
Agreement, or other applicable license agreement, including, 
without limitation, that your use is for the sole purpose of 
programming logic devices manufactured by Altera and sold by 
Altera or its authorized distributors.  Please refer to the 
applicable agreement for further details.



+---------------------------------------------------------------------------------------------------------------------------------------------------------------------+
; Timing Analyzer Summary                                                                                                                                             ;
+------------------------------+-------+---------------+----------------------------------+-----------------+------------------+------------+----------+--------------+
; Type                         ; Slack ; Required Time ; Actual Time                      ; From            ; To               ; From Clock ; To Clock ; Failed Paths ;
+------------------------------+-------+---------------+----------------------------------+-----------------+------------------+------------+----------+--------------+
; Worst-case tsu               ; N/A   ; None          ; 1.353 ns                         ; SW[1]           ; t_FlipFlop:t2|q  ; --         ; KEY[0]   ; 0            ;
; Worst-case tco               ; N/A   ; None          ; 11.340 ns                        ; t_FlipFlop:t0|q ; HEX0[5]          ; KEY[0]     ; --       ; 0            ;
; Worst-case th                ; N/A   ; None          ; 0.869 ns                         ; SW[1]           ; t_FlipFlop:t1|q  ; --         ; KEY[0]   ; 0            ;
; Clock Setup: 'KEY[0]'        ; N/A   ; None          ; 345.18 MHz ( period = 2.897 ns ) ; t_FlipFlop:t4|q ; t_FlipFlop:t15|q ; KEY[0]     ; KEY[0]   ; 0            ;
; Total number of failed paths ;       ;               ;                                  ;                 ;                  ;            ;          ; 0            ;
+------------------------------+-------+---------------+----------------------------------+-----------------+------------------+------------+----------+--------------+


+-----------------------------------------------------------------------------------------------------------------------------------------------------+
; Timing Analyzer Settings                                                                                                                            ;
+------------------------------------------------------------------------------------------------------+--------------------+------+----+-------------+
; Option                                                                                               ; Setting            ; From ; To ; Entity Name ;
+------------------------------------------------------------------------------------------------------+--------------------+------+----+-------------+
; Device Name                                                                                          ; EP2C35F672C6       ;      ;    ;             ;
; Timing Models                                                                                        ; Final              ;      ;    ;             ;
; Default hold multicycle                                                                              ; Same as Multicycle ;      ;    ;             ;
; Cut paths between unrelated clock domains                                                            ; On                 ;      ;    ;             ;
; Cut off read during write signal paths                                                               ; On                 ;      ;    ;             ;
; Cut off feedback from I/O pins                                                                       ; On                 ;      ;    ;             ;
; Report Combined Fast/Slow Timing                                                                     ; Off                ;      ;    ;             ;
; Ignore Clock Settings                                                                                ; Off                ;      ;    ;             ;
; Analyze latches as synchronous elements                                                              ; On                 ;      ;    ;             ;
; Enable Recovery/Removal analysis                                                                     ; Off                ;      ;    ;             ;
; Enable Clock Latency                                                                                 ; Off                ;      ;    ;             ;
; Use TimeQuest Timing Analyzer                                                                        ; Off                ;      ;    ;             ;
; Minimum Core Junction Temperature                                                                    ; 0                  ;      ;    ;             ;
; Maximum Core Junction Temperature                                                                    ; 85                 ;      ;    ;             ;
; Number of source nodes to report per destination node                                                ; 10                 ;      ;    ;             ;
; Number of destination nodes to report                                                                ; 10                 ;      ;    ;             ;
; Number of paths to report                                                                            ; 200                ;      ;    ;             ;
; Report Minimum Timing Checks                                                                         ; Off                ;      ;    ;             ;
; Use Fast Timing Models                                                                               ; Off                ;      ;    ;             ;
; Report IO Paths Separately                                                                           ; Off                ;      ;    ;             ;
; Perform Multicorner Analysis                                                                         ; On                 ;      ;    ;             ;
; Reports the worst-case path for each clock domain and analysis                                       ; Off                ;      ;    ;             ;
; Reports worst-case timing paths for each clock domain and analysis                                   ; On                 ;      ;    ;             ;
; Specifies the maximum number of worst-case timing paths to report for each clock domain and analysis ; 100                ;      ;    ;             ;
; Removes common clock path pessimism (CCPP) during slack computation                                  ; Off                ;      ;    ;             ;
; Output I/O Timing Endpoint                                                                           ; Near End           ;      ;    ;             ;
+------------------------------------------------------------------------------------------------------+--------------------+------+----+-------------+


+------------------------------------------------------------------------------------------------------------------------------------------------------------------------------------+
; Clock Settings Summary                                                                                                                                                             ;
+-----------------+--------------------+----------+------------------+---------------+--------------+----------+-----------------------+---------------------+--------+--------------+
; Clock Node Name ; Clock Setting Name ; Type     ; Fmax Requirement ; Early Latency ; Late Latency ; Based on ; Multiply Base Fmax by ; Divide Base Fmax by ; Offset ; Phase offset ;
+-----------------+--------------------+----------+------------------+---------------+--------------+----------+-----------------------+---------------------+--------+--------------+
; KEY[0]          ;                    ; User Pin ; None             ; 0.000 ns      ; 0.000 ns     ; --       ; N/A                   ; N/A                 ; N/A    ;              ;
+-----------------+--------------------+----------+------------------+---------------+--------------+----------+-----------------------+---------------------+--------+--------------+


+------------------------------------------+
; Parallel Compilation                     ;
+----------------------------+-------------+
; Processors                 ; Number      ;
+----------------------------+-------------+
; Number detected on machine ; 2           ;
; Maximum allowed            ; 2           ;
;                            ;             ;
; Average used               ; 1.00        ;
; Maximum used               ; 1           ;
;                            ;             ;
; Usage by Processor         ; % Time Used ;
;     1 processor            ; 100.0%      ;
;     2 processors           ;   0.0%      ;
+----------------------------+-------------+


+----------------------------------------------------------------------------------------------------------------------------------------------------------------------------------------------------------+
; Clock Setup: 'KEY[0]'                                                                                                                                                                                    ;
+-------+------------------------------------------------+------------------+------------------+------------+----------+-----------------------------+---------------------------+-------------------------+
; Slack ; Actual fmax (period)                           ; From             ; To               ; From Clock ; To Clock ; Required Setup Relationship ; Required Longest P2P Time ; Actual Longest P2P Time ;
+-------+------------------------------------------------+------------------+------------------+------------+----------+-----------------------------+---------------------------+-------------------------+
; N/A   ; 345.18 MHz ( period = 2.897 ns )               ; t_FlipFlop:t4|q  ; t_FlipFlop:t15|q ; KEY[0]     ; KEY[0]   ; None                        ; None                      ; 2.683 ns                ;
; N/A   ; 345.54 MHz ( period = 2.894 ns )               ; t_FlipFlop:t4|q  ; t_FlipFlop:t14|q ; KEY[0]     ; KEY[0]   ; None                        ; None                      ; 2.680 ns                ;
; N/A   ; 348.68 MHz ( period = 2.868 ns )               ; t_FlipFlop:t7|q  ; t_FlipFlop:t15|q ; KEY[0]     ; KEY[0]   ; None                        ; None                      ; 2.654 ns                ;
; N/A   ; 349.04 MHz ( period = 2.865 ns )               ; t_FlipFlop:t7|q  ; t_FlipFlop:t14|q ; KEY[0]     ; KEY[0]   ; None                        ; None                      ; 2.651 ns                ;
; N/A   ; 363.11 MHz ( period = 2.754 ns )               ; t_FlipFlop:t3|q  ; t_FlipFlop:t15|q ; KEY[0]     ; KEY[0]   ; None                        ; None                      ; 2.540 ns                ;
; N/A   ; 363.50 MHz ( period = 2.751 ns )               ; t_FlipFlop:t3|q  ; t_FlipFlop:t14|q ; KEY[0]     ; KEY[0]   ; None                        ; None                      ; 2.537 ns                ;
; N/A   ; 366.03 MHz ( period = 2.732 ns )               ; t_FlipFlop:t0|q  ; t_FlipFlop:t8|q  ; KEY[0]     ; KEY[0]   ; None                        ; None                      ; 2.540 ns                ;
; N/A   ; 366.97 MHz ( period = 2.725 ns )               ; t_FlipFlop:t2|q  ; t_FlipFlop:t2|q  ; KEY[0]     ; KEY[0]   ; None                        ; None                      ; 2.511 ns                ;
; N/A   ; 375.66 MHz ( period = 2.662 ns )               ; t_FlipFlop:t0|q  ; t_FlipFlop:t15|q ; KEY[0]     ; KEY[0]   ; None                        ; None                      ; 2.448 ns                ;
; N/A   ; 376.08 MHz ( period = 2.659 ns )               ; t_FlipFlop:t0|q  ; t_FlipFlop:t14|q ; KEY[0]     ; KEY[0]   ; None                        ; None                      ; 2.445 ns                ;
; N/A   ; 376.65 MHz ( period = 2.655 ns )               ; t_FlipFlop:t4|q  ; t_FlipFlop:t11|q ; KEY[0]     ; KEY[0]   ; None                        ; None                      ; 2.463 ns                ;
; N/A   ; 380.52 MHz ( period = 2.628 ns )               ; t_FlipFlop:t0|q  ; t_FlipFlop:t7|q  ; KEY[0]     ; KEY[0]   ; None                        ; None                      ; 2.414 ns                ;
; N/A   ; 380.81 MHz ( period = 2.626 ns )               ; t_FlipFlop:t7|q  ; t_FlipFlop:t11|q ; KEY[0]     ; KEY[0]   ; None                        ; None                      ; 2.434 ns                ;
; N/A   ; 381.53 MHz ( period = 2.621 ns )               ; t_FlipFlop:t5|q  ; t_FlipFlop:t15|q ; KEY[0]     ; KEY[0]   ; None                        ; None                      ; 2.407 ns                ;
; N/A   ; 381.97 MHz ( period = 2.618 ns )               ; t_FlipFlop:t5|q  ; t_FlipFlop:t14|q ; KEY[0]     ; KEY[0]   ; None                        ; None                      ; 2.404 ns                ;
; N/A   ; 382.56 MHz ( period = 2.614 ns )               ; t_FlipFlop:t1|q  ; t_FlipFlop:t8|q  ; KEY[0]     ; KEY[0]   ; None                        ; None                      ; 2.422 ns                ;
; N/A   ; 389.56 MHz ( period = 2.567 ns )               ; t_FlipFlop:t4|q  ; t_FlipFlop:t10|q ; KEY[0]     ; KEY[0]   ; None                        ; None                      ; 2.375 ns                ;
; N/A   ; 390.63 MHz ( period = 2.560 ns )               ; t_FlipFlop:t1|q  ; t_FlipFlop:t2|q  ; KEY[0]     ; KEY[0]   ; None                        ; None                      ; 2.346 ns                ;
; N/A   ; 393.08 MHz ( period = 2.544 ns )               ; t_FlipFlop:t1|q  ; t_FlipFlop:t15|q ; KEY[0]     ; KEY[0]   ; None                        ; None                      ; 2.330 ns                ;
; N/A   ; 393.55 MHz ( period = 2.541 ns )               ; t_FlipFlop:t1|q  ; t_FlipFlop:t14|q ; KEY[0]     ; KEY[0]   ; None                        ; None                      ; 2.327 ns                ;
; N/A   ; 394.01 MHz ( period = 2.538 ns )               ; t_FlipFlop:t7|q  ; t_FlipFlop:t10|q ; KEY[0]     ; KEY[0]   ; None                        ; None                      ; 2.346 ns                ;
; N/A   ; 398.09 MHz ( period = 2.512 ns )               ; t_FlipFlop:t3|q  ; t_FlipFlop:t11|q ; KEY[0]     ; KEY[0]   ; None                        ; None                      ; 2.320 ns                ;
; N/A   ; 398.41 MHz ( period = 2.510 ns )               ; t_FlipFlop:t1|q  ; t_FlipFlop:t7|q  ; KEY[0]     ; KEY[0]   ; None                        ; None                      ; 2.296 ns                ;
; N/A   ; 401.28 MHz ( period = 2.492 ns )               ; t_FlipFlop:t4|q  ; t_FlipFlop:t13|q ; KEY[0]     ; KEY[0]   ; None                        ; None                      ; 2.278 ns                ;
; N/A   ; 401.45 MHz ( period = 2.491 ns )               ; t_FlipFlop:t4|q  ; t_FlipFlop:t12|q ; KEY[0]     ; KEY[0]   ; None                        ; None                      ; 2.277 ns                ;
; N/A   ; 403.23 MHz ( period = 2.480 ns )               ; t_FlipFlop:t2|q  ; t_FlipFlop:t8|q  ; KEY[0]     ; KEY[0]   ; None                        ; None                      ; 2.288 ns                ;
; N/A   ; 404.86 MHz ( period = 2.470 ns )               ; t_FlipFlop:t8|q  ; t_FlipFlop:t15|q ; KEY[0]     ; KEY[0]   ; None                        ; None                      ; 2.234 ns                ;
; N/A   ; 405.35 MHz ( period = 2.467 ns )               ; t_FlipFlop:t8|q  ; t_FlipFlop:t14|q ; KEY[0]     ; KEY[0]   ; None                        ; None                      ; 2.231 ns                ;
; N/A   ; 406.01 MHz ( period = 2.463 ns )               ; t_FlipFlop:t7|q  ; t_FlipFlop:t13|q ; KEY[0]     ; KEY[0]   ; None                        ; None                      ; 2.249 ns                ;
; N/A   ; 406.17 MHz ( period = 2.462 ns )               ; t_FlipFlop:t7|q  ; t_FlipFlop:t12|q ; KEY[0]     ; KEY[0]   ; None                        ; None                      ; 2.248 ns                ;
; N/A   ; 408.50 MHz ( period = 2.448 ns )               ; t_FlipFlop:t0|q  ; t_FlipFlop:t2|q  ; KEY[0]     ; KEY[0]   ; None                        ; None                      ; 2.234 ns                ;
; N/A   ; 410.17 MHz ( period = 2.438 ns )               ; t_FlipFlop:t0|q  ; t_FlipFlop:t5|q  ; KEY[0]     ; KEY[0]   ; None                        ; None                      ; 2.224 ns                ;
; N/A   ; 412.54 MHz ( period = 2.424 ns )               ; t_FlipFlop:t3|q  ; t_FlipFlop:t10|q ; KEY[0]     ; KEY[0]   ; None                        ; None                      ; 2.232 ns                ;
; N/A   ; 412.54 MHz ( period = 2.424 ns )               ; t_FlipFlop:t5|q  ; t_FlipFlop:t8|q  ; KEY[0]     ; KEY[0]   ; None                        ; None                      ; 2.232 ns                ;
; N/A   ; 413.22 MHz ( period = 2.420 ns )               ; t_FlipFlop:t0|q  ; t_FlipFlop:t11|q ; KEY[0]     ; KEY[0]   ; None                        ; None                      ; 2.228 ns                ;
; N/A   ; 414.94 MHz ( period = 2.410 ns )               ; t_FlipFlop:t2|q  ; t_FlipFlop:t15|q ; KEY[0]     ; KEY[0]   ; None                        ; None                      ; 2.196 ns                ;
; N/A   ; 415.45 MHz ( period = 2.407 ns )               ; t_FlipFlop:t2|q  ; t_FlipFlop:t14|q ; KEY[0]     ; KEY[0]   ; None                        ; None                      ; 2.193 ns                ;
; N/A   ; 420.34 MHz ( period = 2.379 ns )               ; t_FlipFlop:t5|q  ; t_FlipFlop:t11|q ; KEY[0]     ; KEY[0]   ; None                        ; None                      ; 2.187 ns                ;
; N/A   ; 420.88 MHz ( period = 2.376 ns )               ; t_FlipFlop:t2|q  ; t_FlipFlop:t7|q  ; KEY[0]     ; KEY[0]   ; None                        ; None                      ; 2.162 ns                ;
; N/A   ; 425.71 MHz ( period = 2.349 ns )               ; t_FlipFlop:t3|q  ; t_FlipFlop:t13|q ; KEY[0]     ; KEY[0]   ; None                        ; None                      ; 2.135 ns                ;
; N/A   ; 425.89 MHz ( period = 2.348 ns )               ; t_FlipFlop:t3|q  ; t_FlipFlop:t12|q ; KEY[0]     ; KEY[0]   ; None                        ; None                      ; 2.134 ns                ;
; N/A   ; 427.90 MHz ( period = 2.337 ns )               ; t_FlipFlop:t0|q  ; t_FlipFlop:t6|q  ; KEY[0]     ; KEY[0]   ; None                        ; None                      ; 2.145 ns                ;
; N/A   ; 428.82 MHz ( period = 2.332 ns )               ; t_FlipFlop:t0|q  ; t_FlipFlop:t10|q ; KEY[0]     ; KEY[0]   ; None                        ; None                      ; 2.140 ns                ;
; N/A   ; 429.92 MHz ( period = 2.326 ns )               ; t_FlipFlop:t6|q  ; t_FlipFlop:t15|q ; KEY[0]     ; KEY[0]   ; None                        ; None                      ; 2.090 ns                ;
; N/A   ; 430.48 MHz ( period = 2.323 ns )               ; t_FlipFlop:t6|q  ; t_FlipFlop:t14|q ; KEY[0]     ; KEY[0]   ; None                        ; None                      ; 2.087 ns                ;
; N/A   ; 431.03 MHz ( period = 2.320 ns )               ; t_FlipFlop:t5|q  ; t_FlipFlop:t7|q  ; KEY[0]     ; KEY[0]   ; None                        ; None                      ; 2.106 ns                ;
; N/A   ; 431.03 MHz ( period = 2.320 ns )               ; t_FlipFlop:t1|q  ; t_FlipFlop:t5|q  ; KEY[0]     ; KEY[0]   ; None                        ; None                      ; 2.106 ns                ;
; N/A   ; 434.40 MHz ( period = 2.302 ns )               ; t_FlipFlop:t1|q  ; t_FlipFlop:t11|q ; KEY[0]     ; KEY[0]   ; None                        ; None                      ; 2.110 ns                ;
; N/A   ; 436.49 MHz ( period = 2.291 ns )               ; t_FlipFlop:t5|q  ; t_FlipFlop:t10|q ; KEY[0]     ; KEY[0]   ; None                        ; None                      ; 2.099 ns                ;
; N/A   ; 438.98 MHz ( period = 2.278 ns )               ; t_FlipFlop:t10|q ; t_FlipFlop:t15|q ; KEY[0]     ; KEY[0]   ; None                        ; None                      ; 2.042 ns                ;
; N/A   ; 439.56 MHz ( period = 2.275 ns )               ; t_FlipFlop:t10|q ; t_FlipFlop:t14|q ; KEY[0]     ; KEY[0]   ; None                        ; None                      ; 2.039 ns                ;
; N/A   ; 443.07 MHz ( period = 2.257 ns )               ; t_FlipFlop:t0|q  ; t_FlipFlop:t13|q ; KEY[0]     ; KEY[0]   ; None                        ; None                      ; 2.043 ns                ;
; N/A   ; 443.26 MHz ( period = 2.256 ns )               ; t_FlipFlop:t0|q  ; t_FlipFlop:t12|q ; KEY[0]     ; KEY[0]   ; None                        ; None                      ; 2.042 ns                ;
; N/A   ; 443.46 MHz ( period = 2.255 ns )               ; t_FlipFlop:t4|q  ; t_FlipFlop:t9|q  ; KEY[0]     ; KEY[0]   ; None                        ; None                      ; 2.063 ns                ;
; N/A   ; 448.83 MHz ( period = 2.228 ns )               ; t_FlipFlop:t8|q  ; t_FlipFlop:t11|q ; KEY[0]     ; KEY[0]   ; None                        ; None                      ; 2.014 ns                ;
; N/A   ; 449.24 MHz ( period = 2.226 ns )               ; t_FlipFlop:t7|q  ; t_FlipFlop:t9|q  ; KEY[0]     ; KEY[0]   ; None                        ; None                      ; 2.034 ns                ;
; N/A   ; Restricted to 450.05 MHz ( period = 2.222 ns ) ; t_FlipFlop:t1|q  ; t_FlipFlop:t6|q  ; KEY[0]     ; KEY[0]   ; None                        ; None                      ; 2.027 ns                ;
; N/A   ; Restricted to 450.05 MHz ( period = 2.222 ns ) ; t_FlipFlop:t5|q  ; t_FlipFlop:t13|q ; KEY[0]     ; KEY[0]   ; None                        ; None                      ; 2.002 ns                ;
; N/A   ; Restricted to 450.05 MHz ( period = 2.222 ns ) ; t_FlipFlop:t5|q  ; t_FlipFlop:t12|q ; KEY[0]     ; KEY[0]   ; None                        ; None                      ; 2.001 ns                ;
; N/A   ; Restricted to 450.05 MHz ( period = 2.222 ns ) ; t_FlipFlop:t1|q  ; t_FlipFlop:t10|q ; KEY[0]     ; KEY[0]   ; None                        ; None                      ; 2.022 ns                ;
; N/A   ; Restricted to 450.05 MHz ( period = 2.222 ns ) ; t_FlipFlop:t2|q  ; t_FlipFlop:t5|q  ; KEY[0]     ; KEY[0]   ; None                        ; None                      ; 1.972 ns                ;
; N/A   ; Restricted to 450.05 MHz ( period = 2.222 ns ) ; t_FlipFlop:t3|q  ; t_FlipFlop:t8|q  ; KEY[0]     ; KEY[0]   ; None                        ; None                      ; 1.977 ns                ;
; N/A   ; Restricted to 450.05 MHz ( period = 2.222 ns ) ; t_FlipFlop:t2|q  ; t_FlipFlop:t11|q ; KEY[0]     ; KEY[0]   ; None                        ; None                      ; 1.976 ns                ;
; N/A   ; Restricted to 450.05 MHz ( period = 2.222 ns ) ; t_FlipFlop:t5|q  ; t_FlipFlop:t5|q  ; KEY[0]     ; KEY[0]   ; None                        ; None                      ; 1.945 ns                ;
; N/A   ; Restricted to 450.05 MHz ( period = 2.222 ns ) ; t_FlipFlop:t8|q  ; t_FlipFlop:t10|q ; KEY[0]     ; KEY[0]   ; None                        ; None                      ; 1.926 ns                ;
; N/A   ; Restricted to 450.05 MHz ( period = 2.222 ns ) ; t_FlipFlop:t1|q  ; t_FlipFlop:t13|q ; KEY[0]     ; KEY[0]   ; None                        ; None                      ; 1.925 ns                ;
; N/A   ; Restricted to 450.05 MHz ( period = 2.222 ns ) ; t_FlipFlop:t1|q  ; t_FlipFlop:t12|q ; KEY[0]     ; KEY[0]   ; None                        ; None                      ; 1.924 ns                ;
; N/A   ; Restricted to 450.05 MHz ( period = 2.222 ns ) ; t_FlipFlop:t3|q  ; t_FlipFlop:t9|q  ; KEY[0]     ; KEY[0]   ; None                        ; None                      ; 1.920 ns                ;
; N/A   ; Restricted to 450.05 MHz ( period = 2.222 ns ) ; t_FlipFlop:t2|q  ; t_FlipFlop:t6|q  ; KEY[0]     ; KEY[0]   ; None                        ; None                      ; 1.893 ns                ;
; N/A   ; Restricted to 450.05 MHz ( period = 2.222 ns ) ; t_FlipFlop:t6|q  ; t_FlipFlop:t11|q ; KEY[0]     ; KEY[0]   ; None                        ; None                      ; 1.870 ns                ;
; N/A   ; Restricted to 450.05 MHz ( period = 2.222 ns ) ; t_FlipFlop:t2|q  ; t_FlipFlop:t10|q ; KEY[0]     ; KEY[0]   ; None                        ; None                      ; 1.888 ns                ;
; N/A   ; Restricted to 450.05 MHz ( period = 2.222 ns ) ; t_FlipFlop:t3|q  ; t_FlipFlop:t7|q  ; KEY[0]     ; KEY[0]   ; None                        ; None                      ; 1.851 ns                ;
; N/A   ; Restricted to 450.05 MHz ( period = 2.222 ns ) ; t_FlipFlop:t8|q  ; t_FlipFlop:t13|q ; KEY[0]     ; KEY[0]   ; None                        ; None                      ; 1.829 ns                ;
; N/A   ; Restricted to 450.05 MHz ( period = 2.222 ns ) ; t_FlipFlop:t8|q  ; t_FlipFlop:t12|q ; KEY[0]     ; KEY[0]   ; None                        ; None                      ; 1.828 ns                ;
; N/A   ; Restricted to 450.05 MHz ( period = 2.222 ns ) ; t_FlipFlop:t5|q  ; t_FlipFlop:t6|q  ; KEY[0]     ; KEY[0]   ; None                        ; None                      ; 1.837 ns                ;
; N/A   ; Restricted to 450.05 MHz ( period = 2.222 ns ) ; t_FlipFlop:t0|q  ; t_FlipFlop:t9|q  ; KEY[0]     ; KEY[0]   ; None                        ; None                      ; 1.828 ns                ;
; N/A   ; Restricted to 450.05 MHz ( period = 2.222 ns ) ; t_FlipFlop:t2|q  ; t_FlipFlop:t13|q ; KEY[0]     ; KEY[0]   ; None                        ; None                      ; 1.791 ns                ;
; N/A   ; Restricted to 450.05 MHz ( period = 2.222 ns ) ; t_FlipFlop:t2|q  ; t_FlipFlop:t12|q ; KEY[0]     ; KEY[0]   ; None                        ; None                      ; 1.790 ns                ;
; N/A   ; Restricted to 450.05 MHz ( period = 2.222 ns ) ; t_FlipFlop:t11|q ; t_FlipFlop:t15|q ; KEY[0]     ; KEY[0]   ; None                        ; None                      ; 1.763 ns                ;
; N/A   ; Restricted to 450.05 MHz ( period = 2.222 ns ) ; t_FlipFlop:t6|q  ; t_FlipFlop:t10|q ; KEY[0]     ; KEY[0]   ; None                        ; None                      ; 1.782 ns                ;
; N/A   ; Restricted to 450.05 MHz ( period = 2.222 ns ) ; t_FlipFlop:t11|q ; t_FlipFlop:t14|q ; KEY[0]     ; KEY[0]   ; None                        ; None                      ; 1.760 ns                ;
; N/A   ; Restricted to 450.05 MHz ( period = 2.222 ns ) ; t_FlipFlop:t4|q  ; t_FlipFlop:t8|q  ; KEY[0]     ; KEY[0]   ; None                        ; None                      ; 1.793 ns                ;
; N/A   ; Restricted to 450.05 MHz ( period = 2.222 ns ) ; t_FlipFlop:t5|q  ; t_FlipFlop:t9|q  ; KEY[0]     ; KEY[0]   ; None                        ; None                      ; 1.787 ns                ;
; N/A   ; Restricted to 450.05 MHz ( period = 2.222 ns ) ; t_FlipFlop:t6|q  ; t_FlipFlop:t13|q ; KEY[0]     ; KEY[0]   ; None                        ; None                      ; 1.685 ns                ;
; N/A   ; Restricted to 450.05 MHz ( period = 2.222 ns ) ; t_FlipFlop:t6|q  ; t_FlipFlop:t12|q ; KEY[0]     ; KEY[0]   ; None                        ; None                      ; 1.684 ns                ;
; N/A   ; Restricted to 450.05 MHz ( period = 2.222 ns ) ; t_FlipFlop:t9|q  ; t_FlipFlop:t15|q ; KEY[0]     ; KEY[0]   ; None                        ; None                      ; 1.680 ns                ;
; N/A   ; Restricted to 450.05 MHz ( period = 2.222 ns ) ; t_FlipFlop:t9|q  ; t_FlipFlop:t14|q ; KEY[0]     ; KEY[0]   ; None                        ; None                      ; 1.677 ns                ;
; N/A   ; Restricted to 450.05 MHz ( period = 2.222 ns ) ; t_FlipFlop:t1|q  ; t_FlipFlop:t9|q  ; KEY[0]     ; KEY[0]   ; None                        ; None                      ; 1.710 ns                ;
; N/A   ; Restricted to 450.05 MHz ( period = 2.222 ns ) ; t_FlipFlop:t3|q  ; t_FlipFlop:t5|q  ; KEY[0]     ; KEY[0]   ; None                        ; None                      ; 1.687 ns                ;
; N/A   ; Restricted to 450.05 MHz ( period = 2.222 ns ) ; t_FlipFlop:t0|q  ; t_FlipFlop:t4|q  ; KEY[0]     ; KEY[0]   ; None                        ; None                      ; 1.686 ns                ;
; N/A   ; Restricted to 450.05 MHz ( period = 2.222 ns ) ; t_FlipFlop:t0|q  ; t_FlipFlop:t3|q  ; KEY[0]     ; KEY[0]   ; None                        ; None                      ; 1.686 ns                ;
; N/A   ; Restricted to 450.05 MHz ( period = 2.222 ns ) ; t_FlipFlop:t4|q  ; t_FlipFlop:t7|q  ; KEY[0]     ; KEY[0]   ; None                        ; None                      ; 1.667 ns                ;
; N/A   ; Restricted to 450.05 MHz ( period = 2.222 ns ) ; t_FlipFlop:t10|q ; t_FlipFlop:t13|q ; KEY[0]     ; KEY[0]   ; None                        ; None                      ; 1.637 ns                ;
; N/A   ; Restricted to 450.05 MHz ( period = 2.222 ns ) ; t_FlipFlop:t10|q ; t_FlipFlop:t12|q ; KEY[0]     ; KEY[0]   ; None                        ; None                      ; 1.636 ns                ;
; N/A   ; Restricted to 450.05 MHz ( period = 2.222 ns ) ; t_FlipFlop:t8|q  ; t_FlipFlop:t9|q  ; KEY[0]     ; KEY[0]   ; None                        ; None                      ; 1.614 ns                ;
; N/A   ; Restricted to 450.05 MHz ( period = 2.222 ns ) ; t_FlipFlop:t1|q  ; t_FlipFlop:t4|q  ; KEY[0]     ; KEY[0]   ; None                        ; None                      ; 1.568 ns                ;
; N/A   ; Restricted to 450.05 MHz ( period = 2.222 ns ) ; t_FlipFlop:t1|q  ; t_FlipFlop:t3|q  ; KEY[0]     ; KEY[0]   ; None                        ; None                      ; 1.568 ns                ;
; N/A   ; Restricted to 450.05 MHz ( period = 2.222 ns ) ; t_FlipFlop:t3|q  ; t_FlipFlop:t6|q  ; KEY[0]     ; KEY[0]   ; None                        ; None                      ; 1.582 ns                ;
; N/A   ; Restricted to 450.05 MHz ( period = 2.222 ns ) ; t_FlipFlop:t2|q  ; t_FlipFlop:t9|q  ; KEY[0]     ; KEY[0]   ; None                        ; None                      ; 1.576 ns                ;
; N/A   ; Restricted to 450.05 MHz ( period = 2.222 ns ) ; t_FlipFlop:t4|q  ; t_FlipFlop:t5|q  ; KEY[0]     ; KEY[0]   ; None                        ; None                      ; 1.485 ns                ;
; N/A   ; Restricted to 450.05 MHz ( period = 2.222 ns ) ; t_FlipFlop:t6|q  ; t_FlipFlop:t9|q  ; KEY[0]     ; KEY[0]   ; None                        ; None                      ; 1.470 ns                ;
; N/A   ; Restricted to 450.05 MHz ( period = 2.222 ns ) ; t_FlipFlop:t7|q  ; t_FlipFlop:t8|q  ; KEY[0]     ; KEY[0]   ; None                        ; None                      ; 1.466 ns                ;
; N/A   ; Restricted to 450.05 MHz ( period = 2.222 ns ) ; t_FlipFlop:t2|q  ; t_FlipFlop:t4|q  ; KEY[0]     ; KEY[0]   ; None                        ; None                      ; 1.434 ns                ;
; N/A   ; Restricted to 450.05 MHz ( period = 2.222 ns ) ; t_FlipFlop:t2|q  ; t_FlipFlop:t3|q  ; KEY[0]     ; KEY[0]   ; None                        ; None                      ; 1.434 ns                ;
; N/A   ; Restricted to 450.05 MHz ( period = 2.222 ns ) ; t_FlipFlop:t11|q ; t_FlipFlop:t13|q ; KEY[0]     ; KEY[0]   ; None                        ; None                      ; 1.358 ns                ;
; N/A   ; Restricted to 450.05 MHz ( period = 2.222 ns ) ; t_FlipFlop:t11|q ; t_FlipFlop:t12|q ; KEY[0]     ; KEY[0]   ; None                        ; None                      ; 1.357 ns                ;
; N/A   ; Restricted to 450.05 MHz ( period = 2.222 ns ) ; t_FlipFlop:t4|q  ; t_FlipFlop:t6|q  ; KEY[0]     ; KEY[0]   ; None                        ; None                      ; 1.398 ns                ;
; N/A   ; Restricted to 450.05 MHz ( period = 2.222 ns ) ; t_FlipFlop:t6|q  ; t_FlipFlop:t7|q  ; KEY[0]     ; KEY[0]   ; None                        ; None                      ; 1.276 ns                ;
; N/A   ; Restricted to 450.05 MHz ( period = 2.222 ns ) ; t_FlipFlop:t9|q  ; t_FlipFlop:t13|q ; KEY[0]     ; KEY[0]   ; None                        ; None                      ; 1.275 ns                ;
; N/A   ; Restricted to 450.05 MHz ( period = 2.222 ns ) ; t_FlipFlop:t9|q  ; t_FlipFlop:t12|q ; KEY[0]     ; KEY[0]   ; None                        ; None                      ; 1.274 ns                ;
; N/A   ; Restricted to 450.05 MHz ( period = 2.222 ns ) ; t_FlipFlop:t8|q  ; t_FlipFlop:t8|q  ; KEY[0]     ; KEY[0]   ; None                        ; None                      ; 1.257 ns                ;
; N/A   ; Restricted to 450.05 MHz ( period = 2.222 ns ) ; t_FlipFlop:t9|q  ; t_FlipFlop:t11|q ; KEY[0]     ; KEY[0]   ; None                        ; None                      ; 1.251 ns                ;
; N/A   ; Restricted to 450.05 MHz ( period = 2.222 ns ) ; t_FlipFlop:t3|q  ; t_FlipFlop:t4|q  ; KEY[0]     ; KEY[0]   ; None                        ; None                      ; 1.233 ns                ;
; N/A   ; Restricted to 450.05 MHz ( period = 2.222 ns ) ; t_FlipFlop:t11|q ; t_FlipFlop:t11|q ; KEY[0]     ; KEY[0]   ; None                        ; None                      ; 1.227 ns                ;
; N/A   ; Restricted to 450.05 MHz ( period = 2.222 ns ) ; t_FlipFlop:t13|q ; t_FlipFlop:t15|q ; KEY[0]     ; KEY[0]   ; None                        ; None                      ; 1.204 ns                ;
; N/A   ; Restricted to 450.05 MHz ( period = 2.222 ns ) ; t_FlipFlop:t13|q ; t_FlipFlop:t14|q ; KEY[0]     ; KEY[0]   ; None                        ; None                      ; 1.201 ns                ;
; N/A   ; Restricted to 450.05 MHz ( period = 2.222 ns ) ; t_FlipFlop:t6|q  ; t_FlipFlop:t8|q  ; KEY[0]     ; KEY[0]   ; None                        ; None                      ; 1.132 ns                ;
; N/A   ; Restricted to 450.05 MHz ( period = 2.222 ns ) ; t_FlipFlop:t12|q ; t_FlipFlop:t15|q ; KEY[0]     ; KEY[0]   ; None                        ; None                      ; 1.090 ns                ;
; N/A   ; Restricted to 450.05 MHz ( period = 2.222 ns ) ; t_FlipFlop:t12|q ; t_FlipFlop:t14|q ; KEY[0]     ; KEY[0]   ; None                        ; None                      ; 1.087 ns                ;
; N/A   ; Restricted to 450.05 MHz ( period = 2.222 ns ) ; t_FlipFlop:t10|q ; t_FlipFlop:t11|q ; KEY[0]     ; KEY[0]   ; None                        ; None                      ; 1.074 ns                ;
; N/A   ; Restricted to 450.05 MHz ( period = 2.222 ns ) ; t_FlipFlop:t14|q ; t_FlipFlop:t15|q ; KEY[0]     ; KEY[0]   ; None                        ; None                      ; 1.000 ns                ;
; N/A   ; Restricted to 450.05 MHz ( period = 2.222 ns ) ; t_FlipFlop:t12|q ; t_FlipFlop:t13|q ; KEY[0]     ; KEY[0]   ; None                        ; None                      ; 0.998 ns                ;
; N/A   ; Restricted to 450.05 MHz ( period = 2.222 ns ) ; t_FlipFlop:t0|q  ; t_FlipFlop:t1|q  ; KEY[0]     ; KEY[0]   ; None                        ; None                      ; 0.832 ns                ;
; N/A   ; Restricted to 450.05 MHz ( period = 2.222 ns ) ; t_FlipFlop:t9|q  ; t_FlipFlop:t10|q ; KEY[0]     ; KEY[0]   ; None                        ; None                      ; 0.549 ns                ;
; N/A   ; Restricted to 450.05 MHz ( period = 2.222 ns ) ; t_FlipFlop:t12|q ; t_FlipFlop:t12|q ; KEY[0]     ; KEY[0]   ; None                        ; None                      ; 0.407 ns                ;
; N/A   ; Restricted to 450.05 MHz ( period = 2.222 ns ) ; t_FlipFlop:t10|q ; t_FlipFlop:t10|q ; KEY[0]     ; KEY[0]   ; None                        ; None                      ; 0.407 ns                ;
; N/A   ; Restricted to 450.05 MHz ( period = 2.222 ns ) ; t_FlipFlop:t9|q  ; t_FlipFlop:t9|q  ; KEY[0]     ; KEY[0]   ; None                        ; None                      ; 0.407 ns                ;
; N/A   ; Restricted to 450.05 MHz ( period = 2.222 ns ) ; t_FlipFlop:t6|q  ; t_FlipFlop:t6|q  ; KEY[0]     ; KEY[0]   ; None                        ; None                      ; 0.407 ns                ;
; N/A   ; Restricted to 450.05 MHz ( period = 2.222 ns ) ; t_FlipFlop:t4|q  ; t_FlipFlop:t4|q  ; KEY[0]     ; KEY[0]   ; None                        ; None                      ; 0.407 ns                ;
; N/A   ; Restricted to 450.05 MHz ( period = 2.222 ns ) ; t_FlipFlop:t7|q  ; t_FlipFlop:t7|q  ; KEY[0]     ; KEY[0]   ; None                        ; None                      ; 0.407 ns                ;
; N/A   ; Restricted to 450.05 MHz ( period = 2.222 ns ) ; t_FlipFlop:t3|q  ; t_FlipFlop:t3|q  ; KEY[0]     ; KEY[0]   ; None                        ; None                      ; 0.407 ns                ;
; N/A   ; Restricted to 450.05 MHz ( period = 2.222 ns ) ; t_FlipFlop:t0|q  ; t_FlipFlop:t0|q  ; KEY[0]     ; KEY[0]   ; None                        ; None                      ; 0.407 ns                ;
; N/A   ; Restricted to 450.05 MHz ( period = 2.222 ns ) ; t_FlipFlop:t1|q  ; t_FlipFlop:t1|q  ; KEY[0]     ; KEY[0]   ; None                        ; None                      ; 0.407 ns                ;
; N/A   ; Restricted to 450.05 MHz ( period = 2.222 ns ) ; t_FlipFlop:t13|q ; t_FlipFlop:t13|q ; KEY[0]     ; KEY[0]   ; None                        ; None                      ; 0.407 ns                ;
; N/A   ; Restricted to 450.05 MHz ( period = 2.222 ns ) ; t_FlipFlop:t14|q ; t_FlipFlop:t14|q ; KEY[0]     ; KEY[0]   ; None                        ; None                      ; 0.407 ns                ;
; N/A   ; Restricted to 450.05 MHz ( period = 2.222 ns ) ; t_FlipFlop:t15|q ; t_FlipFlop:t15|q ; KEY[0]     ; KEY[0]   ; None                        ; None                      ; 0.407 ns                ;
+-------+------------------------------------------------+------------------+------------------+------------+----------+-----------------------------+---------------------------+-------------------------+


+-------------------------------------------------------------------------+
; tsu                                                                     ;
+-------+--------------+------------+-------+------------------+----------+
; Slack ; Required tsu ; Actual tsu ; From  ; To               ; To Clock ;
+-------+--------------+------------+-------+------------------+----------+
; N/A   ; None         ; 1.353 ns   ; SW[1] ; t_FlipFlop:t2|q  ; KEY[0]   ;
; N/A   ; None         ; 1.351 ns   ; SW[1] ; t_FlipFlop:t8|q  ; KEY[0]   ;
; N/A   ; None         ; 1.281 ns   ; SW[1] ; t_FlipFlop:t15|q ; KEY[0]   ;
; N/A   ; None         ; 1.278 ns   ; SW[1] ; t_FlipFlop:t14|q ; KEY[0]   ;
; N/A   ; None         ; 1.247 ns   ; SW[1] ; t_FlipFlop:t7|q  ; KEY[0]   ;
; N/A   ; None         ; 1.057 ns   ; SW[1] ; t_FlipFlop:t5|q  ; KEY[0]   ;
; N/A   ; None         ; 1.039 ns   ; SW[1] ; t_FlipFlop:t11|q ; KEY[0]   ;
; N/A   ; None         ; 0.956 ns   ; SW[1] ; t_FlipFlop:t6|q  ; KEY[0]   ;
; N/A   ; None         ; 0.951 ns   ; SW[1] ; t_FlipFlop:t10|q ; KEY[0]   ;
; N/A   ; None         ; 0.876 ns   ; SW[1] ; t_FlipFlop:t13|q ; KEY[0]   ;
; N/A   ; None         ; 0.875 ns   ; SW[1] ; t_FlipFlop:t12|q ; KEY[0]   ;
; N/A   ; None         ; 0.639 ns   ; SW[1] ; t_FlipFlop:t9|q  ; KEY[0]   ;
; N/A   ; None         ; 0.519 ns   ; SW[1] ; t_FlipFlop:t4|q  ; KEY[0]   ;
; N/A   ; None         ; 0.519 ns   ; SW[1] ; t_FlipFlop:t3|q  ; KEY[0]   ;
; N/A   ; None         ; -0.327 ns  ; SW[0] ; t_FlipFlop:t13|q ; KEY[0]   ;
; N/A   ; None         ; -0.328 ns  ; SW[0] ; t_FlipFlop:t14|q ; KEY[0]   ;
; N/A   ; None         ; -0.330 ns  ; SW[0] ; t_FlipFlop:t12|q ; KEY[0]   ;
; N/A   ; None         ; -0.335 ns  ; SW[0] ; t_FlipFlop:t0|q  ; KEY[0]   ;
; N/A   ; None         ; -0.338 ns  ; SW[0] ; t_FlipFlop:t2|q  ; KEY[0]   ;
; N/A   ; None         ; -0.340 ns  ; SW[0] ; t_FlipFlop:t1|q  ; KEY[0]   ;
; N/A   ; None         ; -0.342 ns  ; SW[0] ; t_FlipFlop:t15|q ; KEY[0]   ;
; N/A   ; None         ; -0.480 ns  ; SW[0] ; t_FlipFlop:t10|q ; KEY[0]   ;
; N/A   ; None         ; -0.485 ns  ; SW[0] ; t_FlipFlop:t9|q  ; KEY[0]   ;
; N/A   ; None         ; -0.485 ns  ; SW[0] ; t_FlipFlop:t6|q  ; KEY[0]   ;
; N/A   ; None         ; -0.579 ns  ; SW[0] ; t_FlipFlop:t8|q  ; KEY[0]   ;
; N/A   ; None         ; -0.583 ns  ; SW[0] ; t_FlipFlop:t11|q ; KEY[0]   ;
; N/A   ; None         ; -0.595 ns  ; SW[0] ; t_FlipFlop:t4|q  ; KEY[0]   ;
; N/A   ; None         ; -0.599 ns  ; SW[0] ; t_FlipFlop:t7|q  ; KEY[0]   ;
; N/A   ; None         ; -0.599 ns  ; SW[0] ; t_FlipFlop:t5|q  ; KEY[0]   ;
; N/A   ; None         ; -0.609 ns  ; SW[0] ; t_FlipFlop:t3|q  ; KEY[0]   ;
; N/A   ; None         ; -0.635 ns  ; SW[1] ; t_FlipFlop:t0|q  ; KEY[0]   ;
; N/A   ; None         ; -0.639 ns  ; SW[1] ; t_FlipFlop:t1|q  ; KEY[0]   ;
+-------+--------------+------------+-------+------------------+----------+


+-----------------------------------------------------------------------------+
; tco                                                                         ;
+-------+--------------+------------+------------------+---------+------------+
; Slack ; Required tco ; Actual tco ; From             ; To      ; From Clock ;
+-------+--------------+------------+------------------+---------+------------+
; N/A   ; None         ; 11.340 ns  ; t_FlipFlop:t0|q  ; HEX0[5] ; KEY[0]     ;
; N/A   ; None         ; 11.338 ns  ; t_FlipFlop:t1|q  ; HEX0[5] ; KEY[0]     ;
; N/A   ; None         ; 11.087 ns  ; t_FlipFlop:t2|q  ; HEX0[5] ; KEY[0]     ;
; N/A   ; None         ; 11.008 ns  ; t_FlipFlop:t0|q  ; HEX0[6] ; KEY[0]     ;
; N/A   ; None         ; 11.007 ns  ; t_FlipFlop:t1|q  ; HEX0[6] ; KEY[0]     ;
; N/A   ; None         ; 10.960 ns  ; t_FlipFlop:t3|q  ; HEX0[5] ; KEY[0]     ;
; N/A   ; None         ; 10.751 ns  ; t_FlipFlop:t2|q  ; HEX0[6] ; KEY[0]     ;
; N/A   ; None         ; 10.625 ns  ; t_FlipFlop:t3|q  ; HEX0[6] ; KEY[0]     ;
; N/A   ; None         ; 10.578 ns  ; t_FlipFlop:t1|q  ; HEX0[1] ; KEY[0]     ;
; N/A   ; None         ; 10.575 ns  ; t_FlipFlop:t0|q  ; HEX0[1] ; KEY[0]     ;
; N/A   ; None         ; 10.448 ns  ; t_FlipFlop:t0|q  ; HEX0[0] ; KEY[0]     ;
; N/A   ; None         ; 10.418 ns  ; t_FlipFlop:t1|q  ; HEX0[0] ; KEY[0]     ;
; N/A   ; None         ; 10.392 ns  ; t_FlipFlop:t0|q  ; HEX0[4] ; KEY[0]     ;
; N/A   ; None         ; 10.390 ns  ; t_FlipFlop:t1|q  ; HEX0[4] ; KEY[0]     ;
; N/A   ; None         ; 10.320 ns  ; t_FlipFlop:t2|q  ; HEX0[1] ; KEY[0]     ;
; N/A   ; None         ; 10.216 ns  ; t_FlipFlop:t1|q  ; HEX0[2] ; KEY[0]     ;
; N/A   ; None         ; 10.195 ns  ; t_FlipFlop:t3|q  ; HEX0[1] ; KEY[0]     ;
; N/A   ; None         ; 10.191 ns  ; t_FlipFlop:t0|q  ; HEX0[2] ; KEY[0]     ;
; N/A   ; None         ; 10.191 ns  ; t_FlipFlop:t2|q  ; HEX0[0] ; KEY[0]     ;
; N/A   ; None         ; 10.159 ns  ; t_FlipFlop:t0|q  ; HEX0[3] ; KEY[0]     ;
; N/A   ; None         ; 10.158 ns  ; t_FlipFlop:t1|q  ; HEX0[3] ; KEY[0]     ;
; N/A   ; None         ; 10.133 ns  ; t_FlipFlop:t2|q  ; HEX0[4] ; KEY[0]     ;
; N/A   ; None         ; 10.066 ns  ; t_FlipFlop:t3|q  ; HEX0[0] ; KEY[0]     ;
; N/A   ; None         ; 10.003 ns  ; t_FlipFlop:t3|q  ; HEX0[4] ; KEY[0]     ;
; N/A   ; None         ; 9.957 ns   ; t_FlipFlop:t2|q  ; HEX0[2] ; KEY[0]     ;
; N/A   ; None         ; 9.904 ns   ; t_FlipFlop:t2|q  ; HEX0[3] ; KEY[0]     ;
; N/A   ; None         ; 9.830 ns   ; t_FlipFlop:t3|q  ; HEX0[2] ; KEY[0]     ;
; N/A   ; None         ; 9.778 ns   ; t_FlipFlop:t3|q  ; HEX0[3] ; KEY[0]     ;
; N/A   ; None         ; 8.597 ns   ; t_FlipFlop:t8|q  ; HEX2[5] ; KEY[0]     ;
; N/A   ; None         ; 8.582 ns   ; t_FlipFlop:t8|q  ; HEX2[6] ; KEY[0]     ;
; N/A   ; None         ; 8.492 ns   ; t_FlipFlop:t8|q  ; HEX2[4] ; KEY[0]     ;
; N/A   ; None         ; 8.445 ns   ; t_FlipFlop:t8|q  ; HEX2[0] ; KEY[0]     ;
; N/A   ; None         ; 8.418 ns   ; t_FlipFlop:t5|q  ; HEX1[3] ; KEY[0]     ;
; N/A   ; None         ; 8.414 ns   ; t_FlipFlop:t5|q  ; HEX1[1] ; KEY[0]     ;
; N/A   ; None         ; 8.403 ns   ; t_FlipFlop:t5|q  ; HEX1[4] ; KEY[0]     ;
; N/A   ; None         ; 8.403 ns   ; t_FlipFlop:t11|q ; HEX2[5] ; KEY[0]     ;
; N/A   ; None         ; 8.399 ns   ; t_FlipFlop:t11|q ; HEX2[6] ; KEY[0]     ;
; N/A   ; None         ; 8.389 ns   ; t_FlipFlop:t5|q  ; HEX1[0] ; KEY[0]     ;
; N/A   ; None         ; 8.310 ns   ; t_FlipFlop:t10|q ; HEX2[5] ; KEY[0]     ;
; N/A   ; None         ; 8.304 ns   ; t_FlipFlop:t10|q ; HEX2[6] ; KEY[0]     ;
; N/A   ; None         ; 8.304 ns   ; t_FlipFlop:t13|q ; HEX3[6] ; KEY[0]     ;
; N/A   ; None         ; 8.297 ns   ; t_FlipFlop:t8|q  ; HEX2[2] ; KEY[0]     ;
; N/A   ; None         ; 8.296 ns   ; t_FlipFlop:t11|q ; HEX2[4] ; KEY[0]     ;
; N/A   ; None         ; 8.296 ns   ; t_FlipFlop:t13|q ; HEX3[5] ; KEY[0]     ;
; N/A   ; None         ; 8.292 ns   ; t_FlipFlop:t8|q  ; HEX2[3] ; KEY[0]     ;
; N/A   ; None         ; 8.283 ns   ; t_FlipFlop:t14|q ; HEX3[0] ; KEY[0]     ;
; N/A   ; None         ; 8.281 ns   ; t_FlipFlop:t14|q ; HEX3[6] ; KEY[0]     ;
; N/A   ; None         ; 8.279 ns   ; t_FlipFlop:t8|q  ; HEX2[1] ; KEY[0]     ;
; N/A   ; None         ; 8.273 ns   ; t_FlipFlop:t14|q ; HEX3[5] ; KEY[0]     ;
; N/A   ; None         ; 8.272 ns   ; t_FlipFlop:t13|q ; HEX3[0] ; KEY[0]     ;
; N/A   ; None         ; 8.267 ns   ; t_FlipFlop:t11|q ; HEX2[0] ; KEY[0]     ;
; N/A   ; None         ; 8.251 ns   ; t_FlipFlop:t5|q  ; HEX1[5] ; KEY[0]     ;
; N/A   ; None         ; 8.231 ns   ; t_FlipFlop:t4|q  ; HEX1[3] ; KEY[0]     ;
; N/A   ; None         ; 8.230 ns   ; t_FlipFlop:t4|q  ; HEX1[0] ; KEY[0]     ;
; N/A   ; None         ; 8.223 ns   ; t_FlipFlop:t4|q  ; HEX1[1] ; KEY[0]     ;
; N/A   ; None         ; 8.217 ns   ; t_FlipFlop:t5|q  ; HEX1[6] ; KEY[0]     ;
; N/A   ; None         ; 8.206 ns   ; t_FlipFlop:t4|q  ; HEX1[4] ; KEY[0]     ;
; N/A   ; None         ; 8.206 ns   ; t_FlipFlop:t10|q ; HEX2[4] ; KEY[0]     ;
; N/A   ; None         ; 8.203 ns   ; t_FlipFlop:t15|q ; HEX3[6] ; KEY[0]     ;
; N/A   ; None         ; 8.203 ns   ; t_FlipFlop:t15|q ; HEX3[0] ; KEY[0]     ;
; N/A   ; None         ; 8.199 ns   ; t_FlipFlop:t5|q  ; HEX1[2] ; KEY[0]     ;
; N/A   ; None         ; 8.192 ns   ; t_FlipFlop:t15|q ; HEX3[5] ; KEY[0]     ;
; N/A   ; None         ; 8.166 ns   ; t_FlipFlop:t10|q ; HEX2[0] ; KEY[0]     ;
; N/A   ; None         ; 8.141 ns   ; t_FlipFlop:t11|q ; HEX2[2] ; KEY[0]     ;
; N/A   ; None         ; 8.107 ns   ; t_FlipFlop:t11|q ; HEX2[3] ; KEY[0]     ;
; N/A   ; None         ; 8.104 ns   ; t_FlipFlop:t12|q ; HEX3[0] ; KEY[0]     ;
; N/A   ; None         ; 8.102 ns   ; t_FlipFlop:t11|q ; HEX2[1] ; KEY[0]     ;
; N/A   ; None         ; 8.101 ns   ; t_FlipFlop:t12|q ; HEX3[6] ; KEY[0]     ;
; N/A   ; None         ; 8.089 ns   ; t_FlipFlop:t13|q ; HEX3[2] ; KEY[0]     ;
; N/A   ; None         ; 8.088 ns   ; t_FlipFlop:t13|q ; HEX3[1] ; KEY[0]     ;
; N/A   ; None         ; 8.086 ns   ; t_FlipFlop:t12|q ; HEX3[5] ; KEY[0]     ;
; N/A   ; None         ; 8.085 ns   ; t_FlipFlop:t13|q ; HEX3[4] ; KEY[0]     ;
; N/A   ; None         ; 8.067 ns   ; t_FlipFlop:t9|q  ; HEX2[5] ; KEY[0]     ;
; N/A   ; None         ; 8.065 ns   ; t_FlipFlop:t4|q  ; HEX1[5] ; KEY[0]     ;
; N/A   ; None         ; 8.065 ns   ; t_FlipFlop:t14|q ; HEX3[1] ; KEY[0]     ;
; N/A   ; None         ; 8.064 ns   ; t_FlipFlop:t14|q ; HEX3[4] ; KEY[0]     ;
; N/A   ; None         ; 8.054 ns   ; t_FlipFlop:t9|q  ; HEX2[6] ; KEY[0]     ;
; N/A   ; None         ; 8.048 ns   ; t_FlipFlop:t13|q ; HEX3[3] ; KEY[0]     ;
; N/A   ; None         ; 8.043 ns   ; t_FlipFlop:t14|q ; HEX3[2] ; KEY[0]     ;
; N/A   ; None         ; 8.037 ns   ; t_FlipFlop:t10|q ; HEX2[2] ; KEY[0]     ;
; N/A   ; None         ; 8.026 ns   ; t_FlipFlop:t14|q ; HEX3[3] ; KEY[0]     ;
; N/A   ; None         ; 8.023 ns   ; t_FlipFlop:t4|q  ; HEX1[6] ; KEY[0]     ;
; N/A   ; None         ; 8.003 ns   ; t_FlipFlop:t10|q ; HEX2[3] ; KEY[0]     ;
; N/A   ; None         ; 8.003 ns   ; t_FlipFlop:t10|q ; HEX2[1] ; KEY[0]     ;
; N/A   ; None         ; 7.988 ns   ; t_FlipFlop:t15|q ; HEX3[2] ; KEY[0]     ;
; N/A   ; None         ; 7.987 ns   ; t_FlipFlop:t15|q ; HEX3[1] ; KEY[0]     ;
; N/A   ; None         ; 7.986 ns   ; t_FlipFlop:t4|q  ; HEX1[2] ; KEY[0]     ;
; N/A   ; None         ; 7.986 ns   ; t_FlipFlop:t15|q ; HEX3[4] ; KEY[0]     ;
; N/A   ; None         ; 7.962 ns   ; t_FlipFlop:t9|q  ; HEX2[4] ; KEY[0]     ;
; N/A   ; None         ; 7.948 ns   ; t_FlipFlop:t7|q  ; HEX1[0] ; KEY[0]     ;
; N/A   ; None         ; 7.946 ns   ; t_FlipFlop:t7|q  ; HEX1[3] ; KEY[0]     ;
; N/A   ; None         ; 7.944 ns   ; t_FlipFlop:t15|q ; HEX3[3] ; KEY[0]     ;
; N/A   ; None         ; 7.941 ns   ; t_FlipFlop:t7|q  ; HEX1[1] ; KEY[0]     ;
; N/A   ; None         ; 7.928 ns   ; t_FlipFlop:t7|q  ; HEX1[4] ; KEY[0]     ;
; N/A   ; None         ; 7.918 ns   ; t_FlipFlop:t9|q  ; HEX2[0] ; KEY[0]     ;
; N/A   ; None         ; 7.898 ns   ; t_FlipFlop:t6|q  ; HEX1[0] ; KEY[0]     ;
; N/A   ; None         ; 7.896 ns   ; t_FlipFlop:t6|q  ; HEX1[3] ; KEY[0]     ;
; N/A   ; None         ; 7.895 ns   ; t_FlipFlop:t6|q  ; HEX1[1] ; KEY[0]     ;
; N/A   ; None         ; 7.890 ns   ; t_FlipFlop:t12|q ; HEX3[1] ; KEY[0]     ;
; N/A   ; None         ; 7.889 ns   ; t_FlipFlop:t6|q  ; HEX1[4] ; KEY[0]     ;
; N/A   ; None         ; 7.888 ns   ; t_FlipFlop:t12|q ; HEX3[4] ; KEY[0]     ;
; N/A   ; None         ; 7.884 ns   ; t_FlipFlop:t12|q ; HEX3[2] ; KEY[0]     ;
; N/A   ; None         ; 7.843 ns   ; t_FlipFlop:t12|q ; HEX3[3] ; KEY[0]     ;
; N/A   ; None         ; 7.794 ns   ; t_FlipFlop:t9|q  ; HEX2[2] ; KEY[0]     ;
; N/A   ; None         ; 7.778 ns   ; t_FlipFlop:t7|q  ; HEX1[5] ; KEY[0]     ;
; N/A   ; None         ; 7.762 ns   ; t_FlipFlop:t9|q  ; HEX2[3] ; KEY[0]     ;
; N/A   ; None         ; 7.753 ns   ; t_FlipFlop:t9|q  ; HEX2[1] ; KEY[0]     ;
; N/A   ; None         ; 7.742 ns   ; t_FlipFlop:t7|q  ; HEX1[6] ; KEY[0]     ;
; N/A   ; None         ; 7.728 ns   ; t_FlipFlop:t6|q  ; HEX1[5] ; KEY[0]     ;
; N/A   ; None         ; 7.724 ns   ; t_FlipFlop:t7|q  ; HEX1[2] ; KEY[0]     ;
; N/A   ; None         ; 7.702 ns   ; t_FlipFlop:t6|q  ; HEX1[6] ; KEY[0]     ;
; N/A   ; None         ; 7.676 ns   ; t_FlipFlop:t6|q  ; HEX1[2] ; KEY[0]     ;
+-------+--------------+------------+------------------+---------+------------+


+-------------------------------------------------------------------------------+
; th                                                                            ;
+---------------+-------------+-----------+-------+------------------+----------+
; Minimum Slack ; Required th ; Actual th ; From  ; To               ; To Clock ;
+---------------+-------------+-----------+-------+------------------+----------+
; N/A           ; None        ; 0.869 ns  ; SW[1] ; t_FlipFlop:t1|q  ; KEY[0]   ;
; N/A           ; None        ; 0.865 ns  ; SW[1] ; t_FlipFlop:t0|q  ; KEY[0]   ;
; N/A           ; None        ; 0.839 ns  ; SW[0] ; t_FlipFlop:t3|q  ; KEY[0]   ;
; N/A           ; None        ; 0.829 ns  ; SW[0] ; t_FlipFlop:t7|q  ; KEY[0]   ;
; N/A           ; None        ; 0.829 ns  ; SW[0] ; t_FlipFlop:t5|q  ; KEY[0]   ;
; N/A           ; None        ; 0.825 ns  ; SW[0] ; t_FlipFlop:t4|q  ; KEY[0]   ;
; N/A           ; None        ; 0.813 ns  ; SW[0] ; t_FlipFlop:t11|q ; KEY[0]   ;
; N/A           ; None        ; 0.809 ns  ; SW[0] ; t_FlipFlop:t8|q  ; KEY[0]   ;
; N/A           ; None        ; 0.715 ns  ; SW[0] ; t_FlipFlop:t9|q  ; KEY[0]   ;
; N/A           ; None        ; 0.715 ns  ; SW[0] ; t_FlipFlop:t6|q  ; KEY[0]   ;
; N/A           ; None        ; 0.710 ns  ; SW[0] ; t_FlipFlop:t10|q ; KEY[0]   ;
; N/A           ; None        ; 0.572 ns  ; SW[0] ; t_FlipFlop:t15|q ; KEY[0]   ;
; N/A           ; None        ; 0.570 ns  ; SW[0] ; t_FlipFlop:t1|q  ; KEY[0]   ;
; N/A           ; None        ; 0.568 ns  ; SW[0] ; t_FlipFlop:t2|q  ; KEY[0]   ;
; N/A           ; None        ; 0.565 ns  ; SW[0] ; t_FlipFlop:t0|q  ; KEY[0]   ;
; N/A           ; None        ; 0.560 ns  ; SW[0] ; t_FlipFlop:t12|q ; KEY[0]   ;
; N/A           ; None        ; 0.558 ns  ; SW[0] ; t_FlipFlop:t14|q ; KEY[0]   ;
; N/A           ; None        ; 0.557 ns  ; SW[0] ; t_FlipFlop:t13|q ; KEY[0]   ;
; N/A           ; None        ; -0.289 ns ; SW[1] ; t_FlipFlop:t4|q  ; KEY[0]   ;
; N/A           ; None        ; -0.289 ns ; SW[1] ; t_FlipFlop:t3|q  ; KEY[0]   ;
; N/A           ; None        ; -0.409 ns ; SW[1] ; t_FlipFlop:t9|q  ; KEY[0]   ;
; N/A           ; None        ; -0.645 ns ; SW[1] ; t_FlipFlop:t12|q ; KEY[0]   ;
; N/A           ; None        ; -0.646 ns ; SW[1] ; t_FlipFlop:t13|q ; KEY[0]   ;
; N/A           ; None        ; -0.721 ns ; SW[1] ; t_FlipFlop:t10|q ; KEY[0]   ;
; N/A           ; None        ; -0.726 ns ; SW[1] ; t_FlipFlop:t6|q  ; KEY[0]   ;
; N/A           ; None        ; -0.809 ns ; SW[1] ; t_FlipFlop:t11|q ; KEY[0]   ;
; N/A           ; None        ; -0.827 ns ; SW[1] ; t_FlipFlop:t5|q  ; KEY[0]   ;
; N/A           ; None        ; -1.017 ns ; SW[1] ; t_FlipFlop:t7|q  ; KEY[0]   ;
; N/A           ; None        ; -1.048 ns ; SW[1] ; t_FlipFlop:t14|q ; KEY[0]   ;
; N/A           ; None        ; -1.051 ns ; SW[1] ; t_FlipFlop:t15|q ; KEY[0]   ;
; N/A           ; None        ; -1.121 ns ; SW[1] ; t_FlipFlop:t8|q  ; KEY[0]   ;
; N/A           ; None        ; -1.123 ns ; SW[1] ; t_FlipFlop:t2|q  ; KEY[0]   ;
+---------------+-------------+-----------+-------+------------------+----------+


+--------------------------+
; Timing Analyzer Messages ;
+--------------------------+
Info: *******************************************************************
Info: Running Quartus II Classic Timing Analyzer
    Info: Version 9.1 Build 222 10/21/2009 SJ Full Version
    Info: Processing started: Thu Mar 17 12:14:30 2011
Info: Command: quartus_tan --read_settings_files=off --write_settings_files=off part2 -c part2 --timing_analysis_only
Info: Parallel compilation is enabled and will use 2 of the 2 processors detected
Warning: Found pins functioning as undefined clocks and/or memory enables
    Info: Assuming node "KEY[0]" is an undefined clock
Info: Clock "KEY[0]" has Internal fmax of 345.18 MHz between source register "t_FlipFlop:t4|q" and destination register "t_FlipFlop:t15|q" (period= 2.897 ns)
    Info: + Longest register to register delay is 2.683 ns
        Info: 1: + IC(0.000 ns) + CELL(0.000 ns) = 0.000 ns; Loc. = LCFF_X63_Y7_N17; Fanout = 11; REG Node = 't_FlipFlop:t4|q'
        Info: 2: + IC(0.332 ns) + CELL(0.410 ns) = 0.742 ns; Loc. = LCCOMB_X63_Y7_N0; Fanout = 1; COMB Node = 'in[8]~0'
        Info: 3: + IC(0.241 ns) + CELL(0.393 ns) = 1.376 ns; Loc. = LCCOMB_X63_Y7_N2; Fanout = 4; COMB Node = 'in[8]'
        Info: 4: + IC(0.259 ns) + CELL(0.150 ns) = 1.785 ns; Loc. = LCCOMB_X63_Y7_N12; Fanout = 3; COMB Node = 'in[11]'
        Info: 5: + IC(0.258 ns) + CELL(0.150 ns) = 2.193 ns; Loc. = LCCOMB_X63_Y7_N22; Fanout = 2; COMB Node = 'in[13]'
        Info: 6: + IC(0.256 ns) + CELL(0.150 ns) = 2.599 ns; Loc. = LCCOMB_X63_Y7_N6; Fanout = 1; COMB Node = 't_FlipFlop:t15|q~0'
        Info: 7: + IC(0.000 ns) + CELL(0.084 ns) = 2.683 ns; Loc. = LCFF_X63_Y7_N7; Fanout = 8; REG Node = 't_FlipFlop:t15|q'
        Info: Total cell delay = 1.337 ns ( 49.83 % )
        Info: Total interconnect delay = 1.346 ns ( 50.17 % )
    Info: - Smallest clock skew is 0.000 ns
        Info: + Shortest clock path from clock "KEY[0]" to destination register is 3.421 ns
            Info: 1: + IC(0.000 ns) + CELL(0.862 ns) = 0.862 ns; Loc. = PIN_G26; Fanout = 16; CLK Node = 'KEY[0]'
            Info: 2: + IC(2.022 ns) + CELL(0.537 ns) = 3.421 ns; Loc. = LCFF_X63_Y7_N7; Fanout = 8; REG Node = 't_FlipFlop:t15|q'
            Info: Total cell delay = 1.399 ns ( 40.89 % )
            Info: Total interconnect delay = 2.022 ns ( 59.11 % )
        Info: - Longest clock path from clock "KEY[0]" to source register is 3.421 ns
            Info: 1: + IC(0.000 ns) + CELL(0.862 ns) = 0.862 ns; Loc. = PIN_G26; Fanout = 16; CLK Node = 'KEY[0]'
            Info: 2: + IC(2.022 ns) + CELL(0.537 ns) = 3.421 ns; Loc. = LCFF_X63_Y7_N17; Fanout = 11; REG Node = 't_FlipFlop:t4|q'
            Info: Total cell delay = 1.399 ns ( 40.89 % )
            Info: Total interconnect delay = 2.022 ns ( 59.11 % )
    Info: + Micro clock to output delay of source is 0.250 ns
    Info: + Micro setup delay of destination is -0.036 ns
Info: tsu for register "t_FlipFlop:t2|q" (data pin = "SW[1]", clock pin = "KEY[0]") is 1.353 ns
    Info: + Longest pin to register delay is 4.810 ns
        Info: 1: + IC(0.000 ns) + CELL(0.999 ns) = 0.999 ns; Loc. = PIN_N26; Fanout = 4; PIN Node = 'SW[1]'
        Info: 2: + IC(2.251 ns) + CELL(0.437 ns) = 3.687 ns; Loc. = LCCOMB_X55_Y7_N6; Fanout = 1; COMB Node = 't_FlipFlop:t2|q~0'
        Info: 3: + IC(0.889 ns) + CELL(0.150 ns) = 4.726 ns; Loc. = LCCOMB_X63_Y7_N10; Fanout = 1; COMB Node = 't_FlipFlop:t2|q~1'
        Info: 4: + IC(0.000 ns) + CELL(0.084 ns) = 4.810 ns; Loc. = LCFF_X63_Y7_N11; Fanout = 9; REG Node = 't_FlipFlop:t2|q'
        Info: Total cell delay = 1.670 ns ( 34.72 % )
        Info: Total interconnect delay = 3.140 ns ( 65.28 % )
    Info: + Micro setup delay of destination is -0.036 ns
    Info: - Shortest clock path from clock "KEY[0]" to destination register is 3.421 ns
        Info: 1: + IC(0.000 ns) + CELL(0.862 ns) = 0.862 ns; Loc. = PIN_G26; Fanout = 16; CLK Node = 'KEY[0]'
        Info: 2: + IC(2.022 ns) + CELL(0.537 ns) = 3.421 ns; Loc. = LCFF_X63_Y7_N11; Fanout = 9; REG Node = 't_FlipFlop:t2|q'
        Info: Total cell delay = 1.399 ns ( 40.89 % )
        Info: Total interconnect delay = 2.022 ns ( 59.11 % )
Info: tco from clock "KEY[0]" to destination pin "HEX0[5]" through register "t_FlipFlop:t0|q" is 11.340 ns
    Info: + Longest clock path from clock "KEY[0]" to source register is 3.421 ns
        Info: 1: + IC(0.000 ns) + CELL(0.862 ns) = 0.862 ns; Loc. = PIN_G26; Fanout = 16; CLK Node = 'KEY[0]'
        Info: 2: + IC(2.022 ns) + CELL(0.537 ns) = 3.421 ns; Loc. = LCFF_X63_Y7_N15; Fanout = 11; REG Node = 't_FlipFlop:t0|q'
        Info: Total cell delay = 1.399 ns ( 40.89 % )
        Info: Total interconnect delay = 2.022 ns ( 59.11 % )
    Info: + Micro clock to output delay of source is 0.250 ns
    Info: + Longest register to pin delay is 7.669 ns
        Info: 1: + IC(0.000 ns) + CELL(0.000 ns) = 0.000 ns; Loc. = LCFF_X63_Y7_N15; Fanout = 11; REG Node = 't_FlipFlop:t0|q'
        Info: 2: + IC(1.374 ns) + CELL(0.420 ns) = 1.794 ns; Loc. = LCCOMB_X55_Y7_N26; Fanout = 1; COMB Node = 'char_7seg:S1|WideOr1~0'
        Info: 3: + IC(3.087 ns) + CELL(2.788 ns) = 7.669 ns; Loc. = PIN_V14; Fanout = 0; PIN Node = 'HEX0[5]'
        Info: Total cell delay = 3.208 ns ( 41.83 % )
        Info: Total interconnect delay = 4.461 ns ( 58.17 % )
Info: th for register "t_FlipFlop:t1|q" (data pin = "SW[1]", clock pin = "KEY[0]") is 0.869 ns
    Info: + Longest clock path from clock "KEY[0]" to destination register is 3.421 ns
        Info: 1: + IC(0.000 ns) + CELL(0.862 ns) = 0.862 ns; Loc. = PIN_G26; Fanout = 16; CLK Node = 'KEY[0]'
        Info: 2: + IC(2.022 ns) + CELL(0.537 ns) = 3.421 ns; Loc. = LCFF_X63_Y7_N9; Fanout = 10; REG Node = 't_FlipFlop:t1|q'
        Info: Total cell delay = 1.399 ns ( 40.89 % )
        Info: Total interconnect delay = 2.022 ns ( 59.11 % )
    Info: + Micro hold delay of destination is 0.266 ns
    Info: - Shortest pin to register delay is 2.818 ns
        Info: 1: + IC(0.000 ns) + CELL(0.999 ns) = 0.999 ns; Loc. = PIN_N26; Fanout = 4; PIN Node = 'SW[1]'
        Info: 2: + IC(1.585 ns) + CELL(0.150 ns) = 2.734 ns; Loc. = LCCOMB_X63_Y7_N8; Fanout = 1; COMB Node = 't_FlipFlop:t1|q~0'
        Info: 3: + IC(0.000 ns) + CELL(0.084 ns) = 2.818 ns; Loc. = LCFF_X63_Y7_N9; Fanout = 10; REG Node = 't_FlipFlop:t1|q'
        Info: Total cell delay = 1.233 ns ( 43.75 % )
        Info: Total interconnect delay = 1.585 ns ( 56.25 % )
Info: Quartus II Classic Timing Analyzer was successful. 0 errors, 1 warning
    Info: Peak virtual memory: 136 megabytes
    Info: Processing ended: Thu Mar 17 12:14:30 2011
    Info: Elapsed time: 00:00:00
    Info: Total CPU time (on all processors): 00:00:00


