Classic Timing Analyzer report for part6
Thu Jan 27 13:32:16 2011
Quartus II Version 9.1 Build 222 10/21/2009 SJ Full Version


---------------------
; Table of Contents ;
---------------------
  1. Legal Notice
  2. Timing Analyzer Summary
  3. Timing Analyzer Settings
  4. Parallel Compilation
  5. tpd
  6. Timing Analyzer Messages



----------------
; Legal Notice ;
----------------
Copyright (C) 1991-2009 Altera Corporation
Your use of Altera Corporation's design tools, logic functions 
and other software and tools, and its AMPP partner logic 
functions, and any output files from any of the foregoing 
(including device programming or simulation files), and any 
associated documentation or information are expressly subject 
to the terms and conditions of the Altera Program License 
Subscription Agreement, Altera MegaCore Function License 
Agreement, or other applicable license agreement, including, 
without limitation, that your use is for the sole purpose of 
programming logic devices manufactured by Altera and sold by 
Altera or its authorized distributors.  Please refer to the 
applicable agreement for further details.



+------------------------------------------------------------------------------------------------------------------------------+
; Timing Analyzer Summary                                                                                                      ;
+------------------------------+-------+---------------+-------------+--------+---------+------------+----------+--------------+
; Type                         ; Slack ; Required Time ; Actual Time ; From   ; To      ; From Clock ; To Clock ; Failed Paths ;
+------------------------------+-------+---------------+-------------+--------+---------+------------+----------+--------------+
; Worst-case tpd               ; N/A   ; None          ; 15.624 ns   ; SW[17] ; HEX7[6] ; --         ; --       ; 0            ;
; Total number of failed paths ;       ;               ;             ;        ;         ;            ;          ; 0            ;
+------------------------------+-------+---------------+-------------+--------+---------+------------+----------+--------------+


+-----------------------------------------------------------------------------------------------------------------------------------------------------+
; Timing Analyzer Settings                                                                                                                            ;
+------------------------------------------------------------------------------------------------------+--------------------+------+----+-------------+
; Option                                                                                               ; Setting            ; From ; To ; Entity Name ;
+------------------------------------------------------------------------------------------------------+--------------------+------+----+-------------+
; Device Name                                                                                          ; EP2C35F672C6       ;      ;    ;             ;
; Timing Models                                                                                        ; Final              ;      ;    ;             ;
; Default hold multicycle                                                                              ; Same as Multicycle ;      ;    ;             ;
; Cut paths between unrelated clock domains                                                            ; On                 ;      ;    ;             ;
; Cut off read during write signal paths                                                               ; On                 ;      ;    ;             ;
; Cut off feedback from I/O pins                                                                       ; On                 ;      ;    ;             ;
; Report Combined Fast/Slow Timing                                                                     ; Off                ;      ;    ;             ;
; Ignore Clock Settings                                                                                ; Off                ;      ;    ;             ;
; Analyze latches as synchronous elements                                                              ; On                 ;      ;    ;             ;
; Enable Recovery/Removal analysis                                                                     ; Off                ;      ;    ;             ;
; Enable Clock Latency                                                                                 ; Off                ;      ;    ;             ;
; Use TimeQuest Timing Analyzer                                                                        ; Off                ;      ;    ;             ;
; Minimum Core Junction Temperature                                                                    ; 0                  ;      ;    ;             ;
; Maximum Core Junction Temperature                                                                    ; 85                 ;      ;    ;             ;
; Number of source nodes to report per destination node                                                ; 10                 ;      ;    ;             ;
; Number of destination nodes to report                                                                ; 10                 ;      ;    ;             ;
; Number of paths to report                                                                            ; 200                ;      ;    ;             ;
; Report Minimum Timing Checks                                                                         ; Off                ;      ;    ;             ;
; Use Fast Timing Models                                                                               ; Off                ;      ;    ;             ;
; Report IO Paths Separately                                                                           ; Off                ;      ;    ;             ;
; Perform Multicorner Analysis                                                                         ; On                 ;      ;    ;             ;
; Reports the worst-case path for each clock domain and analysis                                       ; Off                ;      ;    ;             ;
; Reports worst-case timing paths for each clock domain and analysis                                   ; On                 ;      ;    ;             ;
; Specifies the maximum number of worst-case timing paths to report for each clock domain and analysis ; 100                ;      ;    ;             ;
; Removes common clock path pessimism (CCPP) during slack computation                                  ; Off                ;      ;    ;             ;
; Output I/O Timing Endpoint                                                                           ; Near End           ;      ;    ;             ;
+------------------------------------------------------------------------------------------------------+--------------------+------+----+-------------+


+------------------------------------------+
; Parallel Compilation                     ;
+----------------------------+-------------+
; Processors                 ; Number      ;
+----------------------------+-------------+
; Number detected on machine ; 2           ;
; Maximum allowed            ; 2           ;
;                            ;             ;
; Average used               ; 1.00        ;
; Maximum used               ; 1           ;
;                            ;             ;
; Usage by Processor         ; % Time Used ;
;     1 processor            ; 100.0%      ;
;     2 processors           ;   0.0%      ;
+----------------------------+-------------+


+------------------------------------------------------------------------------------------------------------------------------------+
; tpd                                                                                                                                ;
+-----------------------------------------+-----------------------------------------------------+-----------------+--------+---------+
; Slack                                   ; Required P2P Time                                   ; Actual P2P Time ; From   ; To      ;
+-----------------------------------------+-----------------------------------------------------+-----------------+--------+---------+
; N/A                                     ; None                                                ; 15.624 ns       ; SW[17] ; HEX7[6] ;
; N/A                                     ; None                                                ; 15.474 ns       ; SW[15] ; HEX7[6] ;
; N/A                                     ; None                                                ; 15.444 ns       ; SW[16] ; HEX6[3] ;
; N/A                                     ; None                                                ; 15.350 ns       ; SW[17] ; HEX7[1] ;
; N/A                                     ; None                                                ; 15.346 ns       ; SW[17] ; HEX7[0] ;
; N/A                                     ; None                                                ; 15.320 ns       ; SW[17] ; HEX7[2] ;
; N/A                                     ; None                                                ; 15.306 ns       ; SW[17] ; HEX7[3] ;
; N/A                                     ; None                                                ; 15.270 ns       ; SW[16] ; HEX7[6] ;
; N/A                                     ; None                                                ; 15.200 ns       ; SW[15] ; HEX7[1] ;
; N/A                                     ; None                                                ; 15.199 ns       ; SW[16] ; HEX6[2] ;
; N/A                                     ; None                                                ; 15.199 ns       ; SW[16] ; HEX6[1] ;
; N/A                                     ; None                                                ; 15.196 ns       ; SW[15] ; HEX7[0] ;
; N/A                                     ; None                                                ; 15.170 ns       ; SW[15] ; HEX7[2] ;
; N/A                                     ; None                                                ; 15.162 ns       ; SW[15] ; HEX6[3] ;
; N/A                                     ; None                                                ; 15.156 ns       ; SW[15] ; HEX7[3] ;
; N/A                                     ; None                                                ; 15.039 ns       ; SW[16] ; HEX4[2] ;
; N/A                                     ; None                                                ; 15.039 ns       ; SW[16] ; HEX4[1] ;
; N/A                                     ; None                                                ; 15.005 ns       ; SW[17] ; HEX7[5] ;
; N/A                                     ; None                                                ; 14.996 ns       ; SW[16] ; HEX7[1] ;
; N/A                                     ; None                                                ; 14.992 ns       ; SW[16] ; HEX7[0] ;
; N/A                                     ; None                                                ; 14.985 ns       ; SW[14] ; HEX7[6] ;
; N/A                                     ; None                                                ; 14.966 ns       ; SW[16] ; HEX7[2] ;
; N/A                                     ; None                                                ; 14.952 ns       ; SW[16] ; HEX7[3] ;
; N/A                                     ; None                                                ; 14.937 ns       ; SW[16] ; HEX4[6] ;
; N/A                                     ; None                                                ; 14.917 ns       ; SW[15] ; HEX6[2] ;
; N/A                                     ; None                                                ; 14.917 ns       ; SW[15] ; HEX6[1] ;
; N/A                                     ; None                                                ; 14.855 ns       ; SW[15] ; HEX7[5] ;
; N/A                                     ; None                                                ; 14.802 ns       ; SW[17] ; HEX4[2] ;
; N/A                                     ; None                                                ; 14.802 ns       ; SW[17] ; HEX4[1] ;
; N/A                                     ; None                                                ; 14.768 ns       ; SW[16] ; HEX4[0] ;
; N/A                                     ; None                                                ; 14.768 ns       ; SW[15] ; HEX1[6] ;
; N/A                                     ; None                                                ; 14.762 ns       ; SW[17] ; HEX6[3] ;
; N/A                                     ; None                                                ; 14.747 ns       ; SW[16] ; HEX6[6] ;
; N/A                                     ; None                                                ; 14.711 ns       ; SW[14] ; HEX7[1] ;
; N/A                                     ; None                                                ; 14.707 ns       ; SW[14] ; HEX7[0] ;
; N/A                                     ; None                                                ; 14.700 ns       ; SW[16] ; HEX1[6] ;
; N/A                                     ; None                                                ; 14.694 ns       ; SW[17] ; HEX7[4] ;
; N/A                                     ; None                                                ; 14.681 ns       ; SW[14] ; HEX7[2] ;
; N/A                                     ; None                                                ; 14.667 ns       ; SW[14] ; HEX7[3] ;
; N/A                                     ; None                                                ; 14.665 ns       ; SW[17] ; HEX4[6] ;
; N/A                                     ; None                                                ; 14.651 ns       ; SW[16] ; HEX7[5] ;
; N/A                                     ; None                                                ; 14.651 ns       ; SW[16] ; HEX6[0] ;
; N/A                                     ; None                                                ; 14.624 ns       ; SW[15] ; HEX4[2] ;
; N/A                                     ; None                                                ; 14.624 ns       ; SW[15] ; HEX4[1] ;
; N/A                                     ; None                                                ; 14.585 ns       ; SW[17] ; HEX6[6] ;
; N/A                                     ; None                                                ; 14.544 ns       ; SW[15] ; HEX7[4] ;
; N/A                                     ; None                                                ; 14.522 ns       ; SW[15] ; HEX4[6] ;
; N/A                                     ; None                                                ; 14.517 ns       ; SW[17] ; HEX6[2] ;
; N/A                                     ; None                                                ; 14.517 ns       ; SW[17] ; HEX6[1] ;
; N/A                                     ; None                                                ; 14.411 ns       ; SW[16] ; HEX5[3] ;
; N/A                                     ; None                                                ; 14.402 ns       ; SW[15] ; HEX6[6] ;
; N/A                                     ; None                                                ; 14.402 ns       ; SW[16] ; HEX5[2] ;
; N/A                                     ; None                                                ; 14.402 ns       ; SW[16] ; HEX5[1] ;
; N/A                                     ; None                                                ; 14.396 ns       ; SW[13] ; HEX4[2] ;
; N/A                                     ; None                                                ; 14.396 ns       ; SW[13] ; HEX4[1] ;
; N/A                                     ; None                                                ; 14.382 ns       ; SW[15] ; HEX1[3] ;
; N/A                                     ; None                                                ; 14.369 ns       ; SW[15] ; HEX6[0] ;
; N/A                                     ; None                                                ; 14.366 ns       ; SW[14] ; HEX7[5] ;
; N/A                                     ; None                                                ; 14.362 ns       ; SW[13] ; HEX6[3] ;
; N/A                                     ; None                                                ; 14.353 ns       ; SW[15] ; HEX4[0] ;
; N/A                                     ; None                                                ; 14.343 ns       ; SW[13] ; HEX6[6] ;
; N/A                                     ; None                                                ; 14.340 ns       ; SW[16] ; HEX7[4] ;
; N/A                                     ; None                                                ; 14.340 ns       ; SW[16] ; HEX1[3] ;
; N/A                                     ; None                                                ; 14.339 ns       ; SW[14] ; HEX4[2] ;
; N/A                                     ; None                                                ; 14.339 ns       ; SW[14] ; HEX4[1] ;
; N/A                                     ; None                                                ; 14.289 ns       ; SW[15] ; HEX5[3] ;
; N/A                                     ; None                                                ; 14.280 ns       ; SW[15] ; HEX5[2] ;
; N/A                                     ; None                                                ; 14.280 ns       ; SW[15] ; HEX5[1] ;
; N/A                                     ; None                                                ; 14.265 ns       ; SW[15] ; HEX1[1] ;
; N/A                                     ; None                                                ; 14.259 ns       ; SW[13] ; HEX4[6] ;
; N/A                                     ; None                                                ; 14.244 ns       ; SW[13] ; HEX7[6] ;
; N/A                                     ; None                                                ; 14.242 ns       ; SW[16] ; HEX4[5] ;
; N/A                                     ; None                                                ; 14.242 ns       ; SW[16] ; HEX4[4] ;
; N/A                                     ; None                                                ; 14.237 ns       ; SW[14] ; HEX4[6] ;
; N/A                                     ; None                                                ; 14.197 ns       ; SW[16] ; HEX1[1] ;
; N/A                                     ; None                                                ; 14.142 ns       ; SW[17] ; HEX1[6] ;
; N/A                                     ; None                                                ; 14.118 ns       ; SW[13] ; HEX6[2] ;
; N/A                                     ; None                                                ; 14.118 ns       ; SW[13] ; HEX6[1] ;
; N/A                                     ; None                                                ; 14.068 ns       ; SW[14] ; HEX4[0] ;
; N/A                                     ; None                                                ; 14.055 ns       ; SW[14] ; HEX7[4] ;
; N/A                                     ; None                                                ; 14.044 ns       ; SW[16] ; HEX4[3] ;
; N/A                                     ; None                                                ; 13.999 ns       ; SW[16] ; HEX5[6] ;
; N/A                                     ; None                                                ; 13.997 ns       ; SW[13] ; HEX7[1] ;
; N/A                                     ; None                                                ; 13.969 ns       ; SW[17] ; HEX6[0] ;
; N/A                                     ; None                                                ; 13.967 ns       ; SW[13] ; HEX7[2] ;
; N/A                                     ; None                                                ; 13.963 ns       ; SW[13] ; HEX7[3] ;
; N/A                                     ; None                                                ; 13.899 ns       ; SW[14] ; HEX6[3] ;
; N/A                                     ; None                                                ; 13.882 ns       ; SW[16] ; HEX1[0] ;
; N/A                                     ; None                                                ; 13.879 ns       ; SW[14] ; HEX6[6] ;
; N/A                                     ; None                                                ; 13.867 ns       ; SW[17] ; HEX4[0] ;
; N/A                                     ; None                                                ; 13.856 ns       ; SW[16] ; HEX3[3] ;
; N/A                                     ; None                                                ; 13.848 ns       ; SW[15] ; HEX5[6] ;
; N/A                                     ; None                                                ; 13.835 ns       ; SW[17] ; HEX5[2] ;
; N/A                                     ; None                                                ; 13.835 ns       ; SW[17] ; HEX5[1] ;
; N/A                                     ; None                                                ; 13.827 ns       ; SW[15] ; HEX4[5] ;
; N/A                                     ; None                                                ; 13.827 ns       ; SW[15] ; HEX4[4] ;
; N/A                                     ; None                                                ; 13.826 ns       ; SW[16] ; HEX3[0] ;
; N/A                                     ; None                                                ; 13.822 ns       ; SW[17] ; HEX5[3] ;
; N/A                                     ; None                                                ; 13.822 ns       ; SW[14] ; HEX1[6] ;
; N/A                                     ; None                                                ; 13.820 ns       ; SW[17] ; HEX3[4] ;
; N/A                                     ; None                                                ; 13.820 ns       ; SW[15] ; HEX2[3] ;
; N/A                                     ; None                                                ; 13.805 ns       ; SW[16] ; HEX2[3] ;
; N/A                                     ; None                                                ; 13.798 ns       ; SW[17] ; HEX4[3] ;
; N/A                                     ; None                                                ; 13.797 ns       ; SW[15] ; HEX2[2] ;
; N/A                                     ; None                                                ; 13.782 ns       ; SW[16] ; HEX2[2] ;
; N/A                                     ; None                                                ; 13.773 ns       ; SW[17] ; HEX3[5] ;
; N/A                                     ; None                                                ; 13.757 ns       ; SW[15] ; HEX2[1] ;
; N/A                                     ; None                                                ; 13.756 ns       ; SW[17] ; HEX1[3] ;
; N/A                                     ; None                                                ; 13.754 ns       ; SW[15] ; HEX2[6] ;
; N/A                                     ; None                                                ; 13.754 ns       ; SW[16] ; HEX2[0] ;
; N/A                                     ; None                                                ; 13.742 ns       ; SW[16] ; HEX2[1] ;
; N/A                                     ; None                                                ; 13.739 ns       ; SW[16] ; HEX2[6] ;
; N/A                                     ; None                                                ; 13.732 ns       ; SW[16] ; HEX6[4] ;
; N/A                                     ; None                                                ; 13.728 ns       ; SW[17] ; HEX2[3] ;
; N/A                                     ; None                                                ; 13.724 ns       ; SW[15] ; HEX3[3] ;
; N/A                                     ; None                                                ; 13.712 ns       ; SW[16] ; HEX6[5] ;
; N/A                                     ; None                                                ; 13.710 ns       ; SW[17] ; HEX2[2] ;
; N/A                                     ; None                                                ; 13.694 ns       ; SW[15] ; HEX3[0] ;
; N/A                                     ; None                                                ; 13.685 ns       ; SW[16] ; HEX5[0] ;
; N/A                                     ; None                                                ; 13.670 ns       ; SW[17] ; HEX2[1] ;
; N/A                                     ; None                                                ; 13.665 ns       ; SW[17] ; HEX2[6] ;
; N/A                                     ; None                                                ; 13.655 ns       ; SW[14] ; HEX6[2] ;
; N/A                                     ; None                                                ; 13.655 ns       ; SW[14] ; HEX6[1] ;
; N/A                                     ; None                                                ; 13.650 ns       ; SW[15] ; HEX1[2] ;
; N/A                                     ; None                                                ; 13.639 ns       ; SW[17] ; HEX1[1] ;
; N/A                                     ; None                                                ; 13.629 ns       ; SW[15] ; HEX4[3] ;
; N/A                                     ; None                                                ; 13.582 ns       ; SW[16] ; HEX1[2] ;
; N/A                                     ; None                                                ; 13.569 ns       ; SW[17] ; HEX3[3] ;
; N/A                                     ; None                                                ; 13.552 ns       ; SW[16] ; HEX1[4] ;
; N/A                                     ; None                                                ; 13.542 ns       ; SW[14] ; HEX4[5] ;
; N/A                                     ; None                                                ; 13.542 ns       ; SW[14] ; HEX4[4] ;
; N/A                                     ; None                                                ; 13.535 ns       ; SW[14] ; HEX5[3] ;
; N/A                                     ; None                                                ; 13.535 ns       ; SW[15] ; HEX1[0] ;
; N/A                                     ; None                                                ; 13.526 ns       ; SW[14] ; HEX5[2] ;
; N/A                                     ; None                                                ; 13.526 ns       ; SW[14] ; HEX5[1] ;
; N/A                                     ; None                                                ; 13.514 ns       ; SW[17] ; HEX3[0] ;
; N/A                                     ; None                                                ; 13.509 ns       ; SW[16] ; HEX5[5] ;
; N/A                                     ; None                                                ; 13.509 ns       ; SW[16] ; HEX5[4] ;
; N/A                                     ; None                                                ; 13.498 ns       ; SW[13] ; HEX1[6] ;
; N/A                                     ; None                                                ; 13.496 ns       ; SW[15] ; HEX3[4] ;
; N/A                                     ; None                                                ; 13.483 ns       ; SW[15] ; HEX2[0] ;
; N/A                                     ; None                                                ; 13.462 ns       ; SW[14] ; HEX1[3] ;
; N/A                                     ; None                                                ; 13.449 ns       ; SW[15] ; HEX3[5] ;
; N/A                                     ; None                                                ; 13.443 ns       ; SW[13] ; HEX2[3] ;
; N/A                                     ; None                                                ; 13.433 ns       ; SW[17] ; HEX5[6] ;
; N/A                                     ; None                                                ; 13.425 ns       ; SW[13] ; HEX2[2] ;
; N/A                                     ; None                                                ; 13.409 ns       ; SW[14] ; HEX6[0] ;
; N/A                                     ; None                                                ; 13.392 ns       ; SW[13] ; HEX4[3] ;
; N/A                                     ; None                                                ; 13.385 ns       ; SW[13] ; HEX2[1] ;
; N/A                                     ; None                                                ; 13.380 ns       ; SW[13] ; HEX2[6] ;
; N/A                                     ; None                                                ; 13.344 ns       ; SW[14] ; HEX4[3] ;
; N/A                                     ; None                                                ; 13.342 ns       ; SW[15] ; HEX5[0] ;
; N/A                                     ; None                                                ; 13.341 ns       ; SW[17] ; HEX4[5] ;
; N/A                                     ; None                                                ; 13.341 ns       ; SW[17] ; HEX4[4] ;
; N/A                                     ; None                                                ; 13.319 ns       ; SW[14] ; HEX1[1] ;
; N/A                                     ; None                                                ; 13.309 ns       ; SW[15] ; HEX6[4] ;
; N/A                                     ; None                                                ; 13.292 ns       ; SW[16] ; HEX3[4] ;
; N/A                                     ; None                                                ; 13.289 ns       ; SW[15] ; HEX6[5] ;
; N/A                                     ; None                                                ; 13.245 ns       ; SW[16] ; HEX3[5] ;
; N/A                                     ; None                                                ; 13.205 ns       ; SW[15] ; HEX1[4] ;
; N/A                                     ; None                                                ; 13.186 ns       ; SW[14] ; HEX3[4] ;
; N/A                                     ; None                                                ; 13.185 ns       ; SW[16] ; HEX0[0] ;
; N/A                                     ; None                                                ; 13.166 ns       ; SW[15] ; HEX5[5] ;
; N/A                                     ; None                                                ; 13.166 ns       ; SW[15] ; HEX5[4] ;
; N/A                                     ; None                                                ; 13.147 ns       ; SW[17] ; HEX1[0] ;
; N/A                                     ; None                                                ; 13.139 ns       ; SW[14] ; HEX3[5] ;
; N/A                                     ; None                                                ; 13.123 ns       ; SW[14] ; HEX5[6] ;
; N/A                                     ; None                                                ; 13.118 ns       ; SW[16] ; HEX1[5] ;
; N/A                                     ; None                                                ; 13.112 ns       ; SW[13] ; HEX1[3] ;
; N/A                                     ; None                                                ; 13.110 ns       ; SW[17] ; HEX3[6] ;
; N/A                                     ; None                                                ; 13.064 ns       ; SW[17] ; HEX2[0] ;
; N/A                                     ; None                                                ; 13.024 ns       ; SW[17] ; HEX1[2] ;
; N/A                                     ; None                                                ; 13.012 ns       ; SW[13] ; HEX5[3] ;
; N/A                                     ; None                                                ; 13.004 ns       ; SW[14] ; HEX1[0] ;
; N/A                                     ; None                                                ; 13.003 ns       ; SW[13] ; HEX5[2] ;
; N/A                                     ; None                                                ; 13.003 ns       ; SW[13] ; HEX5[1] ;
; N/A                                     ; None                                                ; 12.995 ns       ; SW[13] ; HEX1[1] ;
; N/A                                     ; None                                                ; 12.976 ns       ; SW[16] ; HEX3[2] ;
; N/A                                     ; None                                                ; 12.976 ns       ; SW[16] ; HEX3[1] ;
; N/A                                     ; None                                                ; 12.968 ns       ; SW[13] ; HEX3[3] ;
; N/A                                     ; None                                                ; 12.935 ns       ; SW[14] ; HEX3[3] ;
; N/A                                     ; None                                                ; 12.930 ns       ; SW[16] ; HEX0[3] ;
; N/A                                     ; None                                                ; 12.924 ns       ; SW[16] ; HEX0[2] ;
; N/A                                     ; None                                                ; 12.916 ns       ; SW[17] ; HEX5[0] ;
; N/A                                     ; None                                                ; 12.914 ns       ; SW[16] ; HEX0[1] ;
; N/A                                     ; None                                                ; 12.908 ns       ; SW[17] ; HEX0[3] ;
; N/A                                     ; None                                                ; 12.902 ns       ; SW[16] ; HEX0[6] ;
; N/A                                     ; None                                                ; 12.900 ns       ; SW[17] ; HEX0[2] ;
; N/A                                     ; None                                                ; 12.890 ns       ; SW[17] ; HEX0[1] ;
; N/A                                     ; None                                                ; 12.880 ns       ; SW[14] ; HEX3[0] ;
; N/A                                     ; None                                                ; 12.864 ns       ; SW[14] ; HEX6[4] ;
; N/A                                     ; None                                                ; 12.848 ns       ; SW[17] ; HEX0[6] ;
; N/A                                     ; None                                                ; 12.844 ns       ; SW[14] ; HEX6[5] ;
; N/A                                     ; None                                                ; 12.844 ns       ; SW[15] ; HEX3[2] ;
; N/A                                     ; None                                                ; 12.844 ns       ; SW[15] ; HEX3[1] ;
; N/A                                     ; None                                                ; 12.826 ns       ; SW[15] ; HEX0[0] ;
; N/A                                     ; None                                                ; 12.809 ns       ; SW[14] ; HEX5[0] ;
; N/A                                     ; None                                                ; 12.786 ns       ; SW[15] ; HEX3[6] ;
; N/A                                     ; None                                                ; 12.771 ns       ; SW[15] ; HEX1[5] ;
; N/A                                     ; None                                                ; 12.755 ns       ; SW[14] ; HEX2[0] ;
; Timing analysis restricted to 200 rows. ; To change the limit use Settings (Assignments menu) ;                 ;        ;         ;
+-----------------------------------------+-----------------------------------------------------+-----------------+--------+---------+


+--------------------------+
; Timing Analyzer Messages ;
+--------------------------+
Info: *******************************************************************
Info: Running Quartus II Classic Timing Analyzer
    Info: Version 9.1 Build 222 10/21/2009 SJ Full Version
    Info: Processing started: Thu Jan 27 13:32:16 2011
Info: Command: quartus_tan --read_settings_files=off --write_settings_files=off part6 -c part6 --timing_analysis_only
Info: Parallel compilation is enabled and will use 2 of the 2 processors detected
Info: Longest tpd from source pin "SW[17]" to destination pin "HEX7[6]" is 15.624 ns
    Info: 1: + IC(0.000 ns) + CELL(0.852 ns) = 0.852 ns; Loc. = PIN_V2; Fanout = 41; PIN Node = 'SW[17]'
    Info: 2: + IC(6.464 ns) + CELL(0.275 ns) = 7.591 ns; Loc. = LCCOMB_X35_Y8_N24; Fanout = 1; COMB Node = 'mux_3bit_5to1:M_3_5|Mux0~4'
    Info: 3: + IC(0.247 ns) + CELL(0.245 ns) = 8.083 ns; Loc. = LCCOMB_X35_Y8_N18; Fanout = 6; COMB Node = 'mux_3bit_5to1:M_3_5|Mux0~5'
    Info: 4: + IC(3.998 ns) + CELL(0.149 ns) = 12.230 ns; Loc. = LCCOMB_X1_Y24_N6; Fanout = 1; COMB Node = 'char_7seg:H7|Mux0~0'
    Info: 5: + IC(0.742 ns) + CELL(2.652 ns) = 15.624 ns; Loc. = PIN_N9; Fanout = 0; PIN Node = 'HEX7[6]'
    Info: Total cell delay = 4.173 ns ( 26.71 % )
    Info: Total interconnect delay = 11.451 ns ( 73.29 % )
Info: Quartus II Classic Timing Analyzer was successful. 0 errors, 0 warnings
    Info: Peak virtual memory: 136 megabytes
    Info: Processing ended: Thu Jan 27 13:32:16 2011
    Info: Elapsed time: 00:00:00
    Info: Total CPU time (on all processors): 00:00:00


