Flow report for QP_Lab5
Wed Oct 31 10:49:16 2012
Quartus II Version 9.1 Build 350 03/24/2010 Service Pack 2 SJ Full Version


---------------------
; Table of Contents ;
---------------------
  1. Legal Notice
  2. Flow Summary
  3. Flow Settings
  4. Flow Non-Default Global Settings
  5. Flow Elapsed Time
  6. Flow OS Summary
  7. Flow Log



----------------
; Legal Notice ;
----------------
Copyright (C) 1991-2010 Altera Corporation
Your use of Altera Corporation's design tools, logic functions 
and other software and tools, and its AMPP partner logic 
functions, and any output files from any of the foregoing 
(including device programming or simulation files), and any 
associated documentation or information are expressly subject 
to the terms and conditions of the Altera Program License 
Subscription Agreement, Altera MegaCore Function License 
Agreement, or other applicable license agreement, including, 
without limitation, that your use is for the sole purpose of 
programming logic devices manufactured by Altera and sold by 
Altera or its authorized distributors.  Please refer to the 
applicable agreement for further details.



+------------------------------------------------------------------------------------+
; Flow Summary                                                                       ;
+------------------------------------+-----------------------------------------------+
; Flow Status                        ; Successful - Wed Oct 31 10:49:15 2012         ;
; Quartus II Version                 ; 9.1 Build 350 03/24/2010 SP 2 SJ Full Version ;
; Revision Name                      ; QP_Lab5                                       ;
; Top-level Entity Name              ; QP_Lab5                                       ;
; Family                             ; Cyclone II                                    ;
; Device                             ; EP2C35F672C6                                  ;
; Timing Models                      ; Final                                         ;
; Met timing requirements            ; Yes                                           ;
; Total logic elements               ; 2,146 / 33,216 ( 6 % )                        ;
;     Total combinational functions  ; 2,008 / 33,216 ( 6 % )                        ;
;     Dedicated logic registers      ; 1,264 / 33,216 ( 4 % )                        ;
; Total registers                    ; 1264                                          ;
; Total pins                         ; 65 / 475 ( 14 % )                             ;
; Total virtual pins                 ; 0                                             ;
; Total memory bits                  ; 306,816 / 483,840 ( 63 % )                    ;
; Embedded Multiplier 9-bit elements ; 4 / 70 ( 6 % )                                ;
; Total PLLs                         ; 0 / 4 ( 0 % )                                 ;
+------------------------------------+-----------------------------------------------+


+-----------------------------------------+
; Flow Settings                           ;
+-------------------+---------------------+
; Option            ; Setting             ;
+-------------------+---------------------+
; Start date & time ; 10/31/2012 10:48:11 ;
; Main task         ; Compilation         ;
; Revision Name     ; QP_Lab5             ;
+-------------------+---------------------+


+-------------------------------------------------------------------------------------------------------------------+
; Flow Non-Default Global Settings                                                                                  ;
+------------------------------------+-------------------------------+---------------+-------------+----------------+
; Assignment Name                    ; Value                         ; Default Value ; Entity Name ; Section Id     ;
+------------------------------------+-------------------------------+---------------+-------------+----------------+
; COMPILER_SIGNATURE_ID              ; 167739802526.135169488900380  ; --            ; --          ; --             ;
; MAX_CORE_JUNCTION_TEMP             ; 85                            ; --            ; --          ; --             ;
; MIN_CORE_JUNCTION_TEMP             ; 0                             ; --            ; --          ; --             ;
; MISC_FILE                          ; H:/QuartusII/Lab6/QP_Lab5.dpf ; --            ; --          ; --             ;
; PARTITION_COLOR                    ; 16764057                      ; --            ; --          ; Top            ;
; PARTITION_NETLIST_TYPE             ; SOURCE                        ; --            ; --          ; Top            ;
; SOPC_BUILDER_SIGNATURE_ID          ; 00270E12439E0000013A6F039B10  ; --            ; --          ; --             ;
; USE_GENERATED_PHYSICAL_CONSTRAINTS ; Off                           ; --            ; --          ; eda_blast_fpga ;
+------------------------------------+-------------------------------+---------------+-------------+----------------+


+-----------------------------------------------------------------------------------------------------------------------------+
; Flow Elapsed Time                                                                                                           ;
+-------------------------+--------------+-------------------------+---------------------+------------------------------------+
; Module Name             ; Elapsed Time ; Average Processors Used ; Peak Virtual Memory ; Total CPU Time (on all processors) ;
+-------------------------+--------------+-------------------------+---------------------+------------------------------------+
; Analysis & Synthesis    ; 00:00:26     ; 1.0                     ; 283 MB              ; 00:00:17                           ;
; Fitter                  ; 00:00:22     ; 1.2                     ; 305 MB              ; 00:00:22                           ;
; Assembler               ; 00:00:05     ; 1.0                     ; 267 MB              ; 00:00:03                           ;
; Classic Timing Analyzer ; 00:00:02     ; 1.0                     ; 189 MB              ; 00:00:01                           ;
; Total                   ; 00:00:55     ; --                      ; --                  ; 00:00:43                           ;
+-------------------------+--------------+-------------------------+---------------------+------------------------------------+


+------------------------------------------------------------------------------------------+
; Flow OS Summary                                                                          ;
+-------------------------+------------------+---------------+------------+----------------+
; Module Name             ; Machine Hostname ; OS Name       ; OS Version ; Processor type ;
+-------------------------+------------------+---------------+------------+----------------+
; Analysis & Synthesis    ; C07-0827-06      ; Windows Vista ; 6.1        ; x86_64         ;
; Fitter                  ; C07-0827-06      ; Windows Vista ; 6.1        ; x86_64         ;
; Assembler               ; C07-0827-06      ; Windows Vista ; 6.1        ; x86_64         ;
; Classic Timing Analyzer ; C07-0827-06      ; Windows Vista ; 6.1        ; x86_64         ;
+-------------------------+------------------+---------------+------------+----------------+


------------
; Flow Log ;
------------
quartus_map --read_settings_files=on --write_settings_files=off QP_Lab5 -c QP_Lab5
quartus_fit --read_settings_files=off --write_settings_files=off QP_Lab5 -c QP_Lab5
quartus_asm --read_settings_files=off --write_settings_files=off QP_Lab5 -c QP_Lab5
quartus_tan --read_settings_files=off --write_settings_files=off QP_Lab5 -c QP_Lab5 --timing_analysis_only



