This is pdfTeXk, Version 3.141592-1.40.3 (Web2C 7.5.6) (format=latex 2010.1.26)  2 OCT 2012 11:33
entering extended mode
 %&-line parsing enabled.
**calc.y
(./calc.y
LaTeX2e <2005/12/01>
Babel <v3.8h> and hyphenation patterns for english, usenglishmax, dumylang, noh
yphenation, arabic, basque, bulgarian, coptic, welsh, czech, slovak, german, ng
erman, danish, esperanto, spanish, catalan, galician, estonian, farsi, finnish,
 french, greek, monogreek, ancientgreek, croatian, hungarian, interlingua, ibyc
us, indonesian, icelandic, italian, latin, mongolian, dutch, norsk, polish, por
tuguese, pinyin, romanian, russian, slovenian, uppersorbian, serbian, swedish, 
turkish, ukenglish, ukrainian, loaded.

! LaTeX Error: Missing \begin{document}.

See the LaTeX manual or LaTeX Companion for explanation.
Type  H <return>  for immediate help.
 ...                                              
                                                  
l.13 C
      alc : Calc O_SEMICOLON Expr
? q
OK, entering \batchmode...
Missing character: There is no C in font nullfont!
Missing character: There is no a in font nullfont!
Missing character: There is no l in font nullfont!
Missing character: There is no c in font nullfont!
Missing character: There is no : in font nullfont!
Missing character: There is no C in font nullfont!
Missing character: There is no a in font nullfont!
Missing character: There is no l in font nullfont!
Missing character: There is no c in font nullfont!
Missing character: There is no O in font nullfont!
! Missing $ inserted.
<inserted text> 
                $
l.13 Calc : Calc O_
                   SEMICOLON Expr
I've inserted a begin-math/end-math symbol since I think
you left one out. Proceed, with fingers crossed.

LaTeX Font Info:    External font `cmex10' loaded for size
(Font)              <7> on input line 13.
LaTeX Font Info:    External font `cmex10' loaded for size
(Font)              <5> on input line 13.
! Missing $ inserted.
<inserted text> 
                $
l.18 
     
I've inserted a begin-math/end-math symbol since I think
you left one out. Proceed, with fingers crossed.

! Missing } inserted.
<inserted text> 
                }
l.18 
     
I've inserted something that you may have forgotten.
(See the <inserted text> above.)
With luck, this will get me unwedged. But if you
really didn't forget anything, try typing `2' now; then
my insertion and my current dilemma will both disappear.

! Missing } inserted.
<inserted text> 
                }
l.18 
     
I've inserted something that you may have forgotten.
(See the <inserted text> above.)
With luck, this will get me unwedged. But if you
really didn't forget anything, try typing `2' now; then
my insertion and my current dilemma will both disappear.


Overfull \hbox (20.0pt too wide) in paragraph at lines 13--18
[]
 []


Overfull \hbox (197.35246pt too wide) in paragraph at lines 13--18
[]\OML/cmm/m/it/10 EMICOLONExpr[]$ 
 []


! LaTeX Error: Missing \begin{document}.

See the LaTeX manual or LaTeX Companion for explanation.
Type  H <return>  for immediate help.
 ...                                              
                                                  
l.19 E
      xpr : Expr O_PLUS Term
You're in trouble here.  Try typing  <return>  to proceed.
If that doesn't work, type  X <return>  to quit.

Missing character: There is no E in font nullfont!
Missing character: There is no x in font nullfont!
Missing character: There is no p in font nullfont!
Missing character: There is no r in font nullfont!
Missing character: There is no : in font nullfont!
Missing character: There is no E in font nullfont!
Missing character: There is no x in font nullfont!
Missing character: There is no p in font nullfont!
Missing character: There is no r in font nullfont!
Missing character: There is no O in font nullfont!
! Missing $ inserted.
<inserted text> 
                $
l.19 Expr : Expr O_
                   PLUS Term
I've inserted a begin-math/end-math symbol since I think
you left one out. Proceed, with fingers crossed.

! Missing } inserted.
<inserted text> 
                }
l.20         {$
               $ = $1+$3;}
I've inserted something that you may have forgotten.
(See the <inserted text> above.)
With luck, this will get me unwedged. But if you
really didn't forget anything, try typing `2' now; then
my insertion and my current dilemma will both disappear.

Missing character: There is no 1 in font nullfont!
Missing character: There is no + in font nullfont!
! Extra }, or forgotten $.
l.20         {$$ = $1+$3;}
                          
I've deleted a group-closing symbol because it seems to be
spurious, as in `$x}$'. But perhaps the } is legitimate and
you forgot something else, as in `\hbox{$x}'. In such cases
the way to recover is to insert both the forgotten and the
deleted material, e.g., by typing `I$}'.

! Missing } inserted.
<inserted text> 
                }
l.22         {$
               $ = $1-$3;}
I've inserted something that you may have forgotten.
(See the <inserted text> above.)
With luck, this will get me unwedged. But if you
really didn't forget anything, try typing `2' now; then
my insertion and my current dilemma will both disappear.

Missing character: There is no 1 in font nullfont!
Missing character: There is no - in font nullfont!
! Extra }, or forgotten $.
l.22         {$$ = $1-$3;}
                          
I've deleted a group-closing symbol because it seems to be
spurious, as in `$x}$'. But perhaps the } is legitimate and
you forgot something else, as in `\hbox{$x}'. In such cases
the way to recover is to insert both the forgotten and the
deleted material, e.g., by typing `I$}'.

! Missing } inserted.
<inserted text> 
                }
l.24        {$
              $ = $1;}
I've inserted something that you may have forgotten.
(See the <inserted text> above.)
With luck, this will get me unwedged. But if you
really didn't forget anything, try typing `2' now; then
my insertion and my current dilemma will both disappear.

Missing character: There is no 1 in font nullfont!
Missing character: There is no ; in font nullfont!
! Too many }'s.
l.24        {$$ = $1;}
                      
You've closed more groups than you opened.
Such booboos are generally harmless, so keep going.

Missing character: There is no ; in font nullfont!

Overfull \hbox (20.0pt too wide) in paragraph at lines 19--26
[]
 []


Overfull \hbox (214.47462pt too wide) in paragraph at lines 19--26
[]\OML/cmm/m/it/10 LUSTerm[]$$\OT1/cmr/m/n/10 =$$3; \OMS/cmsy/m/n/10 j\OML/cmm/
m/it/10 ExprO[]INUTerm[]$$\OT1/cmr/m/n/10 =$$3; \OMS/cmsy/m/n/10 j\OML/cmm/m/it
/10 Term[]$$\OT1/cmr/m/n/10 =$
 []


! LaTeX Error: Missing \begin{document}.

See the LaTeX manual or LaTeX Companion for explanation.
Type  H <return>  for immediate help.
 ...                                              
                                                  
l.27 T
      erm : Term O_MUL Factor
You're in trouble here.  Try typing  <return>  to proceed.
If that doesn't work, type  X <return>  to quit.

Missing character: There is no T in font nullfont!
Missing character: There is no e in font nullfont!
Missing character: There is no r in font nullfont!
Missing character: There is no m in font nullfont!
Missing character: There is no : in font nullfont!
Missing character: There is no T in font nullfont!
Missing character: There is no e in font nullfont!
Missing character: There is no r in font nullfont!
Missing character: There is no m in font nullfont!
Missing character: There is no O in font nullfont!
! Missing $ inserted.
<inserted text> 
                $
l.27 Term : Term O_
                   MUL Factor
I've inserted a begin-math/end-math symbol since I think
you left one out. Proceed, with fingers crossed.

! Missing } inserted.
<inserted text> 
                }
l.28         {$
               $ = $1*$3;}
I've inserted something that you may have forgotten.
(See the <inserted text> above.)
With luck, this will get me unwedged. But if you
really didn't forget anything, try typing `2' now; then
my insertion and my current dilemma will both disappear.

Missing character: There is no 1 in font nullfont!
Missing character: There is no * in font nullfont!
! Extra }, or forgotten $.
l.28         {$$ = $1*$3;}
                          
I've deleted a group-closing symbol because it seems to be
spurious, as in `$x}$'. But perhaps the } is legitimate and
you forgot something else, as in `\hbox{$x}'. In such cases
the way to recover is to insert both the forgotten and the
deleted material, e.g., by typing `I$}'.

! Missing } inserted.
<inserted text> 
                }
l.30         {$
               $ = $1/$3;}
I've inserted something that you may have forgotten.
(See the <inserted text> above.)
With luck, this will get me unwedged. But if you
really didn't forget anything, try typing `2' now; then
my insertion and my current dilemma will both disappear.

Missing character: There is no 1 in font nullfont!
Missing character: There is no / in font nullfont!
! Extra }, or forgotten $.
l.30         {$$ = $1/$3;}
                          
I've deleted a group-closing symbol because it seems to be
spurious, as in `$x}$'. But perhaps the } is legitimate and
you forgot something else, as in `\hbox{$x}'. In such cases
the way to recover is to insert both the forgotten and the
deleted material, e.g., by typing `I$}'.

! Missing } inserted.
<inserted text> 
                }
l.32        {$
              $ = $1;}
I've inserted something that you may have forgotten.
(See the <inserted text> above.)
With luck, this will get me unwedged. But if you
really didn't forget anything, try typing `2' now; then
my insertion and my current dilemma will both disappear.

Missing character: There is no 1 in font nullfont!
Missing character: There is no ; in font nullfont!
! Too many }'s.
l.32        {$$ = $1;}
                      
You've closed more groups than you opened.
Such booboos are generally harmless, so keep going.

Missing character: There is no ; in font nullfont!

Overfull \hbox (20.0pt too wide) in paragraph at lines 27--34
[]
 []


Overfull \hbox (216.99574pt too wide) in paragraph at lines 27--34
[]\OML/cmm/m/it/10 ULFactor[]$$\OT1/cmr/m/n/10 =$$3; \OMS/cmsy/m/n/10 j\OML/cmm
/m/it/10 TermO[]IVFactor[]$$\OT1/cmr/m/n/10 =$$3; \OMS/cmsy/m/n/10 j\OML/cmm/m/
it/10 Factor[]$$\OT1/cmr/m/n/10 =$
 []


! LaTeX Error: Missing \begin{document}.

See the LaTeX manual or LaTeX Companion for explanation.
Type  H <return>  for immediate help.
 ...                                              
                                                  
l.35 F
      actor : O_INT
You're in trouble here.  Try typing  <return>  to proceed.
If that doesn't work, type  X <return>  to quit.

Missing character: There is no F in font nullfont!
Missing character: There is no a in font nullfont!
Missing character: There is no c in font nullfont!
Missing character: There is no t in font nullfont!
Missing character: There is no o in font nullfont!
Missing character: There is no r in font nullfont!
Missing character: There is no : in font nullfont!
Missing character: There is no O in font nullfont!
! Missing $ inserted.
<inserted text> 
                $
l.35 Factor : O_
                INT
I've inserted a begin-math/end-math symbol since I think
you left one out. Proceed, with fingers crossed.

! Missing } inserted.
<inserted text> 
                }
l.36          { $
                 $ = $1;}
I've inserted something that you may have forgotten.
(See the <inserted text> above.)
With luck, this will get me unwedged. But if you
really didn't forget anything, try typing `2' now; then
my insertion and my current dilemma will both disappear.

Missing character: There is no 1 in font nullfont!
Missing character: There is no ; in font nullfont!
! Too many }'s.
l.36          { $$ = $1;}
                         
You've closed more groups than you opened.
Such booboos are generally harmless, so keep going.

Missing character: There is no | in font nullfont!
Missing character: There is no O in font nullfont!
! Missing $ inserted.
<inserted text> 
                $
l.37        | O_
                LPAREN Expr O_RPAREN
I've inserted a begin-math/end-math symbol since I think
you left one out. Proceed, with fingers crossed.

! Missing } inserted.
<inserted text> 
                }
l.38          {$
                $ = $2;}
I've inserted something that you may have forgotten.
(See the <inserted text> above.)
With luck, this will get me unwedged. But if you
really didn't forget anything, try typing `2' now; then
my insertion and my current dilemma will both disappear.

Missing character: There is no 2 in font nullfont!
Missing character: There is no ; in font nullfont!
! Too many }'s.
l.38          {$$ = $2;}
                        
You've closed more groups than you opened.
Such booboos are generally harmless, so keep going.


Overfull \hbox (20.0pt too wide) in paragraph at lines 35--40
[]
 []


Overfull \hbox (28.72363pt too wide) in paragraph at lines 35--40
[]\OML/cmm/m/it/10 NT[]$$\OT1/cmr/m/n/10 =$
 []


Overfull \hbox (131.57097pt too wide) in paragraph at lines 35--40
[]\OML/cmm/m/it/10 PARENExprO[]PAREN[]$$\OT1/cmr/m/n/10 =$ 
 []


! LaTeX Error: Missing \begin{document}.

See the LaTeX manual or LaTeX Companion for explanation.
Type  H <return>  for immediate help.
 ...                                              
                                                  
l.41 i
      nt main()
You're in trouble here.  Try typing  <return>  to proceed.
If that doesn't work, type  X <return>  to quit.

Missing character: There is no i in font nullfont!
Missing character: There is no n in font nullfont!
Missing character: There is no t in font nullfont!
Missing character: There is no m in font nullfont!
Missing character: There is no a in font nullfont!
Missing character: There is no i in font nullfont!
Missing character: There is no n in font nullfont!
Missing character: There is no ( in font nullfont!
Missing character: There is no ) in font nullfont!
Missing character: There is no r in font nullfont!
Missing character: There is no e in font nullfont!
Missing character: There is no t in font nullfont!
Missing character: There is no u in font nullfont!
Missing character: There is no r in font nullfont!
Missing character: There is no n in font nullfont!
Missing character: There is no y in font nullfont!
Missing character: There is no y in font nullfont!
Missing character: There is no p in font nullfont!
Missing character: There is no a in font nullfont!
Missing character: There is no r in font nullfont!
Missing character: There is no s in font nullfont!
Missing character: There is no e in font nullfont!
Missing character: There is no ( in font nullfont!
Missing character: There is no ) in font nullfont!
Missing character: There is no ; in font nullfont!
)
! Emergency stop.
<*> calc.y
          
*** (job aborted, no legal \end found)

 
Here is how much of TeX's memory you used:
 8 strings out of 256217
 153 string characters out of 1917002
 48804 words of memory out of 1500000
 3392 multiletter control sequences out of 10000+200000
 3640 words of font info for 14 fonts, out of 1200000 for 2000
 645 hyphenation exceptions out of 8191
 18i,3n,12p,53b,56s stack positions out of 5000i,500n,6000p,200000b,15000s
No pages of output.
